::1 - - [01/Aug/2021:07:36:36 +0000] "GET /dashlogs HTTP/1.1" 200 58201 "-" "Mozilla/5.0 (Windows NT 10.0; Win64; x64) AppleWebKit/537.36 (KHTML, like Gecko) Chrome/92.0.4515.107 Safari/537.36"
::1 - - [01/Aug/2021:07:36:36 +0000] "GET /vendors/bootstrap/dist/css/bootstrap.css HTTP/1.1" 200 197172 "https://localhost/dashlogs" "Mozilla/5.0 (Windows NT 10.0; Win64; x64) AppleWebKit/537.36 (KHTML, like Gecko) Chrome/92.0.4515.107 Safari/537.36"
::1 - - [01/Aug/2021:07:36:36 +0000] "GET /vendors/jqvmap/dist/jqvmap.min.css HTTP/1.1" 200 613 "https://localhost/dashlogs" "Mozilla/5.0 (Windows NT 10.0; Win64; x64) AppleWebKit/537.36 (KHTML, like Gecko) Chrome/92.0.4515.107 Safari/537.36"
::1 - - [01/Aug/2021:07:36:36 +0000] "GET /vendors/bootstrap/dist/css/select2.css HTTP/1.1" 200 17358 "https://localhost/dashlogs" "Mozilla/5.0 (Windows NT 10.0; Win64; x64) AppleWebKit/537.36 (KHTML, like Gecko) Chrome/92.0.4515.107 Safari/537.36"
::1 - - [01/Aug/2021:07:36:36 +0000] "GET /vendors/bootstrap/dist/css/font.css HTTP/1.1" 200 4547 "https://localhost/dashlogs" "Mozilla/5.0 (Windows NT 10.0; Win64; x64) AppleWebKit/537.36 (KHTML, like Gecko) Chrome/92.0.4515.107 Safari/537.36"
::1 - - [01/Aug/2021:07:36:36 +0000] "GET /vendors/chosen/chosen.min.css HTTP/1.1" 200 10220 "https://localhost/dashlogs" "Mozilla/5.0 (Windows NT 10.0; Win64; x64) AppleWebKit/537.36 (KHTML, like Gecko) Chrome/92.0.4515.107 Safari/537.36"
::1 - - [01/Aug/2021:07:36:36 +0000] "GET /vendors/bootstrap/dist/css/side.css HTTP/1.1" 200 2514 "https://localhost/dashlogs" "Mozilla/5.0 (Windows NT 10.0; Win64; x64) AppleWebKit/537.36 (KHTML, like Gecko) Chrome/92.0.4515.107 Safari/537.36"
::1 - - [01/Aug/2021:07:36:36 +0000] "GET /assets/css/style.css HTTP/1.1" 200 138026 "https://localhost/dashlogs" "Mozilla/5.0 (Windows NT 10.0; Win64; x64) AppleWebKit/537.36 (KHTML, like Gecko) Chrome/92.0.4515.107 Safari/537.36"
::1 - - [01/Aug/2021:07:36:36 +0000] "GET /vendors/bootstrap/dist/css/file-explore.css HTTP/1.1" 200 1194 "https://localhost/dashlogs" "Mozilla/5.0 (Windows NT 10.0; Win64; x64) AppleWebKit/537.36 (KHTML, like Gecko) Chrome/92.0.4515.107 Safari/537.36"
::1 - - [01/Aug/2021:07:36:36 +0000] "GET /vendors/bootstrap/dist/css/jquerysctipttop.css HTTP/1.1" 200 1427 "https://localhost/dashlogs" "Mozilla/5.0 (Windows NT 10.0; Win64; x64) AppleWebKit/537.36 (KHTML, like Gecko) Chrome/92.0.4515.107 Safari/537.36"
::1 - - [01/Aug/2021:07:36:36 +0000] "GET /vendors/bootstrap/dist/css/newPDF.css HTTP/1.1" 200 810 "https://localhost/dashlogs" "Mozilla/5.0 (Windows NT 10.0; Win64; x64) AppleWebKit/537.36 (KHTML, like Gecko) Chrome/92.0.4515.107 Safari/537.36"
::1 - - [01/Aug/2021:07:36:36 +0000] "GET /vendors/bootstrap/dist/css/bootstrap-toggle.min.css HTTP/1.1" 200 2722 "https://localhost/dashlogs" "Mozilla/5.0 (Windows NT 10.0; Win64; x64) AppleWebKit/537.36 (KHTML, like Gecko) Chrome/92.0.4515.107 Safari/537.36"
::1 - - [01/Aug/2021:07:36:36 +0000] "GET /vendors/font-awesome/css/font-awesome.min.css HTTP/1.1" 200 31000 "https://localhost/dashlogs" "Mozilla/5.0 (Windows NT 10.0; Win64; x64) AppleWebKit/537.36 (KHTML, like Gecko) Chrome/92.0.4515.107 Safari/537.36"
::1 - - [01/Aug/2021:07:36:36 +0000] "GET /vendors/themify-icons/css/themify-icons.css HTTP/1.1" 200 16403 "https://localhost/dashlogs" "Mozilla/5.0 (Windows NT 10.0; Win64; x64) AppleWebKit/537.36 (KHTML, like Gecko) Chrome/92.0.4515.107 Safari/537.36"
::1 - - [01/Aug/2021:07:36:36 +0000] "GET /vendors/flag-icon-css/css/flag-icon.min.css HTTP/1.1" 200 33688 "https://localhost/dashlogs" "Mozilla/5.0 (Windows NT 10.0; Win64; x64) AppleWebKit/537.36 (KHTML, like Gecko) Chrome/92.0.4515.107 Safari/537.36"
::1 - - [01/Aug/2021:07:36:36 +0000] "GET /vendors/selectFX/css/cs-skin-elastic.css HTTP/1.1" 200 4956 "https://localhost/dashlogs" "Mozilla/5.0 (Windows NT 10.0; Win64; x64) AppleWebKit/537.36 (KHTML, like Gecko) Chrome/92.0.4515.107 Safari/537.36"
::1 - - [01/Aug/2021:07:36:36 +0000] "GET /assets/hashes.js HTTP/1.1" 200 59645 "https://localhost/dashlogs" "Mozilla/5.0 (Windows NT 10.0; Win64; x64) AppleWebKit/537.36 (KHTML, like Gecko) Chrome/92.0.4515.107 Safari/537.36"
::1 - - [01/Aug/2021:07:36:36 +0000] "GET /assets/js/jquery.213.min.js HTTP/1.1" 200 84320 "https://localhost/dashlogs" "Mozilla/5.0 (Windows NT 10.0; Win64; x64) AppleWebKit/537.36 (KHTML, like Gecko) Chrome/92.0.4515.107 Safari/537.36"
::1 - - [01/Aug/2021:07:36:36 +0000] "GET /vendors/chart.js/dist/hammer.js HTTP/1.1" 200 20765 "https://localhost/dashlogs" "Mozilla/5.0 (Windows NT 10.0; Win64; x64) AppleWebKit/537.36 (KHTML, like Gecko) Chrome/92.0.4515.107 Safari/537.36"
::1 - - [01/Aug/2021:07:36:36 +0000] "GET /vendors/chart.js/dist/zoom.js HTTP/1.1" 200 9424 "https://localhost/dashlogs" "Mozilla/5.0 (Windows NT 10.0; Win64; x64) AppleWebKit/537.36 (KHTML, like Gecko) Chrome/92.0.4515.107 Safari/537.36"
::1 - - [01/Aug/2021:07:36:36 +0000] "GET /vendors/chart.js/dist/utils.js HTTP/1.1" 200 3318 "https://localhost/dashlogs" "Mozilla/5.0 (Windows NT 10.0; Win64; x64) AppleWebKit/537.36 (KHTML, like Gecko) Chrome/92.0.4515.107 Safari/537.36"
::1 - - [01/Aug/2021:07:36:36 +0000] "GET /assets/commologs.js HTTP/1.1" 200 4236 "https://localhost/dashlogs" "Mozilla/5.0 (Windows NT 10.0; Win64; x64) AppleWebKit/537.36 (KHTML, like Gecko) Chrome/92.0.4515.107 Safari/537.36"
::1 - - [01/Aug/2021:07:36:36 +0000] "GET /vendors/jquery/dist/jquery.min.js HTTP/1.1" 200 85578 "https://localhost/dashlogs" "Mozilla/5.0 (Windows NT 10.0; Win64; x64) AppleWebKit/537.36 (KHTML, like Gecko) Chrome/92.0.4515.107 Safari/537.36"
::1 - - [01/Aug/2021:07:36:36 +0000] "GET /vendors/popper.js/dist/umd/popper.min.js HTTP/1.1" 200 20536 "https://localhost/dashlogs" "Mozilla/5.0 (Windows NT 10.0; Win64; x64) AppleWebKit/537.36 (KHTML, like Gecko) Chrome/92.0.4515.107 Safari/537.36"
::1 - - [01/Aug/2021:07:36:36 +0000] "GET /vendors/bootstrap/dist/js/bootstrap.min.js HTTP/1.1" 200 60010 "https://localhost/dashlogs" "Mozilla/5.0 (Windows NT 10.0; Win64; x64) AppleWebKit/537.36 (KHTML, like Gecko) Chrome/92.0.4515.107 Safari/537.36"
::1 - - [01/Aug/2021:07:36:36 +0000] "GET /assets/js/main.js HTTP/1.1" 200 894 "https://localhost/dashlogs" "Mozilla/5.0 (Windows NT 10.0; Win64; x64) AppleWebKit/537.36 (KHTML, like Gecko) Chrome/92.0.4515.107 Safari/537.36"
::1 - - [01/Aug/2021:07:36:36 +0000] "GET /assets/js/adapter.min.js HTTP/1.1" 200 50313 "https://localhost/dashlogs" "Mozilla/5.0 (Windows NT 10.0; Win64; x64) AppleWebKit/537.36 (KHTML, like Gecko) Chrome/92.0.4515.107 Safari/537.36"
::1 - - [01/Aug/2021:07:36:36 +0000] "GET /assets/js/vue.min.js HTTP/1.1" 200 72696 "https://localhost/dashlogs" "Mozilla/5.0 (Windows NT 10.0; Win64; x64) AppleWebKit/537.36 (KHTML, like Gecko) Chrome/92.0.4515.107 Safari/537.36"
::1 - - [01/Aug/2021:07:36:36 +0000] "GET /vendors/bootstrap/dist/js/select2.min.js HTTP/1.1" 200 276291 "https://localhost/dashlogs" "Mozilla/5.0 (Windows NT 10.0; Win64; x64) AppleWebKit/537.36 (KHTML, like Gecko) Chrome/92.0.4515.107 Safari/537.36"
::1 - - [01/Aug/2021:07:36:36 +0000] "GET /vendors/chart.js/dist/Chart.bundle.js HTTP/1.1" 200 535332 "https://localhost/dashlogs" "Mozilla/5.0 (Windows NT 10.0; Win64; x64) AppleWebKit/537.36 (KHTML, like Gecko) Chrome/92.0.4515.107 Safari/537.36"
::1 - - [01/Aug/2021:07:36:36 +0000] "GET /vendors/bootstrap/dist/js/file-explore.js HTTP/1.1" 200 1820 "https://localhost/dashlogs" "Mozilla/5.0 (Windows NT 10.0; Win64; x64) AppleWebKit/537.36 (KHTML, like Gecko) Chrome/92.0.4515.107 Safari/537.36"
::1 - - [01/Aug/2021:07:36:36 +0000] "GET /vendors/bootstrap/dist/js/side.js HTTP/1.1" 200 2005 "https://localhost/dashlogs" "Mozilla/5.0 (Windows NT 10.0; Win64; x64) AppleWebKit/537.36 (KHTML, like Gecko) Chrome/92.0.4515.107 Safari/537.36"
::1 - - [01/Aug/2021:07:36:36 +0000] "GET /vendors/bootstrap/dist/js/pdf.min.js HTTP/1.1" 200 334638 "https://localhost/dashlogs" "Mozilla/5.0 (Windows NT 10.0; Win64; x64) AppleWebKit/537.36 (KHTML, like Gecko) Chrome/92.0.4515.107 Safari/537.36"
::1 - - [01/Aug/2021:07:36:36 +0000] "GET /vendors/bootstrap/dist/js/bootstrap-toggle.min.js HTTP/1.1" 200 4129 "https://localhost/dashlogs" "Mozilla/5.0 (Windows NT 10.0; Win64; x64) AppleWebKit/537.36 (KHTML, like Gecko) Chrome/92.0.4515.107 Safari/537.36"
::1 - - [01/Aug/2021:07:36:36 +0000] "GET /assets/js/dashboard.js HTTP/1.1" 200 3360 "https://localhost/dashlogs" "Mozilla/5.0 (Windows NT 10.0; Win64; x64) AppleWebKit/537.36 (KHTML, like Gecko) Chrome/92.0.4515.107 Safari/537.36"
::1 - - [01/Aug/2021:07:36:36 +0000] "GET /assets/cookie.js HTTP/1.1" 200 662 "https://localhost/dashlogs" "Mozilla/5.0 (Windows NT 10.0; Win64; x64) AppleWebKit/537.36 (KHTML, like Gecko) Chrome/92.0.4515.107 Safari/537.36"
::1 - - [01/Aug/2021:07:36:36 +0000] "GET /assets/modaldoc.js HTTP/1.1" 200 13498 "https://localhost/dashlogs" "Mozilla/5.0 (Windows NT 10.0; Win64; x64) AppleWebKit/537.36 (KHTML, like Gecko) Chrome/92.0.4515.107 Safari/537.36"
::1 - - [01/Aug/2021:07:36:36 +0000] "GET /vendors/bootstrap/dist/js/pdf.worker.min.js HTTP/1.1" 200 773808 "https://localhost/dashlogs" "Mozilla/5.0 (Windows NT 10.0; Win64; x64) AppleWebKit/537.36 (KHTML, like Gecko) Chrome/92.0.4515.107 Safari/537.36"
::1 - - [01/Aug/2021:07:36:36 +0000] "GET /assets/common.js HTTP/1.1" 200 20433 "https://localhost/dashlogs" "Mozilla/5.0 (Windows NT 10.0; Win64; x64) AppleWebKit/537.36 (KHTML, like Gecko) Chrome/92.0.4515.107 Safari/537.36"
::1 - - [01/Aug/2021:07:36:36 +0000] "GET /assets/routeclas.js HTTP/1.1" 200 9527 "https://localhost/dashlogs" "Mozilla/5.0 (Windows NT 10.0; Win64; x64) AppleWebKit/537.36 (KHTML, like Gecko) Chrome/92.0.4515.107 Safari/537.36"
::1 - - [01/Aug/2021:07:36:36 +0000] "GET /images/logo.png HTTP/1.1" 200 2440 "https://localhost/dashlogs" "Mozilla/5.0 (Windows NT 10.0; Win64; x64) AppleWebKit/537.36 (KHTML, like Gecko) Chrome/92.0.4515.107 Safari/537.36"
::1 - - [01/Aug/2021:07:36:36 +0000] "GET /assets/js/instascan.min.js HTTP/1.1" 200 1566037 "https://localhost/dashlogs" "Mozilla/5.0 (Windows NT 10.0; Win64; x64) AppleWebKit/537.36 (KHTML, like Gecko) Chrome/92.0.4515.107 Safari/537.36"
::1 - - [01/Aug/2021:07:36:36 +0000] "GET /vendors/font-awesome/fonts/fontawesome-webfont.woff2?v=4.7.0 HTTP/1.1" - - "https://localhost/vendors/font-awesome/css/font-awesome.min.css" "Mozilla/5.0 (Windows NT 10.0; Win64; x64) AppleWebKit/537.36 (KHTML, like Gecko) Chrome/92.0.4515.107 Safari/537.36"
::1 - - [01/Aug/2021:07:36:36 +0000] "GET /vendors/bootstrap/dist/css/font/open-sans-v17-vietnamese_latin-ext_latin_greek-ext_greek_cyrillic-ext_cyrillic-regular.woff HTTP/1.1" 200 55268 "https://localhost/vendors/bootstrap/dist/css/font.css" "Mozilla/5.0 (Windows NT 10.0; Win64; x64) AppleWebKit/537.36 (KHTML, like Gecko) Chrome/92.0.4515.107 Safari/537.36"
::1 - - [01/Aug/2021:07:36:36 +0000] "GET /vendors/bootstrap/dist/css/font/open-sans-v17-vietnamese_latin-ext_latin_greek-ext_greek_cyrillic-ext_cyrillic-700.woff HTTP/1.1" 200 57908 "https://localhost/vendors/bootstrap/dist/css/font.css" "Mozilla/5.0 (Windows NT 10.0; Win64; x64) AppleWebKit/537.36 (KHTML, like Gecko) Chrome/92.0.4515.107 Safari/537.36"
::1 - - [01/Aug/2021:07:36:36 +0000] "GET /vendors/font-awesome/fonts/fontawesome-webfont.woff?v=4.7.0 HTTP/1.1" 200 98024 "https://localhost/vendors/font-awesome/css/font-awesome.min.css" "Mozilla/5.0 (Windows NT 10.0; Win64; x64) AppleWebKit/537.36 (KHTML, like Gecko) Chrome/92.0.4515.107 Safari/537.36"
