::1 - - [04/Jul/2021:08:56:03 +0000] "POST /sendincoming HTTP/1.1" 404 152 "https://localhost/incoming/JO.manager-it.pdf.manager-it.pdf" "Mozilla/5.0 (Windows NT 10.0; Win64; x64) AppleWebKit/537.36 (KHTML, like Gecko) Chrome/91.0.4472.114 Safari/537.36"
::1 - - [04/Jul/2021:08:56:04 +0000] "GET / HTTP/1.1" 302 62 "-" "Mozilla/5.0 (Windows NT 10.0; Win64; x64) AppleWebKit/537.36 (KHTML, like Gecko) Chrome/91.0.4472.114 Safari/537.36"
::1 - - [04/Jul/2021:08:56:04 +0000] "GET /dashlogs HTTP/1.1" 200 58201 "-" "Mozilla/5.0 (Windows NT 10.0; Win64; x64) AppleWebKit/537.36 (KHTML, like Gecko) Chrome/91.0.4472.114 Safari/537.36"
::1 - - [04/Jul/2021:08:56:04 +0000] "GET /vendors/bootstrap/dist/css/bootstrap.css HTTP/1.1" 200 197172 "https://localhost/dashlogs" "Mozilla/5.0 (Windows NT 10.0; Win64; x64) AppleWebKit/537.36 (KHTML, like Gecko) Chrome/91.0.4472.114 Safari/537.36"
::1 - - [04/Jul/2021:08:56:04 +0000] "GET /vendors/font-awesome/css/font-awesome.min.css HTTP/1.1" 200 31000 "https://localhost/dashlogs" "Mozilla/5.0 (Windows NT 10.0; Win64; x64) AppleWebKit/537.36 (KHTML, like Gecko) Chrome/91.0.4472.114 Safari/537.36"
::1 - - [04/Jul/2021:08:56:04 +0000] "GET /vendors/themify-icons/css/themify-icons.css HTTP/1.1" 200 16403 "https://localhost/dashlogs" "Mozilla/5.0 (Windows NT 10.0; Win64; x64) AppleWebKit/537.36 (KHTML, like Gecko) Chrome/91.0.4472.114 Safari/537.36"
::1 - - [04/Jul/2021:08:56:04 +0000] "GET /vendors/selectFX/css/cs-skin-elastic.css HTTP/1.1" 200 4956 "https://localhost/dashlogs" "Mozilla/5.0 (Windows NT 10.0; Win64; x64) AppleWebKit/537.36 (KHTML, like Gecko) Chrome/91.0.4472.114 Safari/537.36"
::1 - - [04/Jul/2021:08:56:04 +0000] "GET /vendors/jqvmap/dist/jqvmap.min.css HTTP/1.1" 200 613 "https://localhost/dashlogs" "Mozilla/5.0 (Windows NT 10.0; Win64; x64) AppleWebKit/537.36 (KHTML, like Gecko) Chrome/91.0.4472.114 Safari/537.36"
::1 - - [04/Jul/2021:08:56:04 +0000] "GET /vendors/flag-icon-css/css/flag-icon.min.css HTTP/1.1" 200 33688 "https://localhost/dashlogs" "Mozilla/5.0 (Windows NT 10.0; Win64; x64) AppleWebKit/537.36 (KHTML, like Gecko) Chrome/91.0.4472.114 Safari/537.36"
::1 - - [04/Jul/2021:08:56:04 +0000] "GET /vendors/bootstrap/dist/css/select2.css HTTP/1.1" 200 17358 "https://localhost/dashlogs" "Mozilla/5.0 (Windows NT 10.0; Win64; x64) AppleWebKit/537.36 (KHTML, like Gecko) Chrome/91.0.4472.114 Safari/537.36"
::1 - - [04/Jul/2021:08:56:04 +0000] "GET /vendors/bootstrap/dist/css/font.css HTTP/1.1" 200 4547 "https://localhost/dashlogs" "Mozilla/5.0 (Windows NT 10.0; Win64; x64) AppleWebKit/537.36 (KHTML, like Gecko) Chrome/91.0.4472.114 Safari/537.36"
::1 - - [04/Jul/2021:08:56:04 +0000] "GET /vendors/chosen/chosen.min.css HTTP/1.1" 200 10220 "https://localhost/dashlogs" "Mozilla/5.0 (Windows NT 10.0; Win64; x64) AppleWebKit/537.36 (KHTML, like Gecko) Chrome/91.0.4472.114 Safari/537.36"
::1 - - [04/Jul/2021:08:56:04 +0000] "GET /vendors/bootstrap/dist/css/side.css HTTP/1.1" 200 2514 "https://localhost/dashlogs" "Mozilla/5.0 (Windows NT 10.0; Win64; x64) AppleWebKit/537.36 (KHTML, like Gecko) Chrome/91.0.4472.114 Safari/537.36"
::1 - - [04/Jul/2021:08:56:04 +0000] "GET /vendors/bootstrap/dist/css/file-explore.css HTTP/1.1" 200 1194 "https://localhost/dashlogs" "Mozilla/5.0 (Windows NT 10.0; Win64; x64) AppleWebKit/537.36 (KHTML, like Gecko) Chrome/91.0.4472.114 Safari/537.36"
::1 - - [04/Jul/2021:08:56:04 +0000] "GET /assets/css/style.css HTTP/1.1" 200 138026 "https://localhost/dashlogs" "Mozilla/5.0 (Windows NT 10.0; Win64; x64) AppleWebKit/537.36 (KHTML, like Gecko) Chrome/91.0.4472.114 Safari/537.36"
::1 - - [04/Jul/2021:08:56:04 +0000] "GET /vendors/bootstrap/dist/css/jquerysctipttop.css HTTP/1.1" 200 1427 "https://localhost/dashlogs" "Mozilla/5.0 (Windows NT 10.0; Win64; x64) AppleWebKit/537.36 (KHTML, like Gecko) Chrome/91.0.4472.114 Safari/537.36"
::1 - - [04/Jul/2021:08:56:04 +0000] "GET /vendors/bootstrap/dist/css/newPDF.css HTTP/1.1" 200 810 "https://localhost/dashlogs" "Mozilla/5.0 (Windows NT 10.0; Win64; x64) AppleWebKit/537.36 (KHTML, like Gecko) Chrome/91.0.4472.114 Safari/537.36"
::1 - - [04/Jul/2021:08:56:04 +0000] "GET /vendors/bootstrap/dist/css/bootstrap-toggle.min.css HTTP/1.1" 200 2722 "https://localhost/dashlogs" "Mozilla/5.0 (Windows NT 10.0; Win64; x64) AppleWebKit/537.36 (KHTML, like Gecko) Chrome/91.0.4472.114 Safari/537.36"
::1 - - [04/Jul/2021:08:56:04 +0000] "GET /images/nelson.jpg HTTP/1.1" 404 156 "https://localhost/dashlogs" "Mozilla/5.0 (Windows NT 10.0; Win64; x64) AppleWebKit/537.36 (KHTML, like Gecko) Chrome/91.0.4472.114 Safari/537.36"
::1 - - [04/Jul/2021:08:56:04 +0000] "GET /images/logo2.png HTTP/1.1" 200 1133 "https://localhost/dashlogs" "Mozilla/5.0 (Windows NT 10.0; Win64; x64) AppleWebKit/537.36 (KHTML, like Gecko) Chrome/91.0.4472.114 Safari/537.36"
::1 - - [04/Jul/2021:08:56:04 +0000] "GET /assets/hashes.js HTTP/1.1" 200 59645 "https://localhost/dashlogs" "Mozilla/5.0 (Windows NT 10.0; Win64; x64) AppleWebKit/537.36 (KHTML, like Gecko) Chrome/91.0.4472.114 Safari/537.36"
::1 - - [04/Jul/2021:08:56:04 +0000] "GET /images/logo.png HTTP/1.1" 200 2440 "https://localhost/dashlogs" "Mozilla/5.0 (Windows NT 10.0; Win64; x64) AppleWebKit/537.36 (KHTML, like Gecko) Chrome/91.0.4472.114 Safari/537.36"
::1 - - [04/Jul/2021:08:56:04 +0000] "GET /assets/js/jquery.213.min.js HTTP/1.1" 200 84320 "https://localhost/dashlogs" "Mozilla/5.0 (Windows NT 10.0; Win64; x64) AppleWebKit/537.36 (KHTML, like Gecko) Chrome/91.0.4472.114 Safari/537.36"
::1 - - [04/Jul/2021:08:56:04 +0000] "GET /vendors/chart.js/dist/hammer.js HTTP/1.1" 200 20765 "https://localhost/dashlogs" "Mozilla/5.0 (Windows NT 10.0; Win64; x64) AppleWebKit/537.36 (KHTML, like Gecko) Chrome/91.0.4472.114 Safari/537.36"
::1 - - [04/Jul/2021:08:56:04 +0000] "GET /vendors/chart.js/dist/zoom.js HTTP/1.1" 200 9424 "https://localhost/dashlogs" "Mozilla/5.0 (Windows NT 10.0; Win64; x64) AppleWebKit/537.36 (KHTML, like Gecko) Chrome/91.0.4472.114 Safari/537.36"
::1 - - [04/Jul/2021:08:56:04 +0000] "GET /vendors/chart.js/dist/utils.js HTTP/1.1" 200 3318 "https://localhost/dashlogs" "Mozilla/5.0 (Windows NT 10.0; Win64; x64) AppleWebKit/537.36 (KHTML, like Gecko) Chrome/91.0.4472.114 Safari/537.36"
::1 - - [04/Jul/2021:08:56:04 +0000] "GET /assets/commologs.js HTTP/1.1" 200 4236 "https://localhost/dashlogs" "Mozilla/5.0 (Windows NT 10.0; Win64; x64) AppleWebKit/537.36 (KHTML, like Gecko) Chrome/91.0.4472.114 Safari/537.36"
::1 - - [04/Jul/2021:08:56:04 +0000] "GET /vendors/popper.js/dist/umd/popper.min.js HTTP/1.1" 200 20536 "https://localhost/dashlogs" "Mozilla/5.0 (Windows NT 10.0; Win64; x64) AppleWebKit/537.36 (KHTML, like Gecko) Chrome/91.0.4472.114 Safari/537.36"
::1 - - [04/Jul/2021:08:56:04 +0000] "GET /vendors/bootstrap/dist/js/bootstrap.min.js HTTP/1.1" 200 60010 "https://localhost/dashlogs" "Mozilla/5.0 (Windows NT 10.0; Win64; x64) AppleWebKit/537.36 (KHTML, like Gecko) Chrome/91.0.4472.114 Safari/537.36"
::1 - - [04/Jul/2021:08:56:04 +0000] "GET /vendors/jquery/dist/jquery.min.js HTTP/1.1" 200 85578 "https://localhost/dashlogs" "Mozilla/5.0 (Windows NT 10.0; Win64; x64) AppleWebKit/537.36 (KHTML, like Gecko) Chrome/91.0.4472.114 Safari/537.36"
::1 - - [04/Jul/2021:08:56:04 +0000] "GET /assets/js/main.js HTTP/1.1" 200 894 "https://localhost/dashlogs" "Mozilla/5.0 (Windows NT 10.0; Win64; x64) AppleWebKit/537.36 (KHTML, like Gecko) Chrome/91.0.4472.114 Safari/537.36"
::1 - - [04/Jul/2021:08:56:04 +0000] "GET /vendors/chart.js/dist/Chart.bundle.js HTTP/1.1" 200 535332 "https://localhost/dashlogs" "Mozilla/5.0 (Windows NT 10.0; Win64; x64) AppleWebKit/537.36 (KHTML, like Gecko) Chrome/91.0.4472.114 Safari/537.36"
::1 - - [04/Jul/2021:08:56:04 +0000] "GET /assets/js/adapter.min.js HTTP/1.1" 200 50313 "https://localhost/dashlogs" "Mozilla/5.0 (Windows NT 10.0; Win64; x64) AppleWebKit/537.36 (KHTML, like Gecko) Chrome/91.0.4472.114 Safari/537.36"
::1 - - [04/Jul/2021:08:56:04 +0000] "GET /assets/js/vue.min.js HTTP/1.1" 200 72696 "https://localhost/dashlogs" "Mozilla/5.0 (Windows NT 10.0; Win64; x64) AppleWebKit/537.36 (KHTML, like Gecko) Chrome/91.0.4472.114 Safari/537.36"
::1 - - [04/Jul/2021:08:56:04 +0000] "GET /vendors/bootstrap/dist/js/file-explore.js HTTP/1.1" 200 1820 "https://localhost/dashlogs" "Mozilla/5.0 (Windows NT 10.0; Win64; x64) AppleWebKit/537.36 (KHTML, like Gecko) Chrome/91.0.4472.114 Safari/537.36"
::1 - - [04/Jul/2021:08:56:04 +0000] "GET /vendors/bootstrap/dist/js/select2.min.js HTTP/1.1" 200 276291 "https://localhost/dashlogs" "Mozilla/5.0 (Windows NT 10.0; Win64; x64) AppleWebKit/537.36 (KHTML, like Gecko) Chrome/91.0.4472.114 Safari/537.36"
::1 - - [04/Jul/2021:08:56:04 +0000] "GET /vendors/bootstrap/dist/js/pdf.min.js HTTP/1.1" 200 334638 "https://localhost/dashlogs" "Mozilla/5.0 (Windows NT 10.0; Win64; x64) AppleWebKit/537.36 (KHTML, like Gecko) Chrome/91.0.4472.114 Safari/537.36"
::1 - - [04/Jul/2021:08:56:04 +0000] "GET /vendors/bootstrap/dist/js/side.js HTTP/1.1" 200 2005 "https://localhost/dashlogs" "Mozilla/5.0 (Windows NT 10.0; Win64; x64) AppleWebKit/537.36 (KHTML, like Gecko) Chrome/91.0.4472.114 Safari/537.36"
::1 - - [04/Jul/2021:08:56:04 +0000] "GET /vendors/bootstrap/dist/js/bootstrap-toggle.min.js HTTP/1.1" 200 4129 "https://localhost/dashlogs" "Mozilla/5.0 (Windows NT 10.0; Win64; x64) AppleWebKit/537.36 (KHTML, like Gecko) Chrome/91.0.4472.114 Safari/537.36"
::1 - - [04/Jul/2021:08:56:04 +0000] "GET /assets/js/dashboard.js HTTP/1.1" 200 3360 "https://localhost/dashlogs" "Mozilla/5.0 (Windows NT 10.0; Win64; x64) AppleWebKit/537.36 (KHTML, like Gecko) Chrome/91.0.4472.114 Safari/537.36"
::1 - - [04/Jul/2021:08:56:04 +0000] "GET /assets/cookie.js HTTP/1.1" 200 662 "https://localhost/dashlogs" "Mozilla/5.0 (Windows NT 10.0; Win64; x64) AppleWebKit/537.36 (KHTML, like Gecko) Chrome/91.0.4472.114 Safari/537.36"
::1 - - [04/Jul/2021:08:56:04 +0000] "GET /assets/modaldoc.js HTTP/1.1" 200 13498 "https://localhost/dashlogs" "Mozilla/5.0 (Windows NT 10.0; Win64; x64) AppleWebKit/537.36 (KHTML, like Gecko) Chrome/91.0.4472.114 Safari/537.36"
::1 - - [04/Jul/2021:08:56:04 +0000] "GET /vendors/bootstrap/dist/js/pdf.worker.min.js HTTP/1.1" 200 773808 "https://localhost/dashlogs" "Mozilla/5.0 (Windows NT 10.0; Win64; x64) AppleWebKit/537.36 (KHTML, like Gecko) Chrome/91.0.4472.114 Safari/537.36"
::1 - - [04/Jul/2021:08:56:04 +0000] "GET /assets/routeclas.js HTTP/1.1" 200 9527 "https://localhost/dashlogs" "Mozilla/5.0 (Windows NT 10.0; Win64; x64) AppleWebKit/537.36 (KHTML, like Gecko) Chrome/91.0.4472.114 Safari/537.36"
::1 - - [04/Jul/2021:08:56:04 +0000] "GET /assets/common.js HTTP/1.1" 200 20433 "https://localhost/dashlogs" "Mozilla/5.0 (Windows NT 10.0; Win64; x64) AppleWebKit/537.36 (KHTML, like Gecko) Chrome/91.0.4472.114 Safari/537.36"
::1 - - [04/Jul/2021:08:56:04 +0000] "GET /vendors/chosen/chosen.jquery.min.js HTTP/1.1" 200 29121 "https://localhost/dashlogs" "Mozilla/5.0 (Windows NT 10.0; Win64; x64) AppleWebKit/537.36 (KHTML, like Gecko) Chrome/91.0.4472.114 Safari/537.36"
::1 - - [04/Jul/2021:08:56:04 +0000] "GET /assets/app.js HTTP/1.1" 200 10089 "https://localhost/dashlogs" "Mozilla/5.0 (Windows NT 10.0; Win64; x64) AppleWebKit/537.36 (KHTML, like Gecko) Chrome/91.0.4472.114 Safari/537.36"
::1 - - [04/Jul/2021:08:56:04 +0000] "GET /assets/js/instascan.min.js HTTP/1.1" 200 1566037 "https://localhost/dashlogs" "Mozilla/5.0 (Windows NT 10.0; Win64; x64) AppleWebKit/537.36 (KHTML, like Gecko) Chrome/91.0.4472.114 Safari/537.36"
::1 - - [04/Jul/2021:08:56:05 +0000] "GET / HTTP/1.1" 302 62 "-" "Mozilla/5.0 (Windows NT 10.0; Win64; x64) AppleWebKit/537.36 (KHTML, like Gecko) Chrome/91.0.4472.114 Safari/537.36"
::1 - - [04/Jul/2021:08:56:05 +0000] "GET /dashlogs HTTP/1.1" 200 58201 "-" "Mozilla/5.0 (Windows NT 10.0; Win64; x64) AppleWebKit/537.36 (KHTML, like Gecko) Chrome/91.0.4472.114 Safari/537.36"
::1 - - [04/Jul/2021:08:56:05 +0000] "GET /vendors/bootstrap/dist/css/bootstrap.css HTTP/1.1" 304 - "https://localhost/dashlogs" "Mozilla/5.0 (Windows NT 10.0; Win64; x64) AppleWebKit/537.36 (KHTML, like Gecko) Chrome/91.0.4472.114 Safari/537.36"
::1 - - [04/Jul/2021:08:56:05 +0000] "GET /vendors/themify-icons/css/themify-icons.css HTTP/1.1" 200 16403 "https://localhost/dashlogs" "Mozilla/5.0 (Windows NT 10.0; Win64; x64) AppleWebKit/537.36 (KHTML, like Gecko) Chrome/91.0.4472.114 Safari/537.36"
::1 - - [04/Jul/2021:08:56:05 +0000] "GET /vendors/font-awesome/css/font-awesome.min.css HTTP/1.1" 200 31000 "https://localhost/dashlogs" "Mozilla/5.0 (Windows NT 10.0; Win64; x64) AppleWebKit/537.36 (KHTML, like Gecko) Chrome/91.0.4472.114 Safari/537.36"
::1 - - [04/Jul/2021:08:56:05 +0000] "GET /vendors/flag-icon-css/css/flag-icon.min.css HTTP/1.1" 200 33688 "https://localhost/dashlogs" "Mozilla/5.0 (Windows NT 10.0; Win64; x64) AppleWebKit/537.36 (KHTML, like Gecko) Chrome/91.0.4472.114 Safari/537.36"
::1 - - [04/Jul/2021:08:56:05 +0000] "GET /vendors/selectFX/css/cs-skin-elastic.css HTTP/1.1" 200 4956 "https://localhost/dashlogs" "Mozilla/5.0 (Windows NT 10.0; Win64; x64) AppleWebKit/537.36 (KHTML, like Gecko) Chrome/91.0.4472.114 Safari/537.36"
::1 - - [04/Jul/2021:08:56:05 +0000] "GET /vendors/jqvmap/dist/jqvmap.min.css HTTP/1.1" 200 613 "https://localhost/dashlogs" "Mozilla/5.0 (Windows NT 10.0; Win64; x64) AppleWebKit/537.36 (KHTML, like Gecko) Chrome/91.0.4472.114 Safari/537.36"
::1 - - [04/Jul/2021:08:56:05 +0000] "GET /vendors/bootstrap/dist/css/select2.css HTTP/1.1" 200 17358 "https://localhost/dashlogs" "Mozilla/5.0 (Windows NT 10.0; Win64; x64) AppleWebKit/537.36 (KHTML, like Gecko) Chrome/91.0.4472.114 Safari/537.36"
::1 - - [04/Jul/2021:08:56:05 +0000] "GET /vendors/bootstrap/dist/css/font.css HTTP/1.1" 200 4547 "https://localhost/dashlogs" "Mozilla/5.0 (Windows NT 10.0; Win64; x64) AppleWebKit/537.36 (KHTML, like Gecko) Chrome/91.0.4472.114 Safari/537.36"
::1 - - [04/Jul/2021:08:56:05 +0000] "GET /vendors/chosen/chosen.min.css HTTP/1.1" 200 10220 "https://localhost/dashlogs" "Mozilla/5.0 (Windows NT 10.0; Win64; x64) AppleWebKit/537.36 (KHTML, like Gecko) Chrome/91.0.4472.114 Safari/537.36"
::1 - - [04/Jul/2021:08:56:05 +0000] "GET /vendors/bootstrap/dist/css/side.css HTTP/1.1" 200 2514 "https://localhost/dashlogs" "Mozilla/5.0 (Windows NT 10.0; Win64; x64) AppleWebKit/537.36 (KHTML, like Gecko) Chrome/91.0.4472.114 Safari/537.36"
::1 - - [04/Jul/2021:08:56:05 +0000] "GET /assets/css/style.css HTTP/1.1" 200 138026 "https://localhost/dashlogs" "Mozilla/5.0 (Windows NT 10.0; Win64; x64) AppleWebKit/537.36 (KHTML, like Gecko) Chrome/91.0.4472.114 Safari/537.36"
::1 - - [04/Jul/2021:08:56:05 +0000] "GET /vendors/bootstrap/dist/css/file-explore.css HTTP/1.1" 200 1194 "https://localhost/dashlogs" "Mozilla/5.0 (Windows NT 10.0; Win64; x64) AppleWebKit/537.36 (KHTML, like Gecko) Chrome/91.0.4472.114 Safari/537.36"
::1 - - [04/Jul/2021:08:56:05 +0000] "GET /vendors/bootstrap/dist/css/jquerysctipttop.css HTTP/1.1" 200 1427 "https://localhost/dashlogs" "Mozilla/5.0 (Windows NT 10.0; Win64; x64) AppleWebKit/537.36 (KHTML, like Gecko) Chrome/91.0.4472.114 Safari/537.36"
::1 - - [04/Jul/2021:08:56:05 +0000] "GET /assets/hashes.js HTTP/1.1" 304 - "https://localhost/dashlogs" "Mozilla/5.0 (Windows NT 10.0; Win64; x64) AppleWebKit/537.36 (KHTML, like Gecko) Chrome/91.0.4472.114 Safari/537.36"
::1 - - [04/Jul/2021:08:56:05 +0000] "GET /vendors/bootstrap/dist/css/newPDF.css HTTP/1.1" 200 810 "https://localhost/dashlogs" "Mozilla/5.0 (Windows NT 10.0; Win64; x64) AppleWebKit/537.36 (KHTML, like Gecko) Chrome/91.0.4472.114 Safari/537.36"
::1 - - [04/Jul/2021:08:56:05 +0000] "GET /vendors/bootstrap/dist/css/bootstrap-toggle.min.css HTTP/1.1" 200 2722 "https://localhost/dashlogs" "Mozilla/5.0 (Windows NT 10.0; Win64; x64) AppleWebKit/537.36 (KHTML, like Gecko) Chrome/91.0.4472.114 Safari/537.36"
::1 - - [04/Jul/2021:08:56:05 +0000] "GET /assets/js/jquery.213.min.js HTTP/1.1" 304 - "https://localhost/dashlogs" "Mozilla/5.0 (Windows NT 10.0; Win64; x64) AppleWebKit/537.36 (KHTML, like Gecko) Chrome/91.0.4472.114 Safari/537.36"
::1 - - [04/Jul/2021:08:56:05 +0000] "GET /vendors/chart.js/dist/hammer.js HTTP/1.1" 200 20765 "https://localhost/dashlogs" "Mozilla/5.0 (Windows NT 10.0; Win64; x64) AppleWebKit/537.36 (KHTML, like Gecko) Chrome/91.0.4472.114 Safari/537.36"
::1 - - [04/Jul/2021:08:56:05 +0000] "GET /vendors/jquery/dist/jquery.min.js HTTP/1.1" 304 - "https://localhost/dashlogs" "Mozilla/5.0 (Windows NT 10.0; Win64; x64) AppleWebKit/537.36 (KHTML, like Gecko) Chrome/91.0.4472.114 Safari/537.36"
::1 - - [04/Jul/2021:08:56:05 +0000] "GET /vendors/popper.js/dist/umd/popper.min.js HTTP/1.1" 304 - "https://localhost/dashlogs" "Mozilla/5.0 (Windows NT 10.0; Win64; x64) AppleWebKit/537.36 (KHTML, like Gecko) Chrome/91.0.4472.114 Safari/537.36"
::1 - - [04/Jul/2021:08:56:05 +0000] "GET /vendors/chart.js/dist/zoom.js HTTP/1.1" 200 9424 "https://localhost/dashlogs" "Mozilla/5.0 (Windows NT 10.0; Win64; x64) AppleWebKit/537.36 (KHTML, like Gecko) Chrome/91.0.4472.114 Safari/537.36"
::1 - - [04/Jul/2021:08:56:05 +0000] "GET /vendors/bootstrap/dist/js/bootstrap.min.js HTTP/1.1" 304 - "https://localhost/dashlogs" "Mozilla/5.0 (Windows NT 10.0; Win64; x64) AppleWebKit/537.36 (KHTML, like Gecko) Chrome/91.0.4472.114 Safari/537.36"
::1 - - [04/Jul/2021:08:56:05 +0000] "GET /vendors/font-awesome/fonts/fontawesome-webfont.woff2?v=4.7.0 HTTP/1.1" 304 - "https://localhost/vendors/font-awesome/css/font-awesome.min.css" "Mozilla/5.0 (Windows NT 10.0; Win64; x64) AppleWebKit/537.36 (KHTML, like Gecko) Chrome/91.0.4472.114 Safari/537.36"
::1 - - [04/Jul/2021:08:56:05 +0000] "GET /vendors/chart.js/dist/utils.js HTTP/1.1" 200 3318 "https://localhost/dashlogs" "Mozilla/5.0 (Windows NT 10.0; Win64; x64) AppleWebKit/537.36 (KHTML, like Gecko) Chrome/91.0.4472.114 Safari/537.36"
::1 - - [04/Jul/2021:08:56:05 +0000] "GET /assets/commologs.js HTTP/1.1" 200 4236 "https://localhost/dashlogs" "Mozilla/5.0 (Windows NT 10.0; Win64; x64) AppleWebKit/537.36 (KHTML, like Gecko) Chrome/91.0.4472.114 Safari/537.36"
::1 - - [04/Jul/2021:08:56:05 +0000] "GET /vendors/bootstrap/dist/css/font/open-sans-v17-vietnamese_latin-ext_latin_greek-ext_greek_cyrillic-ext_cyrillic-regular.woff2 HTTP/1.1" 304 - "https://localhost/vendors/bootstrap/dist/css/font.css" "Mozilla/5.0 (Windows NT 10.0; Win64; x64) AppleWebKit/537.36 (KHTML, like Gecko) Chrome/91.0.4472.114 Safari/537.36"
::1 - - [04/Jul/2021:08:56:05 +0000] "GET /vendors/bootstrap/dist/css/font/open-sans-v17-vietnamese_latin-ext_latin_greek-ext_greek_cyrillic-ext_cyrillic-700.woff2 HTTP/1.1" 304 - "https://localhost/vendors/bootstrap/dist/css/font.css" "Mozilla/5.0 (Windows NT 10.0; Win64; x64) AppleWebKit/537.36 (KHTML, like Gecko) Chrome/91.0.4472.114 Safari/537.36"
::1 - - [04/Jul/2021:08:56:05 +0000] "GET /images/logo.png HTTP/1.1" 304 - "https://localhost/dashlogs" "Mozilla/5.0 (Windows NT 10.0; Win64; x64) AppleWebKit/537.36 (KHTML, like Gecko) Chrome/91.0.4472.114 Safari/537.36"
::1 - - [04/Jul/2021:08:56:05 +0000] "GET /assets/js/main.js HTTP/1.1" 304 - "https://localhost/dashlogs" "Mozilla/5.0 (Windows NT 10.0; Win64; x64) AppleWebKit/537.36 (KHTML, like Gecko) Chrome/91.0.4472.114 Safari/537.36"
::1 - - [04/Jul/2021:08:56:05 +0000] "GET /images/nelson.jpg HTTP/1.1" 404 156 "https://localhost/dashlogs" "Mozilla/5.0 (Windows NT 10.0; Win64; x64) AppleWebKit/537.36 (KHTML, like Gecko) Chrome/91.0.4472.114 Safari/537.36"
::1 - - [04/Jul/2021:08:56:05 +0000] "GET /vendors/bootstrap/dist/js/select2.min.js HTTP/1.1" 304 - "https://localhost/dashlogs" "Mozilla/5.0 (Windows NT 10.0; Win64; x64) AppleWebKit/537.36 (KHTML, like Gecko) Chrome/91.0.4472.114 Safari/537.36"
::1 - - [04/Jul/2021:08:56:05 +0000] "GET /assets/js/adapter.min.js HTTP/1.1" 304 - "https://localhost/dashlogs" "Mozilla/5.0 (Windows NT 10.0; Win64; x64) AppleWebKit/537.36 (KHTML, like Gecko) Chrome/91.0.4472.114 Safari/537.36"
::1 - - [04/Jul/2021:08:56:05 +0000] "GET /assets/js/vue.min.js HTTP/1.1" 304 - "https://localhost/dashlogs" "Mozilla/5.0 (Windows NT 10.0; Win64; x64) AppleWebKit/537.36 (KHTML, like Gecko) Chrome/91.0.4472.114 Safari/537.36"
::1 - - [04/Jul/2021:08:56:05 +0000] "GET /assets/js/instascan.min.js HTTP/1.1" 304 - "https://localhost/dashlogs" "Mozilla/5.0 (Windows NT 10.0; Win64; x64) AppleWebKit/537.36 (KHTML, like Gecko) Chrome/91.0.4472.114 Safari/537.36"
::1 - - [04/Jul/2021:08:56:05 +0000] "GET /vendors/bootstrap/dist/js/pdf.min.js HTTP/1.1" 304 - "https://localhost/dashlogs" "Mozilla/5.0 (Windows NT 10.0; Win64; x64) AppleWebKit/537.36 (KHTML, like Gecko) Chrome/91.0.4472.114 Safari/537.36"
::1 - - [04/Jul/2021:08:56:05 +0000] "GET /chartmonitornolayout HTTP/1.1" 200 5489 "https://localhost/dashlogs" "Mozilla/5.0 (Windows NT 10.0; Win64; x64) AppleWebKit/537.36 (KHTML, like Gecko) Chrome/91.0.4472.114 Safari/537.36"
::1 - - [04/Jul/2021:08:56:05 +0000] "GET /vendors/bootstrap/dist/js/pdf.worker.min.js HTTP/1.1" 304 - "https://localhost/dashlogs" "Mozilla/5.0 (Windows NT 10.0; Win64; x64) AppleWebKit/537.36 (KHTML, like Gecko) Chrome/91.0.4472.114 Safari/537.36"
::1 - - [04/Jul/2021:08:56:05 +0000] "GET /vendors/bootstrap/dist/js/file-explore.js HTTP/1.1" 304 - "https://localhost/dashlogs" "Mozilla/5.0 (Windows NT 10.0; Win64; x64) AppleWebKit/537.36 (KHTML, like Gecko) Chrome/91.0.4472.114 Safari/537.36"
::1 - - [04/Jul/2021:08:56:05 +0000] "GET /vendors/chart.js/dist/Chart.bundle.js HTTP/1.1" 200 535332 "https://localhost/dashlogs" "Mozilla/5.0 (Windows NT 10.0; Win64; x64) AppleWebKit/537.36 (KHTML, like Gecko) Chrome/91.0.4472.114 Safari/537.36"
::1 - - [04/Jul/2021:08:56:05 +0000] "GET /vendors/bootstrap/dist/js/side.js HTTP/1.1" 304 - "https://localhost/dashlogs" "Mozilla/5.0 (Windows NT 10.0; Win64; x64) AppleWebKit/537.36 (KHTML, like Gecko) Chrome/91.0.4472.114 Safari/537.36"
::1 - - [04/Jul/2021:08:56:05 +0000] "GET /vendors/bootstrap/dist/js/bootstrap-toggle.min.js HTTP/1.1" 304 - "https://localhost/dashlogs" "Mozilla/5.0 (Windows NT 10.0; Win64; x64) AppleWebKit/537.36 (KHTML, like Gecko) Chrome/91.0.4472.114 Safari/537.36"
::1 - - [04/Jul/2021:08:56:05 +0000] "GET /assets/js/dashboard.js HTTP/1.1" 304 - "https://localhost/dashlogs" "Mozilla/5.0 (Windows NT 10.0; Win64; x64) AppleWebKit/537.36 (KHTML, like Gecko) Chrome/91.0.4472.114 Safari/537.36"
::1 - - [04/Jul/2021:08:56:05 +0000] "GET /assets/cookie.js HTTP/1.1" 304 - "https://localhost/dashlogs" "Mozilla/5.0 (Windows NT 10.0; Win64; x64) AppleWebKit/537.36 (KHTML, like Gecko) Chrome/91.0.4472.114 Safari/537.36"
::1 - - [04/Jul/2021:08:56:05 +0000] "GET /assets/modaldoc.js HTTP/1.1" 304 - "https://localhost/dashlogs" "Mozilla/5.0 (Windows NT 10.0; Win64; x64) AppleWebKit/537.36 (KHTML, like Gecko) Chrome/91.0.4472.114 Safari/537.36"
::1 - - [04/Jul/2021:08:56:05 +0000] "GET /assets/common.js HTTP/1.1" 304 - "https://localhost/dashlogs" "Mozilla/5.0 (Windows NT 10.0; Win64; x64) AppleWebKit/537.36 (KHTML, like Gecko) Chrome/91.0.4472.114 Safari/537.36"
::1 - - [04/Jul/2021:08:56:05 +0000] "GET /assets/routeclas.js HTTP/1.1" 304 - "https://localhost/dashlogs" "Mozilla/5.0 (Windows NT 10.0; Win64; x64) AppleWebKit/537.36 (KHTML, like Gecko) Chrome/91.0.4472.114 Safari/537.36"
::1 - - [04/Jul/2021:08:56:05 +0000] "GET /vendors/chosen/chosen.jquery.min.js HTTP/1.1" 304 - "https://localhost/dashlogs" "Mozilla/5.0 (Windows NT 10.0; Win64; x64) AppleWebKit/537.36 (KHTML, like Gecko) Chrome/91.0.4472.114 Safari/537.36"
::1 - - [04/Jul/2021:08:56:05 +0000] "GET /assets/app.js HTTP/1.1" 304 - "https://localhost/dashlogs" "Mozilla/5.0 (Windows NT 10.0; Win64; x64) AppleWebKit/537.36 (KHTML, like Gecko) Chrome/91.0.4472.114 Safari/537.36"
::1 - - [04/Jul/2021:08:56:05 +0000] "GET /images/logo2.png HTTP/1.1" 304 - "https://localhost/dashlogs" "Mozilla/5.0 (Windows NT 10.0; Win64; x64) AppleWebKit/537.36 (KHTML, like Gecko) Chrome/91.0.4472.114 Safari/537.36"
::1 - - [04/Jul/2021:08:56:05 +0000] "GET /images/manager-it.jpg HTTP/1.1" 304 - "https://localhost/dashlogs" "Mozilla/5.0 (Windows NT 10.0; Win64; x64) AppleWebKit/537.36 (KHTML, like Gecko) Chrome/91.0.4472.114 Safari/537.36"
::1 - - [04/Jul/2021:08:56:05 +0000] "POST /sendincoming HTTP/1.1" 200 358 "https://localhost/dashlogs" "Mozilla/5.0 (Windows NT 10.0; Win64; x64) AppleWebKit/537.36 (KHTML, like Gecko) Chrome/91.0.4472.114 Safari/537.36"
::1 - - [04/Jul/2021:08:56:05 +0000] "GET /vendors/bootstrap/dist/css/bootstrap.css HTTP/1.1" 304 - "https://localhost/chartmonitornolayout" "Mozilla/5.0 (Windows NT 10.0; Win64; x64) AppleWebKit/537.36 (KHTML, like Gecko) Chrome/91.0.4472.114 Safari/537.36"
::1 - - [04/Jul/2021:08:56:05 +0000] "GET /vendors/font-awesome/css/font-awesome.min.css HTTP/1.1" 304 - "https://localhost/chartmonitornolayout" "Mozilla/5.0 (Windows NT 10.0; Win64; x64) AppleWebKit/537.36 (KHTML, like Gecko) Chrome/91.0.4472.114 Safari/537.36"
::1 - - [04/Jul/2021:08:56:05 +0000] "GET /vendors/themify-icons/css/themify-icons.css HTTP/1.1" 304 - "https://localhost/chartmonitornolayout" "Mozilla/5.0 (Windows NT 10.0; Win64; x64) AppleWebKit/537.36 (KHTML, like Gecko) Chrome/91.0.4472.114 Safari/537.36"
::1 - - [04/Jul/2021:08:56:05 +0000] "GET /vendors/flag-icon-css/css/flag-icon.min.css HTTP/1.1" 304 - "https://localhost/chartmonitornolayout" "Mozilla/5.0 (Windows NT 10.0; Win64; x64) AppleWebKit/537.36 (KHTML, like Gecko) Chrome/91.0.4472.114 Safari/537.36"
::1 - - [04/Jul/2021:08:56:05 +0000] "GET /vendors/selectFX/css/cs-skin-elastic.css HTTP/1.1" 304 - "https://localhost/chartmonitornolayout" "Mozilla/5.0 (Windows NT 10.0; Win64; x64) AppleWebKit/537.36 (KHTML, like Gecko) Chrome/91.0.4472.114 Safari/537.36"
::1 - - [04/Jul/2021:08:56:05 +0000] "GET /vendors/jqvmap/dist/jqvmap.min.css HTTP/1.1" 304 - "https://localhost/chartmonitornolayout" "Mozilla/5.0 (Windows NT 10.0; Win64; x64) AppleWebKit/537.36 (KHTML, like Gecko) Chrome/91.0.4472.114 Safari/537.36"
::1 - - [04/Jul/2021:08:56:05 +0000] "GET /images/noti.wav HTTP/1.1" 206 273140 "https://localhost/dashlogs" "Mozilla/5.0 (Windows NT 10.0; Win64; x64) AppleWebKit/537.36 (KHTML, like Gecko) Chrome/91.0.4472.114 Safari/537.36"
::1 - - [04/Jul/2021:08:56:05 +0000] "GET /vendors/bootstrap/dist/css/select2.css HTTP/1.1" 304 - "https://localhost/chartmonitornolayout" "Mozilla/5.0 (Windows NT 10.0; Win64; x64) AppleWebKit/537.36 (KHTML, like Gecko) Chrome/91.0.4472.114 Safari/537.36"
::1 - - [04/Jul/2021:08:56:05 +0000] "GET /assets/css/style.css HTTP/1.1" 304 - "https://localhost/chartmonitornolayout" "Mozilla/5.0 (Windows NT 10.0; Win64; x64) AppleWebKit/537.36 (KHTML, like Gecko) Chrome/91.0.4472.114 Safari/537.36"
::1 - - [04/Jul/2021:08:56:05 +0000] "GET /vendors/bootstrap/dist/css/font.css HTTP/1.1" 304 - "https://localhost/chartmonitornolayout" "Mozilla/5.0 (Windows NT 10.0; Win64; x64) AppleWebKit/537.36 (KHTML, like Gecko) Chrome/91.0.4472.114 Safari/537.36"
::1 - - [04/Jul/2021:08:56:05 +0000] "GET /vendors/chosen/chosen.min.css HTTP/1.1" 304 - "https://localhost/chartmonitornolayout" "Mozilla/5.0 (Windows NT 10.0; Win64; x64) AppleWebKit/537.36 (KHTML, like Gecko) Chrome/91.0.4472.114 Safari/537.36"
::1 - - [04/Jul/2021:08:56:05 +0000] "GET /vendors/bootstrap/dist/css/side.css HTTP/1.1" 304 - "https://localhost/chartmonitornolayout" "Mozilla/5.0 (Windows NT 10.0; Win64; x64) AppleWebKit/537.36 (KHTML, like Gecko) Chrome/91.0.4472.114 Safari/537.36"
::1 - - [04/Jul/2021:08:56:05 +0000] "GET /vendors/bootstrap/dist/css/file-explore.css HTTP/1.1" 304 - "https://localhost/chartmonitornolayout" "Mozilla/5.0 (Windows NT 10.0; Win64; x64) AppleWebKit/537.36 (KHTML, like Gecko) Chrome/91.0.4472.114 Safari/537.36"
::1 - - [04/Jul/2021:08:56:05 +0000] "GET /vendors/bootstrap/dist/css/jquerysctipttop.css HTTP/1.1" 304 - "https://localhost/chartmonitornolayout" "Mozilla/5.0 (Windows NT 10.0; Win64; x64) AppleWebKit/537.36 (KHTML, like Gecko) Chrome/91.0.4472.114 Safari/537.36"
::1 - - [04/Jul/2021:08:56:05 +0000] "GET /vendors/bootstrap/dist/css/newPDF.css HTTP/1.1" 304 - "https://localhost/chartmonitornolayout" "Mozilla/5.0 (Windows NT 10.0; Win64; x64) AppleWebKit/537.36 (KHTML, like Gecko) Chrome/91.0.4472.114 Safari/537.36"
::1 - - [04/Jul/2021:08:56:05 +0000] "GET /vendors/bootstrap/dist/css/bootstrap-toggle.min.css HTTP/1.1" 304 - "https://localhost/chartmonitornolayout" "Mozilla/5.0 (Windows NT 10.0; Win64; x64) AppleWebKit/537.36 (KHTML, like Gecko) Chrome/91.0.4472.114 Safari/537.36"
::1 - - [04/Jul/2021:08:56:05 +0000] "GET /assets/hashes.js HTTP/1.1" 304 - "https://localhost/chartmonitornolayout" "Mozilla/5.0 (Windows NT 10.0; Win64; x64) AppleWebKit/537.36 (KHTML, like Gecko) Chrome/91.0.4472.114 Safari/537.36"
::1 - - [04/Jul/2021:08:56:05 +0000] "GET /assets/js/jquery.213.min.js HTTP/1.1" 304 - "https://localhost/chartmonitornolayout" "Mozilla/5.0 (Windows NT 10.0; Win64; x64) AppleWebKit/537.36 (KHTML, like Gecko) Chrome/91.0.4472.114 Safari/537.36"
::1 - - [04/Jul/2021:08:56:05 +0000] "GET /assets/js/pdfobject.min.js HTTP/1.1" 304 - "https://localhost/chartmonitornolayout" "Mozilla/5.0 (Windows NT 10.0; Win64; x64) AppleWebKit/537.36 (KHTML, like Gecko) Chrome/91.0.4472.114 Safari/537.36"
::1 - - [04/Jul/2021:08:56:05 +0000] "GET /vendors/chart.js/dist/hammer.js HTTP/1.1" 304 - "https://localhost/chartmonitornolayout" "Mozilla/5.0 (Windows NT 10.0; Win64; x64) AppleWebKit/537.36 (KHTML, like Gecko) Chrome/91.0.4472.114 Safari/537.36"
::1 - - [04/Jul/2021:08:56:05 +0000] "GET /vendors/chart.js/dist/Chart.bundle.js HTTP/1.1" 304 - "https://localhost/chartmonitornolayout" "Mozilla/5.0 (Windows NT 10.0; Win64; x64) AppleWebKit/537.36 (KHTML, like Gecko) Chrome/91.0.4472.114 Safari/537.36"
::1 - - [04/Jul/2021:08:56:05 +0000] "GET /vendors/datatables.net-bs4/css/dataTables.bootstrap4.css HTTP/1.1" 200 5800 "https://localhost/chartmonitornolayout" "Mozilla/5.0 (Windows NT 10.0; Win64; x64) AppleWebKit/537.36 (KHTML, like Gecko) Chrome/91.0.4472.114 Safari/537.36"
::1 - - [04/Jul/2021:08:56:05 +0000] "GET /vendors/datatables.net-buttons-bs4/css/buttons.bootstrap4.min.css HTTP/1.1" 200 4163 "https://localhost/chartmonitornolayout" "Mozilla/5.0 (Windows NT 10.0; Win64; x64) AppleWebKit/537.36 (KHTML, like Gecko) Chrome/91.0.4472.114 Safari/537.36"
::1 - - [04/Jul/2021:08:56:05 +0000] "GET /vendors/chart.js/dist/zoom.js HTTP/1.1" 304 - "https://localhost/chartmonitornolayout" "Mozilla/5.0 (Windows NT 10.0; Win64; x64) AppleWebKit/537.36 (KHTML, like Gecko) Chrome/91.0.4472.114 Safari/537.36"
::1 - - [04/Jul/2021:08:56:05 +0000] "GET /vendors/chart.js/dist/utils.js HTTP/1.1" 304 - "https://localhost/chartmonitornolayout" "Mozilla/5.0 (Windows NT 10.0; Win64; x64) AppleWebKit/537.36 (KHTML, like Gecko) Chrome/91.0.4472.114 Safari/537.36"
::1 - - [04/Jul/2021:08:56:05 +0000] "GET /vendors/jquery/dist/jquery.min.js HTTP/1.1" 304 - "https://localhost/chartmonitornolayout" "Mozilla/5.0 (Windows NT 10.0; Win64; x64) AppleWebKit/537.36 (KHTML, like Gecko) Chrome/91.0.4472.114 Safari/537.36"
::1 - - [04/Jul/2021:08:56:05 +0000] "GET /vendors/popper.js/dist/umd/popper.min.js HTTP/1.1" 304 - "https://localhost/chartmonitornolayout" "Mozilla/5.0 (Windows NT 10.0; Win64; x64) AppleWebKit/537.36 (KHTML, like Gecko) Chrome/91.0.4472.114 Safari/537.36"
::1 - - [04/Jul/2021:08:56:05 +0000] "GET /vendors/bootstrap/dist/js/bootstrap.min.js HTTP/1.1" 304 - "https://localhost/chartmonitornolayout" "Mozilla/5.0 (Windows NT 10.0; Win64; x64) AppleWebKit/537.36 (KHTML, like Gecko) Chrome/91.0.4472.114 Safari/537.36"
::1 - - [04/Jul/2021:08:56:05 +0000] "GET /assets/js/main.js HTTP/1.1" 304 - "https://localhost/chartmonitornolayout" "Mozilla/5.0 (Windows NT 10.0; Win64; x64) AppleWebKit/537.36 (KHTML, like Gecko) Chrome/91.0.4472.114 Safari/537.36"
::1 - - [04/Jul/2021:08:56:05 +0000] "GET /vendors/bootstrap/dist/js/select2.min.js HTTP/1.1" 304 - "https://localhost/chartmonitornolayout" "Mozilla/5.0 (Windows NT 10.0; Win64; x64) AppleWebKit/537.36 (KHTML, like Gecko) Chrome/91.0.4472.114 Safari/537.36"
::1 - - [04/Jul/2021:08:56:05 +0000] "GET /assets/js/adapter.min.js HTTP/1.1" 304 - "https://localhost/chartmonitornolayout" "Mozilla/5.0 (Windows NT 10.0; Win64; x64) AppleWebKit/537.36 (KHTML, like Gecko) Chrome/91.0.4472.114 Safari/537.36"
::1 - - [04/Jul/2021:08:56:05 +0000] "GET /assets/js/vue.min.js HTTP/1.1" 304 - "https://localhost/chartmonitornolayout" "Mozilla/5.0 (Windows NT 10.0; Win64; x64) AppleWebKit/537.36 (KHTML, like Gecko) Chrome/91.0.4472.114 Safari/537.36"
::1 - - [04/Jul/2021:08:56:05 +0000] "GET /assets/js/instascan.min.js HTTP/1.1" 304 - "https://localhost/chartmonitornolayout" "Mozilla/5.0 (Windows NT 10.0; Win64; x64) AppleWebKit/537.36 (KHTML, like Gecko) Chrome/91.0.4472.114 Safari/537.36"
::1 - - [04/Jul/2021:08:56:05 +0000] "GET /vendors/bootstrap/dist/js/pdf.min.js HTTP/1.1" 304 - "https://localhost/chartmonitornolayout" "Mozilla/5.0 (Windows NT 10.0; Win64; x64) AppleWebKit/537.36 (KHTML, like Gecko) Chrome/91.0.4472.114 Safari/537.36"
::1 - - [04/Jul/2021:08:56:05 +0000] "GET /vendors/bootstrap/dist/js/pdf.worker.min.js HTTP/1.1" 304 - "https://localhost/chartmonitornolayout" "Mozilla/5.0 (Windows NT 10.0; Win64; x64) AppleWebKit/537.36 (KHTML, like Gecko) Chrome/91.0.4472.114 Safari/537.36"
::1 - - [04/Jul/2021:08:56:05 +0000] "GET /vendors/bootstrap/dist/js/file-explore.js HTTP/1.1" 304 - "https://localhost/chartmonitornolayout" "Mozilla/5.0 (Windows NT 10.0; Win64; x64) AppleWebKit/537.36 (KHTML, like Gecko) Chrome/91.0.4472.114 Safari/537.36"
::1 - - [04/Jul/2021:08:56:05 +0000] "GET /vendors/bootstrap/dist/js/side.js HTTP/1.1" 304 - "https://localhost/chartmonitornolayout" "Mozilla/5.0 (Windows NT 10.0; Win64; x64) AppleWebKit/537.36 (KHTML, like Gecko) Chrome/91.0.4472.114 Safari/537.36"
::1 - - [04/Jul/2021:08:56:05 +0000] "GET /vendors/bootstrap/dist/js/bootstrap-toggle.min.js HTTP/1.1" 304 - "https://localhost/chartmonitornolayout" "Mozilla/5.0 (Windows NT 10.0; Win64; x64) AppleWebKit/537.36 (KHTML, like Gecko) Chrome/91.0.4472.114 Safari/537.36"
::1 - - [04/Jul/2021:08:56:05 +0000] "GET /vendors/datatables.net-bs4/js/dataTables.bootstrap4.min.js HTTP/1.1" 200 2085 "https://localhost/chartmonitornolayout" "Mozilla/5.0 (Windows NT 10.0; Win64; x64) AppleWebKit/537.36 (KHTML, like Gecko) Chrome/91.0.4472.114 Safari/537.36"
::1 - - [04/Jul/2021:08:56:05 +0000] "GET /vendors/datatables.net-buttons/js/dataTables.buttons.min.js HTTP/1.1" 200 18627 "https://localhost/chartmonitornolayout" "Mozilla/5.0 (Windows NT 10.0; Win64; x64) AppleWebKit/537.36 (KHTML, like Gecko) Chrome/91.0.4472.114 Safari/537.36"
::1 - - [04/Jul/2021:08:56:05 +0000] "GET /assets/js/dashboard.js HTTP/1.1" 304 - "https://localhost/chartmonitornolayout" "Mozilla/5.0 (Windows NT 10.0; Win64; x64) AppleWebKit/537.36 (KHTML, like Gecko) Chrome/91.0.4472.114 Safari/537.36"
::1 - - [04/Jul/2021:08:56:05 +0000] "GET /assets/cookie.js HTTP/1.1" 304 - "https://localhost/chartmonitornolayout" "Mozilla/5.0 (Windows NT 10.0; Win64; x64) AppleWebKit/537.36 (KHTML, like Gecko) Chrome/91.0.4472.114 Safari/537.36"
::1 - - [04/Jul/2021:08:56:05 +0000] "GET /vendors/datatables.net-buttons-bs4/js/buttons.bootstrap4.min.js HTTP/1.1" 200 966 "https://localhost/chartmonitornolayout" "Mozilla/5.0 (Windows NT 10.0; Win64; x64) AppleWebKit/537.36 (KHTML, like Gecko) Chrome/91.0.4472.114 Safari/537.36"
::1 - - [04/Jul/2021:08:56:05 +0000] "GET /assets/modaldoc.js HTTP/1.1" 304 - "https://localhost/chartmonitornolayout" "Mozilla/5.0 (Windows NT 10.0; Win64; x64) AppleWebKit/537.36 (KHTML, like Gecko) Chrome/91.0.4472.114 Safari/537.36"
::1 - - [04/Jul/2021:08:56:05 +0000] "GET /assets/common.js HTTP/1.1" 304 - "https://localhost/chartmonitornolayout" "Mozilla/5.0 (Windows NT 10.0; Win64; x64) AppleWebKit/537.36 (KHTML, like Gecko) Chrome/91.0.4472.114 Safari/537.36"
::1 - - [04/Jul/2021:08:56:05 +0000] "GET /assets/routeclas.js HTTP/1.1" 304 - "https://localhost/chartmonitornolayout" "Mozilla/5.0 (Windows NT 10.0; Win64; x64) AppleWebKit/537.36 (KHTML, like Gecko) Chrome/91.0.4472.114 Safari/537.36"
::1 - - [04/Jul/2021:08:56:05 +0000] "GET /vendors/jszip/dist/jszip.min.js HTTP/1.1" 200 102328 "https://localhost/chartmonitornolayout" "Mozilla/5.0 (Windows NT 10.0; Win64; x64) AppleWebKit/537.36 (KHTML, like Gecko) Chrome/91.0.4472.114 Safari/537.36"
::1 - - [04/Jul/2021:08:56:05 +0000] "GET /vendors/chosen/chosen.jquery.min.js HTTP/1.1" 304 - "https://localhost/chartmonitornolayout" "Mozilla/5.0 (Windows NT 10.0; Win64; x64) AppleWebKit/537.36 (KHTML, like Gecko) Chrome/91.0.4472.114 Safari/537.36"
::1 - - [04/Jul/2021:08:56:05 +0000] "GET /assets/app.js HTTP/1.1" 304 - "https://localhost/chartmonitornolayout" "Mozilla/5.0 (Windows NT 10.0; Win64; x64) AppleWebKit/537.36 (KHTML, like Gecko) Chrome/91.0.4472.114 Safari/537.36"
::1 - - [04/Jul/2021:08:56:05 +0000] "GET /vendors/datatables.net/js/jquery.chartTables.js HTTP/1.1" 200 447573 "https://localhost/chartmonitornolayout" "Mozilla/5.0 (Windows NT 10.0; Win64; x64) AppleWebKit/537.36 (KHTML, like Gecko) Chrome/91.0.4472.114 Safari/537.36"
::1 - - [04/Jul/2021:08:56:05 +0000] "GET /vendors/datatables.net-buttons/js/buttons.html5.min.js HTTP/1.1" 200 24529 "https://localhost/chartmonitornolayout" "Mozilla/5.0 (Windows NT 10.0; Win64; x64) AppleWebKit/537.36 (KHTML, like Gecko) Chrome/91.0.4472.114 Safari/537.36"
::1 - - [04/Jul/2021:08:56:05 +0000] "GET /vendors/datatables.net-buttons/js/buttons.print.min.js HTTP/1.1" 200 2212 "https://localhost/chartmonitornolayout" "Mozilla/5.0 (Windows NT 10.0; Win64; x64) AppleWebKit/537.36 (KHTML, like Gecko) Chrome/91.0.4472.114 Safari/537.36"
::1 - - [04/Jul/2021:08:56:05 +0000] "GET /vendors/datatables.net-buttons/js/buttons.colVis.min.js HTTP/1.1" 200 2957 "https://localhost/chartmonitornolayout" "Mozilla/5.0 (Windows NT 10.0; Win64; x64) AppleWebKit/537.36 (KHTML, like Gecko) Chrome/91.0.4472.114 Safari/537.36"
::1 - - [04/Jul/2021:08:56:05 +0000] "GET /assets/chartmonitor.js HTTP/1.1" 200 7540 "https://localhost/chartmonitornolayout" "Mozilla/5.0 (Windows NT 10.0; Win64; x64) AppleWebKit/537.36 (KHTML, like Gecko) Chrome/91.0.4472.114 Safari/537.36"
::1 - - [04/Jul/2021:08:56:05 +0000] "GET /images/noti.wav HTTP/1.1" 206 10996 "https://localhost/dashlogs" "Mozilla/5.0 (Windows NT 10.0; Win64; x64) AppleWebKit/537.36 (KHTML, like Gecko) Chrome/91.0.4472.114 Safari/537.36"
::1 - - [04/Jul/2021:08:56:05 +0000] "GET /vendors/pdfmake/build/pdfmake.min.js HTTP/1.1" 200 976572 "https://localhost/chartmonitornolayout" "Mozilla/5.0 (Windows NT 10.0; Win64; x64) AppleWebKit/537.36 (KHTML, like Gecko) Chrome/91.0.4472.114 Safari/537.36"
::1 - - [04/Jul/2021:08:56:05 +0000] "GET /vendors/pdfmake/build/vfs_fonts.js HTTP/1.1" 200 870284 "https://localhost/chartmonitornolayout" "Mozilla/5.0 (Windows NT 10.0; Win64; x64) AppleWebKit/537.36 (KHTML, like Gecko) Chrome/91.0.4472.114 Safari/537.36"
::1 - - [04/Jul/2021:08:56:05 +0000] "GET /images/noti.wav HTTP/1.1" 206 207604 "https://localhost/dashlogs" "Mozilla/5.0 (Windows NT 10.0; Win64; x64) AppleWebKit/537.36 (KHTML, like Gecko) Chrome/91.0.4472.114 Safari/537.36"
::1 - - [04/Jul/2021:08:56:06 +0000] "POST /chartmonitor HTTP/1.1" 200 10588 "https://localhost/chartmonitornolayout" "Mozilla/5.0 (Windows NT 10.0; Win64; x64) AppleWebKit/537.36 (KHTML, like Gecko) Chrome/91.0.4472.114 Safari/537.36"
::1 - - [04/Jul/2021:08:56:06 +0000] "POST /sendincoming HTTP/1.1" 200 358 "https://localhost/chartmonitornolayout" "Mozilla/5.0 (Windows NT 10.0; Win64; x64) AppleWebKit/537.36 (KHTML, like Gecko) Chrome/91.0.4472.114 Safari/537.36"
::1 - - [04/Jul/2021:08:56:06 +0000] "GET /drive/No%20Pending%20Files.pdf HTTP/1.1" 200 175209 "https://localhost/chartmonitornolayout" "Mozilla/5.0 (Windows NT 10.0; Win64; x64) AppleWebKit/537.36 (KHTML, like Gecko) Chrome/91.0.4472.114 Safari/537.36"
::1 - - [04/Jul/2021:08:56:06 +0000] "GET /drive/No%20Pending%20Files.pdf HTTP/1.1" 200 175209 "https://localhost/chartmonitornolayout" "Mozilla/5.0 (Windows NT 10.0; Win64; x64) AppleWebKit/537.36 (KHTML, like Gecko) Chrome/91.0.4472.114 Safari/537.36"
::1 - - [04/Jul/2021:08:56:06 +0000] "GET /drive/No%20Pending%20Files.pdf HTTP/1.1" 206 65536 "https://localhost/chartmonitornolayout" "Mozilla/5.0 (Windows NT 10.0; Win64; x64) AppleWebKit/537.36 (KHTML, like Gecko) Chrome/91.0.4472.114 Safari/537.36"
::1 - - [04/Jul/2021:08:56:06 +0000] "GET /drive/No%20Pending%20Files.pdf HTTP/1.1" 206 65536 "https://localhost/chartmonitornolayout" "Mozilla/5.0 (Windows NT 10.0; Win64; x64) AppleWebKit/537.36 (KHTML, like Gecko) Chrome/91.0.4472.114 Safari/537.36"
::1 - - [04/Jul/2021:08:56:07 +0000] "POST /dashlogs HTTP/1.1" 200 8436 "https://localhost/dashlogs" "Mozilla/5.0 (Windows NT 10.0; Win64; x64) AppleWebKit/537.36 (KHTML, like Gecko) Chrome/91.0.4472.114 Safari/537.36"
::1 - - [04/Jul/2021:08:56:09 +0000] "GET /searchbasic HTTP/1.1" 200 60835 "https://localhost/dashlogs" "Mozilla/5.0 (Windows NT 10.0; Win64; x64) AppleWebKit/537.36 (KHTML, like Gecko) Chrome/91.0.4472.114 Safari/537.36"
::1 - - [04/Jul/2021:08:56:09 +0000] "GET /vendors/bootstrap/dist/css/bootstrap.css HTTP/1.1" 304 - "https://localhost/searchbasic" "Mozilla/5.0 (Windows NT 10.0; Win64; x64) AppleWebKit/537.36 (KHTML, like Gecko) Chrome/91.0.4472.114 Safari/537.36"
::1 - - [04/Jul/2021:08:56:09 +0000] "GET /vendors/font-awesome/css/font-awesome.min.css HTTP/1.1" 304 - "https://localhost/searchbasic" "Mozilla/5.0 (Windows NT 10.0; Win64; x64) AppleWebKit/537.36 (KHTML, like Gecko) Chrome/91.0.4472.114 Safari/537.36"
::1 - - [04/Jul/2021:08:56:09 +0000] "GET /vendors/themify-icons/css/themify-icons.css HTTP/1.1" 304 - "https://localhost/searchbasic" "Mozilla/5.0 (Windows NT 10.0; Win64; x64) AppleWebKit/537.36 (KHTML, like Gecko) Chrome/91.0.4472.114 Safari/537.36"
::1 - - [04/Jul/2021:08:56:09 +0000] "GET /vendors/flag-icon-css/css/flag-icon.min.css HTTP/1.1" 304 - "https://localhost/searchbasic" "Mozilla/5.0 (Windows NT 10.0; Win64; x64) AppleWebKit/537.36 (KHTML, like Gecko) Chrome/91.0.4472.114 Safari/537.36"
::1 - - [04/Jul/2021:08:56:09 +0000] "GET /vendors/selectFX/css/cs-skin-elastic.css HTTP/1.1" 304 - "https://localhost/searchbasic" "Mozilla/5.0 (Windows NT 10.0; Win64; x64) AppleWebKit/537.36 (KHTML, like Gecko) Chrome/91.0.4472.114 Safari/537.36"
::1 - - [04/Jul/2021:08:56:09 +0000] "GET /vendors/jqvmap/dist/jqvmap.min.css HTTP/1.1" 304 - "https://localhost/searchbasic" "Mozilla/5.0 (Windows NT 10.0; Win64; x64) AppleWebKit/537.36 (KHTML, like Gecko) Chrome/91.0.4472.114 Safari/537.36"
::1 - - [04/Jul/2021:08:56:09 +0000] "GET /vendors/bootstrap/dist/css/select2.css HTTP/1.1" 304 - "https://localhost/searchbasic" "Mozilla/5.0 (Windows NT 10.0; Win64; x64) AppleWebKit/537.36 (KHTML, like Gecko) Chrome/91.0.4472.114 Safari/537.36"
::1 - - [04/Jul/2021:08:56:09 +0000] "GET /assets/css/style.css HTTP/1.1" 304 - "https://localhost/searchbasic" "Mozilla/5.0 (Windows NT 10.0; Win64; x64) AppleWebKit/537.36 (KHTML, like Gecko) Chrome/91.0.4472.114 Safari/537.36"
::1 - - [04/Jul/2021:08:56:09 +0000] "GET /vendors/bootstrap/dist/css/font.css HTTP/1.1" 304 - "https://localhost/searchbasic" "Mozilla/5.0 (Windows NT 10.0; Win64; x64) AppleWebKit/537.36 (KHTML, like Gecko) Chrome/91.0.4472.114 Safari/537.36"
::1 - - [04/Jul/2021:08:56:09 +0000] "GET /vendors/chosen/chosen.min.css HTTP/1.1" 304 - "https://localhost/searchbasic" "Mozilla/5.0 (Windows NT 10.0; Win64; x64) AppleWebKit/537.36 (KHTML, like Gecko) Chrome/91.0.4472.114 Safari/537.36"
::1 - - [04/Jul/2021:08:56:09 +0000] "GET /vendors/bootstrap/dist/css/side.css HTTP/1.1" 304 - "https://localhost/searchbasic" "Mozilla/5.0 (Windows NT 10.0; Win64; x64) AppleWebKit/537.36 (KHTML, like Gecko) Chrome/91.0.4472.114 Safari/537.36"
::1 - - [04/Jul/2021:08:56:09 +0000] "GET /vendors/bootstrap/dist/css/file-explore.css HTTP/1.1" 304 - "https://localhost/searchbasic" "Mozilla/5.0 (Windows NT 10.0; Win64; x64) AppleWebKit/537.36 (KHTML, like Gecko) Chrome/91.0.4472.114 Safari/537.36"
::1 - - [04/Jul/2021:08:56:09 +0000] "GET /vendors/bootstrap/dist/css/jquerysctipttop.css HTTP/1.1" 304 - "https://localhost/searchbasic" "Mozilla/5.0 (Windows NT 10.0; Win64; x64) AppleWebKit/537.36 (KHTML, like Gecko) Chrome/91.0.4472.114 Safari/537.36"
::1 - - [04/Jul/2021:08:56:09 +0000] "GET /vendors/bootstrap/dist/css/newPDF.css HTTP/1.1" 304 - "https://localhost/searchbasic" "Mozilla/5.0 (Windows NT 10.0; Win64; x64) AppleWebKit/537.36 (KHTML, like Gecko) Chrome/91.0.4472.114 Safari/537.36"
::1 - - [04/Jul/2021:08:56:09 +0000] "GET /vendors/bootstrap/dist/css/bootstrap-toggle.min.css HTTP/1.1" 304 - "https://localhost/searchbasic" "Mozilla/5.0 (Windows NT 10.0; Win64; x64) AppleWebKit/537.36 (KHTML, like Gecko) Chrome/91.0.4472.114 Safari/537.36"
::1 - - [04/Jul/2021:08:56:09 +0000] "GET /assets/hashes.js HTTP/1.1" 304 - "https://localhost/searchbasic" "Mozilla/5.0 (Windows NT 10.0; Win64; x64) AppleWebKit/537.36 (KHTML, like Gecko) Chrome/91.0.4472.114 Safari/537.36"
::1 - - [04/Jul/2021:08:56:09 +0000] "GET /assets/js/jquery.213.min.js HTTP/1.1" 304 - "https://localhost/searchbasic" "Mozilla/5.0 (Windows NT 10.0; Win64; x64) AppleWebKit/537.36 (KHTML, like Gecko) Chrome/91.0.4472.114 Safari/537.36"
::1 - - [04/Jul/2021:08:56:09 +0000] "GET /vendors/jquery/dist/jquery.min.js HTTP/1.1" 304 - "https://localhost/searchbasic" "Mozilla/5.0 (Windows NT 10.0; Win64; x64) AppleWebKit/537.36 (KHTML, like Gecko) Chrome/91.0.4472.114 Safari/537.36"
::1 - - [04/Jul/2021:08:56:09 +0000] "GET /vendors/popper.js/dist/umd/popper.min.js HTTP/1.1" 304 - "https://localhost/searchbasic" "Mozilla/5.0 (Windows NT 10.0; Win64; x64) AppleWebKit/537.36 (KHTML, like Gecko) Chrome/91.0.4472.114 Safari/537.36"
::1 - - [04/Jul/2021:08:56:09 +0000] "GET /vendors/bootstrap/dist/js/bootstrap.min.js HTTP/1.1" 304 - "https://localhost/searchbasic" "Mozilla/5.0 (Windows NT 10.0; Win64; x64) AppleWebKit/537.36 (KHTML, like Gecko) Chrome/91.0.4472.114 Safari/537.36"
::1 - - [04/Jul/2021:08:56:09 +0000] "GET /assets/js/main.js HTTP/1.1" 304 - "https://localhost/searchbasic" "Mozilla/5.0 (Windows NT 10.0; Win64; x64) AppleWebKit/537.36 (KHTML, like Gecko) Chrome/91.0.4472.114 Safari/537.36"
::1 - - [04/Jul/2021:08:56:09 +0000] "GET /assets/searchdoc.js HTTP/1.1" 200 3384 "https://localhost/searchbasic" "Mozilla/5.0 (Windows NT 10.0; Win64; x64) AppleWebKit/537.36 (KHTML, like Gecko) Chrome/91.0.4472.114 Safari/537.36"
::1 - - [04/Jul/2021:08:56:09 +0000] "GET /vendors/bootstrap/dist/js/select2.min.js HTTP/1.1" 304 - "https://localhost/searchbasic" "Mozilla/5.0 (Windows NT 10.0; Win64; x64) AppleWebKit/537.36 (KHTML, like Gecko) Chrome/91.0.4472.114 Safari/537.36"
::1 - - [04/Jul/2021:08:56:09 +0000] "GET /assets/js/adapter.min.js HTTP/1.1" 304 - "https://localhost/searchbasic" "Mozilla/5.0 (Windows NT 10.0; Win64; x64) AppleWebKit/537.36 (KHTML, like Gecko) Chrome/91.0.4472.114 Safari/537.36"
::1 - - [04/Jul/2021:08:56:09 +0000] "GET /assets/js/vue.min.js HTTP/1.1" 304 - "https://localhost/searchbasic" "Mozilla/5.0 (Windows NT 10.0; Win64; x64) AppleWebKit/537.36 (KHTML, like Gecko) Chrome/91.0.4472.114 Safari/537.36"
::1 - - [04/Jul/2021:08:56:09 +0000] "GET /assets/js/instascan.min.js HTTP/1.1" 304 - "https://localhost/searchbasic" "Mozilla/5.0 (Windows NT 10.0; Win64; x64) AppleWebKit/537.36 (KHTML, like Gecko) Chrome/91.0.4472.114 Safari/537.36"
::1 - - [04/Jul/2021:08:56:09 +0000] "GET /vendors/bootstrap/dist/js/pdf.min.js HTTP/1.1" 304 - "https://localhost/searchbasic" "Mozilla/5.0 (Windows NT 10.0; Win64; x64) AppleWebKit/537.36 (KHTML, like Gecko) Chrome/91.0.4472.114 Safari/537.36"
::1 - - [04/Jul/2021:08:56:09 +0000] "GET /vendors/bootstrap/dist/js/pdf.worker.min.js HTTP/1.1" 304 - "https://localhost/searchbasic" "Mozilla/5.0 (Windows NT 10.0; Win64; x64) AppleWebKit/537.36 (KHTML, like Gecko) Chrome/91.0.4472.114 Safari/537.36"
::1 - - [04/Jul/2021:08:56:09 +0000] "GET /vendors/bootstrap/dist/js/file-explore.js HTTP/1.1" 304 - "https://localhost/searchbasic" "Mozilla/5.0 (Windows NT 10.0; Win64; x64) AppleWebKit/537.36 (KHTML, like Gecko) Chrome/91.0.4472.114 Safari/537.36"
::1 - - [04/Jul/2021:08:56:09 +0000] "GET /vendors/font-awesome/fonts/fontawesome-webfont.woff2?v=4.7.0 HTTP/1.1" 304 - "https://localhost/vendors/font-awesome/css/font-awesome.min.css" "Mozilla/5.0 (Windows NT 10.0; Win64; x64) AppleWebKit/537.36 (KHTML, like Gecko) Chrome/91.0.4472.114 Safari/537.36"
::1 - - [04/Jul/2021:08:56:09 +0000] "GET /vendors/bootstrap/dist/css/font/open-sans-v17-vietnamese_latin-ext_latin_greek-ext_greek_cyrillic-ext_cyrillic-regular.woff2 HTTP/1.1" 304 - "https://localhost/vendors/bootstrap/dist/css/font.css" "Mozilla/5.0 (Windows NT 10.0; Win64; x64) AppleWebKit/537.36 (KHTML, like Gecko) Chrome/91.0.4472.114 Safari/537.36"
::1 - - [04/Jul/2021:08:56:09 +0000] "GET /vendors/bootstrap/dist/css/font/open-sans-v17-vietnamese_latin-ext_latin_greek-ext_greek_cyrillic-ext_cyrillic-700.woff2 HTTP/1.1" 304 - "https://localhost/vendors/bootstrap/dist/css/font.css" "Mozilla/5.0 (Windows NT 10.0; Win64; x64) AppleWebKit/537.36 (KHTML, like Gecko) Chrome/91.0.4472.114 Safari/537.36"
::1 - - [04/Jul/2021:08:56:09 +0000] "GET /images/logo.png HTTP/1.1" 304 - "https://localhost/searchbasic" "Mozilla/5.0 (Windows NT 10.0; Win64; x64) AppleWebKit/537.36 (KHTML, like Gecko) Chrome/91.0.4472.114 Safari/537.36"
::1 - - [04/Jul/2021:08:56:09 +0000] "GET /vendors/bootstrap/dist/js/side.js HTTP/1.1" 304 - "https://localhost/searchbasic" "Mozilla/5.0 (Windows NT 10.0; Win64; x64) AppleWebKit/537.36 (KHTML, like Gecko) Chrome/91.0.4472.114 Safari/537.36"
::1 - - [04/Jul/2021:08:56:09 +0000] "GET /images/nelson.jpg HTTP/1.1" 404 156 "https://localhost/searchbasic" "Mozilla/5.0 (Windows NT 10.0; Win64; x64) AppleWebKit/537.36 (KHTML, like Gecko) Chrome/91.0.4472.114 Safari/537.36"
::1 - - [04/Jul/2021:08:56:09 +0000] "GET /vendors/bootstrap/dist/js/bootstrap-toggle.min.js HTTP/1.1" 304 - "https://localhost/searchbasic" "Mozilla/5.0 (Windows NT 10.0; Win64; x64) AppleWebKit/537.36 (KHTML, like Gecko) Chrome/91.0.4472.114 Safari/537.36"
::1 - - [04/Jul/2021:08:56:09 +0000] "GET /assets/js/dashboard.js HTTP/1.1" 304 - "https://localhost/searchbasic" "Mozilla/5.0 (Windows NT 10.0; Win64; x64) AppleWebKit/537.36 (KHTML, like Gecko) Chrome/91.0.4472.114 Safari/537.36"
::1 - - [04/Jul/2021:08:56:09 +0000] "GET /assets/cookie.js HTTP/1.1" 304 - "https://localhost/searchbasic" "Mozilla/5.0 (Windows NT 10.0; Win64; x64) AppleWebKit/537.36 (KHTML, like Gecko) Chrome/91.0.4472.114 Safari/537.36"
::1 - - [04/Jul/2021:08:56:09 +0000] "GET /assets/modaldoc.js HTTP/1.1" 304 - "https://localhost/searchbasic" "Mozilla/5.0 (Windows NT 10.0; Win64; x64) AppleWebKit/537.36 (KHTML, like Gecko) Chrome/91.0.4472.114 Safari/537.36"
::1 - - [04/Jul/2021:08:56:09 +0000] "GET /assets/common.js HTTP/1.1" 304 - "https://localhost/searchbasic" "Mozilla/5.0 (Windows NT 10.0; Win64; x64) AppleWebKit/537.36 (KHTML, like Gecko) Chrome/91.0.4472.114 Safari/537.36"
::1 - - [04/Jul/2021:08:56:09 +0000] "GET /assets/routeclas.js HTTP/1.1" 304 - "https://localhost/searchbasic" "Mozilla/5.0 (Windows NT 10.0; Win64; x64) AppleWebKit/537.36 (KHTML, like Gecko) Chrome/91.0.4472.114 Safari/537.36"
::1 - - [04/Jul/2021:08:56:09 +0000] "GET /vendors/chosen/chosen.jquery.min.js HTTP/1.1" 304 - "https://localhost/searchbasic" "Mozilla/5.0 (Windows NT 10.0; Win64; x64) AppleWebKit/537.36 (KHTML, like Gecko) Chrome/91.0.4472.114 Safari/537.36"
::1 - - [04/Jul/2021:08:56:09 +0000] "GET /assets/app.js HTTP/1.1" 304 - "https://localhost/searchbasic" "Mozilla/5.0 (Windows NT 10.0; Win64; x64) AppleWebKit/537.36 (KHTML, like Gecko) Chrome/91.0.4472.114 Safari/537.36"
::1 - - [04/Jul/2021:08:56:09 +0000] "GET /images/logo2.png HTTP/1.1" 304 - "https://localhost/searchbasic" "Mozilla/5.0 (Windows NT 10.0; Win64; x64) AppleWebKit/537.36 (KHTML, like Gecko) Chrome/91.0.4472.114 Safari/537.36"
::1 - - [04/Jul/2021:08:56:09 +0000] "GET /images/manager-it.jpg HTTP/1.1" 304 - "https://localhost/searchbasic" "Mozilla/5.0 (Windows NT 10.0; Win64; x64) AppleWebKit/537.36 (KHTML, like Gecko) Chrome/91.0.4472.114 Safari/537.36"
::1 - - [04/Jul/2021:08:56:09 +0000] "POST /sendincoming HTTP/1.1" 200 358 "https://localhost/searchbasic" "Mozilla/5.0 (Windows NT 10.0; Win64; x64) AppleWebKit/537.36 (KHTML, like Gecko) Chrome/91.0.4472.114 Safari/537.36"
::1 - - [04/Jul/2021:08:56:24 +0000] "POST /searchbasic HTTP/1.1" 200 51 "https://localhost/searchbasic" "Mozilla/5.0 (Windows NT 10.0; Win64; x64) AppleWebKit/537.36 (KHTML, like Gecko) Chrome/91.0.4472.114 Safari/537.36"
::1 - - [04/Jul/2021:08:56:29 +0000] "POST /sendincoming HTTP/1.1" 200 358 "https://localhost/searchbasic" "Mozilla/5.0 (Windows NT 10.0; Win64; x64) AppleWebKit/537.36 (KHTML, like Gecko) Chrome/91.0.4472.114 Safari/537.36"
::1 - - [04/Jul/2021:08:56:30 +0000] "POST /searchbasic HTTP/1.1" 200 6406 "https://localhost/searchbasic" "Mozilla/5.0 (Windows NT 10.0; Win64; x64) AppleWebKit/537.36 (KHTML, like Gecko) Chrome/91.0.4472.114 Safari/537.36"
::1 - - [04/Jul/2021:08:56:33 +0000] "POST /searchnext HTTP/1.1" 200 7028 "https://localhost/searchbasic" "Mozilla/5.0 (Windows NT 10.0; Win64; x64) AppleWebKit/537.36 (KHTML, like Gecko) Chrome/91.0.4472.114 Safari/537.36"
::1 - - [04/Jul/2021:08:56:34 +0000] "POST /searchnext HTTP/1.1" 200 7028 "https://localhost/searchbasic" "Mozilla/5.0 (Windows NT 10.0; Win64; x64) AppleWebKit/537.36 (KHTML, like Gecko) Chrome/91.0.4472.114 Safari/537.36"
::1 - - [04/Jul/2021:08:56:35 +0000] "POST /searchnext HTTP/1.1" 200 7028 "https://localhost/searchbasic" "Mozilla/5.0 (Windows NT 10.0; Win64; x64) AppleWebKit/537.36 (KHTML, like Gecko) Chrome/91.0.4472.114 Safari/537.36"
::1 - - [04/Jul/2021:08:56:36 +0000] "POST /searchnext HTTP/1.1" 200 7028 "https://localhost/searchbasic" "Mozilla/5.0 (Windows NT 10.0; Win64; x64) AppleWebKit/537.36 (KHTML, like Gecko) Chrome/91.0.4472.114 Safari/537.36"
::1 - - [04/Jul/2021:08:56:36 +0000] "POST /searchnext HTTP/1.1" 200 7028 "https://localhost/searchbasic" "Mozilla/5.0 (Windows NT 10.0; Win64; x64) AppleWebKit/537.36 (KHTML, like Gecko) Chrome/91.0.4472.114 Safari/537.36"
::1 - - [04/Jul/2021:08:56:37 +0000] "POST /searchnext HTTP/1.1" 200 7028 "https://localhost/searchbasic" "Mozilla/5.0 (Windows NT 10.0; Win64; x64) AppleWebKit/537.36 (KHTML, like Gecko) Chrome/91.0.4472.114 Safari/537.36"
::1 - - [04/Jul/2021:08:56:37 +0000] "POST /searchnext HTTP/1.1" 200 7028 "https://localhost/searchbasic" "Mozilla/5.0 (Windows NT 10.0; Win64; x64) AppleWebKit/537.36 (KHTML, like Gecko) Chrome/91.0.4472.114 Safari/537.36"
::1 - - [04/Jul/2021:08:56:38 +0000] "POST /searchnext HTTP/1.1" 200 7028 "https://localhost/searchbasic" "Mozilla/5.0 (Windows NT 10.0; Win64; x64) AppleWebKit/537.36 (KHTML, like Gecko) Chrome/91.0.4472.114 Safari/537.36"
::1 - - [04/Jul/2021:08:56:38 +0000] "POST /searchnext HTTP/1.1" 200 7028 "https://localhost/searchbasic" "Mozilla/5.0 (Windows NT 10.0; Win64; x64) AppleWebKit/537.36 (KHTML, like Gecko) Chrome/91.0.4472.114 Safari/537.36"
::1 - - [04/Jul/2021:08:56:38 +0000] "POST /searchnext HTTP/1.1" 200 7028 "https://localhost/searchbasic" "Mozilla/5.0 (Windows NT 10.0; Win64; x64) AppleWebKit/537.36 (KHTML, like Gecko) Chrome/91.0.4472.114 Safari/537.36"
::1 - - [04/Jul/2021:08:56:39 +0000] "POST /searchnext HTTP/1.1" 200 7028 "https://localhost/searchbasic" "Mozilla/5.0 (Windows NT 10.0; Win64; x64) AppleWebKit/537.36 (KHTML, like Gecko) Chrome/91.0.4472.114 Safari/537.36"
::1 - - [04/Jul/2021:08:56:39 +0000] "POST /searchnext HTTP/1.1" 200 7028 "https://localhost/searchbasic" "Mozilla/5.0 (Windows NT 10.0; Win64; x64) AppleWebKit/537.36 (KHTML, like Gecko) Chrome/91.0.4472.114 Safari/537.36"
::1 - - [04/Jul/2021:08:56:39 +0000] "POST /searchnext HTTP/1.1" 200 7028 "https://localhost/searchbasic" "Mozilla/5.0 (Windows NT 10.0; Win64; x64) AppleWebKit/537.36 (KHTML, like Gecko) Chrome/91.0.4472.114 Safari/537.36"
::1 - - [04/Jul/2021:08:56:39 +0000] "POST /searchnext HTTP/1.1" 200 7028 "https://localhost/searchbasic" "Mozilla/5.0 (Windows NT 10.0; Win64; x64) AppleWebKit/537.36 (KHTML, like Gecko) Chrome/91.0.4472.114 Safari/537.36"
::1 - - [04/Jul/2021:08:56:40 +0000] "POST /searchnext HTTP/1.1" 200 7028 "https://localhost/searchbasic" "Mozilla/5.0 (Windows NT 10.0; Win64; x64) AppleWebKit/537.36 (KHTML, like Gecko) Chrome/91.0.4472.114 Safari/537.36"
::1 - - [04/Jul/2021:08:56:40 +0000] "POST /searchnext HTTP/1.1" 200 7028 "https://localhost/searchbasic" "Mozilla/5.0 (Windows NT 10.0; Win64; x64) AppleWebKit/537.36 (KHTML, like Gecko) Chrome/91.0.4472.114 Safari/537.36"
::1 - - [04/Jul/2021:08:56:40 +0000] "POST /searchnext HTTP/1.1" 200 7028 "https://localhost/searchbasic" "Mozilla/5.0 (Windows NT 10.0; Win64; x64) AppleWebKit/537.36 (KHTML, like Gecko) Chrome/91.0.4472.114 Safari/537.36"
::1 - - [04/Jul/2021:08:56:40 +0000] "POST /searchnext HTTP/1.1" 200 7028 "https://localhost/searchbasic" "Mozilla/5.0 (Windows NT 10.0; Win64; x64) AppleWebKit/537.36 (KHTML, like Gecko) Chrome/91.0.4472.114 Safari/537.36"
::1 - - [04/Jul/2021:08:56:40 +0000] "POST /searchnext HTTP/1.1" 200 7028 "https://localhost/searchbasic" "Mozilla/5.0 (Windows NT 10.0; Win64; x64) AppleWebKit/537.36 (KHTML, like Gecko) Chrome/91.0.4472.114 Safari/537.36"
::1 - - [04/Jul/2021:08:56:41 +0000] "POST /searchnext HTTP/1.1" 200 7028 "https://localhost/searchbasic" "Mozilla/5.0 (Windows NT 10.0; Win64; x64) AppleWebKit/537.36 (KHTML, like Gecko) Chrome/91.0.4472.114 Safari/537.36"
::1 - - [04/Jul/2021:08:56:41 +0000] "POST /searchnext HTTP/1.1" 200 7028 "https://localhost/searchbasic" "Mozilla/5.0 (Windows NT 10.0; Win64; x64) AppleWebKit/537.36 (KHTML, like Gecko) Chrome/91.0.4472.114 Safari/537.36"
::1 - - [04/Jul/2021:08:56:41 +0000] "POST /searchnext HTTP/1.1" 200 7028 "https://localhost/searchbasic" "Mozilla/5.0 (Windows NT 10.0; Win64; x64) AppleWebKit/537.36 (KHTML, like Gecko) Chrome/91.0.4472.114 Safari/537.36"
::1 - - [04/Jul/2021:08:56:41 +0000] "POST /searchnext HTTP/1.1" 200 7028 "https://localhost/searchbasic" "Mozilla/5.0 (Windows NT 10.0; Win64; x64) AppleWebKit/537.36 (KHTML, like Gecko) Chrome/91.0.4472.114 Safari/537.36"
::1 - - [04/Jul/2021:08:56:41 +0000] "POST /searchnext HTTP/1.1" 200 7028 "https://localhost/searchbasic" "Mozilla/5.0 (Windows NT 10.0; Win64; x64) AppleWebKit/537.36 (KHTML, like Gecko) Chrome/91.0.4472.114 Safari/537.36"
::1 - - [04/Jul/2021:08:56:42 +0000] "POST /searchnext HTTP/1.1" 200 6556 "https://localhost/searchbasic" "Mozilla/5.0 (Windows NT 10.0; Win64; x64) AppleWebKit/537.36 (KHTML, like Gecko) Chrome/91.0.4472.114 Safari/537.36"
::1 - - [04/Jul/2021:08:56:43 +0000] "POST /searchnext HTTP/1.1" 200 7028 "https://localhost/searchbasic" "Mozilla/5.0 (Windows NT 10.0; Win64; x64) AppleWebKit/537.36 (KHTML, like Gecko) Chrome/91.0.4472.114 Safari/537.36"
::1 - - [04/Jul/2021:08:56:49 +0000] "POST /sendincoming HTTP/1.1" 200 358 "https://localhost/searchbasic" "Mozilla/5.0 (Windows NT 10.0; Win64; x64) AppleWebKit/537.36 (KHTML, like Gecko) Chrome/91.0.4472.114 Safari/537.36"
::1 - - [04/Jul/2021:08:56:59 +0000] "POST /searchbasic HTTP/1.1" 200 5985 "https://localhost/searchbasic" "Mozilla/5.0 (Windows NT 10.0; Win64; x64) AppleWebKit/537.36 (KHTML, like Gecko) Chrome/91.0.4472.114 Safari/537.36"
::1 - - [04/Jul/2021:08:57:04 +0000] "POST /searchnext HTTP/1.1" 200 6892 "https://localhost/searchbasic" "Mozilla/5.0 (Windows NT 10.0; Win64; x64) AppleWebKit/537.36 (KHTML, like Gecko) Chrome/91.0.4472.114 Safari/537.36"
::1 - - [04/Jul/2021:08:57:05 +0000] "POST /searchnext HTTP/1.1" 200 6892 "https://localhost/searchbasic" "Mozilla/5.0 (Windows NT 10.0; Win64; x64) AppleWebKit/537.36 (KHTML, like Gecko) Chrome/91.0.4472.114 Safari/537.36"
::1 - - [04/Jul/2021:08:57:09 +0000] "POST /searchnext HTTP/1.1" 200 6892 "https://localhost/searchbasic" "Mozilla/5.0 (Windows NT 10.0; Win64; x64) AppleWebKit/537.36 (KHTML, like Gecko) Chrome/91.0.4472.114 Safari/537.36"
::1 - - [04/Jul/2021:08:57:09 +0000] "POST /searchnext HTTP/1.1" 200 6892 "https://localhost/searchbasic" "Mozilla/5.0 (Windows NT 10.0; Win64; x64) AppleWebKit/537.36 (KHTML, like Gecko) Chrome/91.0.4472.114 Safari/537.36"
::1 - - [04/Jul/2021:08:57:09 +0000] "POST /sendincoming HTTP/1.1" 200 358 "https://localhost/searchbasic" "Mozilla/5.0 (Windows NT 10.0; Win64; x64) AppleWebKit/537.36 (KHTML, like Gecko) Chrome/91.0.4472.114 Safari/537.36"
::1 - - [04/Jul/2021:08:57:09 +0000] "POST /searchnext HTTP/1.1" 200 6892 "https://localhost/searchbasic" "Mozilla/5.0 (Windows NT 10.0; Win64; x64) AppleWebKit/537.36 (KHTML, like Gecko) Chrome/91.0.4472.114 Safari/537.36"
::1 - - [04/Jul/2021:08:57:10 +0000] "POST /searchnext HTTP/1.1" 200 6892 "https://localhost/searchbasic" "Mozilla/5.0 (Windows NT 10.0; Win64; x64) AppleWebKit/537.36 (KHTML, like Gecko) Chrome/91.0.4472.114 Safari/537.36"
::1 - - [04/Jul/2021:08:57:10 +0000] "POST /searchnext HTTP/1.1" 200 6934 "https://localhost/searchbasic" "Mozilla/5.0 (Windows NT 10.0; Win64; x64) AppleWebKit/537.36 (KHTML, like Gecko) Chrome/91.0.4472.114 Safari/537.36"
::1 - - [04/Jul/2021:08:57:11 +0000] "POST /searchnext HTTP/1.1" 200 6892 "https://localhost/searchbasic" "Mozilla/5.0 (Windows NT 10.0; Win64; x64) AppleWebKit/537.36 (KHTML, like Gecko) Chrome/91.0.4472.114 Safari/537.36"
::1 - - [04/Jul/2021:08:57:12 +0000] "POST /searchnext HTTP/1.1" 200 6934 "https://localhost/searchbasic" "Mozilla/5.0 (Windows NT 10.0; Win64; x64) AppleWebKit/537.36 (KHTML, like Gecko) Chrome/91.0.4472.114 Safari/537.36"
::1 - - [04/Jul/2021:08:57:12 +0000] "POST /searchnext HTTP/1.1" 200 6943 "https://localhost/searchbasic" "Mozilla/5.0 (Windows NT 10.0; Win64; x64) AppleWebKit/537.36 (KHTML, like Gecko) Chrome/91.0.4472.114 Safari/537.36"
