::1 - - [01/Aug/2021:06:32:34 +0000] "POST /sendincoming HTTP/1.1" 200 358 "https://localhost/explorer" "Mozilla/5.0 (Windows NT 10.0; Win64; x64) AppleWebKit/537.36 (KHTML, like Gecko) Chrome/92.0.4515.107 Safari/537.36"
::1 - - [01/Aug/2021:06:32:54 +0000] "POST /sendincoming HTTP/1.1" 200 358 "https://localhost/explorer" "Mozilla/5.0 (Windows NT 10.0; Win64; x64) AppleWebKit/537.36 (KHTML, like Gecko) Chrome/92.0.4515.107 Safari/537.36"
::1 - - [01/Aug/2021:06:33:14 +0000] "POST /sendincoming HTTP/1.1" 200 358 "https://localhost/explorer" "Mozilla/5.0 (Windows NT 10.0; Win64; x64) AppleWebKit/537.36 (KHTML, like Gecko) Chrome/92.0.4515.107 Safari/537.36"
::1 - - [01/Aug/2021:06:33:34 +0000] "POST /sendincoming HTTP/1.1" 200 358 "https://localhost/explorer" "Mozilla/5.0 (Windows NT 10.0; Win64; x64) AppleWebKit/537.36 (KHTML, like Gecko) Chrome/92.0.4515.107 Safari/537.36"
::1 - - [01/Aug/2021:06:33:54 +0000] "POST /sendincoming HTTP/1.1" 200 358 "https://localhost/explorer" "Mozilla/5.0 (Windows NT 10.0; Win64; x64) AppleWebKit/537.36 (KHTML, like Gecko) Chrome/92.0.4515.107 Safari/537.36"
::1 - - [01/Aug/2021:06:34:14 +0000] "POST /sendincoming HTTP/1.1" 200 358 "https://localhost/explorer" "Mozilla/5.0 (Windows NT 10.0; Win64; x64) AppleWebKit/537.36 (KHTML, like Gecko) Chrome/92.0.4515.107 Safari/537.36"
::1 - - [01/Aug/2021:06:35:15 +0000] "POST /sendincoming HTTP/1.1" 200 358 "https://localhost/explorer" "Mozilla/5.0 (Windows NT 10.0; Win64; x64) AppleWebKit/537.36 (KHTML, like Gecko) Chrome/92.0.4515.107 Safari/537.36"
::1 - - [01/Aug/2021:06:35:50 +0000] "POST /sendincoming HTTP/1.1" 200 358 "https://localhost/explorer" "Mozilla/5.0 (Windows NT 10.0; Win64; x64) AppleWebKit/537.36 (KHTML, like Gecko) Chrome/92.0.4515.107 Safari/537.36"
::1 - - [01/Aug/2021:06:35:51 +0000] "GET /explorer HTTP/1.1" 200 68532 "https://localhost/chartmonitor" "Mozilla/5.0 (Windows NT 10.0; Win64; x64) AppleWebKit/537.36 (KHTML, like Gecko) Chrome/92.0.4515.107 Safari/537.36"
::1 - - [01/Aug/2021:06:35:51 +0000] "GET /vendors/bootstrap/dist/css/bootstrap.css HTTP/1.1" 200 197172 "https://localhost/explorer" "Mozilla/5.0 (Windows NT 10.0; Win64; x64) AppleWebKit/537.36 (KHTML, like Gecko) Chrome/92.0.4515.107 Safari/537.36"
::1 - - [01/Aug/2021:06:35:51 +0000] "GET /vendors/selectFX/css/cs-skin-elastic.css HTTP/1.1" 200 4956 "https://localhost/explorer" "Mozilla/5.0 (Windows NT 10.0; Win64; x64) AppleWebKit/537.36 (KHTML, like Gecko) Chrome/92.0.4515.107 Safari/537.36"
::1 - - [01/Aug/2021:06:35:51 +0000] "GET /vendors/bootstrap/dist/css/select2.css HTTP/1.1" 200 17358 "https://localhost/explorer" "Mozilla/5.0 (Windows NT 10.0; Win64; x64) AppleWebKit/537.36 (KHTML, like Gecko) Chrome/92.0.4515.107 Safari/537.36"
::1 - - [01/Aug/2021:06:35:51 +0000] "GET /vendors/bootstrap/dist/css/font.css HTTP/1.1" 200 4547 "https://localhost/explorer" "Mozilla/5.0 (Windows NT 10.0; Win64; x64) AppleWebKit/537.36 (KHTML, like Gecko) Chrome/92.0.4515.107 Safari/537.36"
::1 - - [01/Aug/2021:06:35:51 +0000] "GET /vendors/chosen/chosen.min.css HTTP/1.1" 200 10220 "https://localhost/explorer" "Mozilla/5.0 (Windows NT 10.0; Win64; x64) AppleWebKit/537.36 (KHTML, like Gecko) Chrome/92.0.4515.107 Safari/537.36"
::1 - - [01/Aug/2021:06:35:51 +0000] "GET /vendors/bootstrap/dist/css/side.css HTTP/1.1" 200 2514 "https://localhost/explorer" "Mozilla/5.0 (Windows NT 10.0; Win64; x64) AppleWebKit/537.36 (KHTML, like Gecko) Chrome/92.0.4515.107 Safari/537.36"
::1 - - [01/Aug/2021:06:35:51 +0000] "GET /assets/css/style.css HTTP/1.1" 200 138026 "https://localhost/explorer" "Mozilla/5.0 (Windows NT 10.0; Win64; x64) AppleWebKit/537.36 (KHTML, like Gecko) Chrome/92.0.4515.107 Safari/537.36"
::1 - - [01/Aug/2021:06:35:51 +0000] "GET /vendors/bootstrap/dist/css/file-explore.css HTTP/1.1" 200 1194 "https://localhost/explorer" "Mozilla/5.0 (Windows NT 10.0; Win64; x64) AppleWebKit/537.36 (KHTML, like Gecko) Chrome/92.0.4515.107 Safari/537.36"
::1 - - [01/Aug/2021:06:35:51 +0000] "GET /vendors/bootstrap/dist/css/jquerysctipttop.css HTTP/1.1" 200 1427 "https://localhost/explorer" "Mozilla/5.0 (Windows NT 10.0; Win64; x64) AppleWebKit/537.36 (KHTML, like Gecko) Chrome/92.0.4515.107 Safari/537.36"
::1 - - [01/Aug/2021:06:35:51 +0000] "GET /vendors/bootstrap/dist/css/newPDF.css HTTP/1.1" 200 810 "https://localhost/explorer" "Mozilla/5.0 (Windows NT 10.0; Win64; x64) AppleWebKit/537.36 (KHTML, like Gecko) Chrome/92.0.4515.107 Safari/537.36"
::1 - - [01/Aug/2021:06:35:51 +0000] "GET /vendors/bootstrap/dist/css/bootstrap-toggle.min.css HTTP/1.1" 200 2722 "https://localhost/explorer" "Mozilla/5.0 (Windows NT 10.0; Win64; x64) AppleWebKit/537.36 (KHTML, like Gecko) Chrome/92.0.4515.107 Safari/537.36"
::1 - - [01/Aug/2021:06:35:51 +0000] "GET /vendors/themify-icons/css/themify-icons.css HTTP/1.1" 200 16403 "https://localhost/explorer" "Mozilla/5.0 (Windows NT 10.0; Win64; x64) AppleWebKit/537.36 (KHTML, like Gecko) Chrome/92.0.4515.107 Safari/537.36"
::1 - - [01/Aug/2021:06:35:51 +0000] "GET /assets/hashes.js HTTP/1.1" 304 - "https://localhost/explorer" "Mozilla/5.0 (Windows NT 10.0; Win64; x64) AppleWebKit/537.36 (KHTML, like Gecko) Chrome/92.0.4515.107 Safari/537.36"
::1 - - [01/Aug/2021:06:35:51 +0000] "GET /vendors/font-awesome/css/font-awesome.min.css HTTP/1.1" 200 31000 "https://localhost/explorer" "Mozilla/5.0 (Windows NT 10.0; Win64; x64) AppleWebKit/537.36 (KHTML, like Gecko) Chrome/92.0.4515.107 Safari/537.36"
::1 - - [01/Aug/2021:06:35:51 +0000] "GET /vendors/jqvmap/dist/jqvmap.min.css HTTP/1.1" 200 613 "https://localhost/explorer" "Mozilla/5.0 (Windows NT 10.0; Win64; x64) AppleWebKit/537.36 (KHTML, like Gecko) Chrome/92.0.4515.107 Safari/537.36"
::1 - - [01/Aug/2021:06:35:51 +0000] "GET /vendors/flag-icon-css/css/flag-icon.min.css HTTP/1.1" 200 33688 "https://localhost/explorer" "Mozilla/5.0 (Windows NT 10.0; Win64; x64) AppleWebKit/537.36 (KHTML, like Gecko) Chrome/92.0.4515.107 Safari/537.36"
::1 - - [01/Aug/2021:06:35:51 +0000] "GET /assets/js/jquery.213.min.js HTTP/1.1" 304 - "https://localhost/explorer" "Mozilla/5.0 (Windows NT 10.0; Win64; x64) AppleWebKit/537.36 (KHTML, like Gecko) Chrome/92.0.4515.107 Safari/537.36"
::1 - - [01/Aug/2021:06:35:51 +0000] "GET /vendors/font-awesome-4.7/css/font-awesome.min.css HTTP/1.1" 200 31000 "https://localhost/explorer" "Mozilla/5.0 (Windows NT 10.0; Win64; x64) AppleWebKit/537.36 (KHTML, like Gecko) Chrome/92.0.4515.107 Safari/537.36"
::1 - - [01/Aug/2021:06:35:51 +0000] "GET /assets/js/pdfobject.min.js HTTP/1.1" 304 - "https://localhost/explorer" "Mozilla/5.0 (Windows NT 10.0; Win64; x64) AppleWebKit/537.36 (KHTML, like Gecko) Chrome/92.0.4515.107 Safari/537.36"
::1 - - [01/Aug/2021:06:35:51 +0000] "GET /vendors/jquery/dist/jquery.min.js HTTP/1.1" 304 - "https://localhost/explorer" "Mozilla/5.0 (Windows NT 10.0; Win64; x64) AppleWebKit/537.36 (KHTML, like Gecko) Chrome/92.0.4515.107 Safari/537.36"
::1 - - [01/Aug/2021:06:35:51 +0000] "GET /vendors/popper.js/dist/umd/popper.min.js HTTP/1.1" 304 - "https://localhost/explorer" "Mozilla/5.0 (Windows NT 10.0; Win64; x64) AppleWebKit/537.36 (KHTML, like Gecko) Chrome/92.0.4515.107 Safari/537.36"
::1 - - [01/Aug/2021:06:35:51 +0000] "GET /vendors/bootstrap/dist/js/bootstrap.min.js HTTP/1.1" 304 - "https://localhost/explorer" "Mozilla/5.0 (Windows NT 10.0; Win64; x64) AppleWebKit/537.36 (KHTML, like Gecko) Chrome/92.0.4515.107 Safari/537.36"
::1 - - [01/Aug/2021:06:35:51 +0000] "GET /assets/js/main.js HTTP/1.1" 304 - "https://localhost/explorer" "Mozilla/5.0 (Windows NT 10.0; Win64; x64) AppleWebKit/537.36 (KHTML, like Gecko) Chrome/92.0.4515.107 Safari/537.36"
::1 - - [01/Aug/2021:06:35:51 +0000] "GET /vendors/bootstrap/dist/js/select2.min.js HTTP/1.1" 304 - "https://localhost/explorer" "Mozilla/5.0 (Windows NT 10.0; Win64; x64) AppleWebKit/537.36 (KHTML, like Gecko) Chrome/92.0.4515.107 Safari/537.36"
::1 - - [01/Aug/2021:06:35:51 +0000] "GET /assets/explorer.js HTTP/1.1" 200 14555 "https://localhost/explorer" "Mozilla/5.0 (Windows NT 10.0; Win64; x64) AppleWebKit/537.36 (KHTML, like Gecko) Chrome/92.0.4515.107 Safari/537.36"
::1 - - [01/Aug/2021:06:35:51 +0000] "GET /vendors/font-awesome/fonts/fontawesome-webfont.woff2?v=4.7.0 HTTP/1.1" 304 - "https://localhost/vendors/font-awesome/css/font-awesome.min.css" "Mozilla/5.0 (Windows NT 10.0; Win64; x64) AppleWebKit/537.36 (KHTML, like Gecko) Chrome/92.0.4515.107 Safari/537.36"
::1 - - [01/Aug/2021:06:35:51 +0000] "GET /vendors/bootstrap/dist/css/font/open-sans-v17-vietnamese_latin-ext_latin_greek-ext_greek_cyrillic-ext_cyrillic-regular.woff2 HTTP/1.1" 304 - "https://localhost/vendors/bootstrap/dist/css/font.css" "Mozilla/5.0 (Windows NT 10.0; Win64; x64) AppleWebKit/537.36 (KHTML, like Gecko) Chrome/92.0.4515.107 Safari/537.36"
::1 - - [01/Aug/2021:06:35:51 +0000] "GET /vendors/bootstrap/dist/css/font/open-sans-v17-vietnamese_latin-ext_latin_greek-ext_greek_cyrillic-ext_cyrillic-700.woff2 HTTP/1.1" 304 - "https://localhost/vendors/bootstrap/dist/css/font.css" "Mozilla/5.0 (Windows NT 10.0; Win64; x64) AppleWebKit/537.36 (KHTML, like Gecko) Chrome/92.0.4515.107 Safari/537.36"
::1 - - [01/Aug/2021:06:35:51 +0000] "GET /assets/js/adapter.min.js HTTP/1.1" 304 - "https://localhost/explorer" "Mozilla/5.0 (Windows NT 10.0; Win64; x64) AppleWebKit/537.36 (KHTML, like Gecko) Chrome/92.0.4515.107 Safari/537.36"
::1 - - [01/Aug/2021:06:35:51 +0000] "GET /images/logo.png HTTP/1.1" 304 - "https://localhost/explorer" "Mozilla/5.0 (Windows NT 10.0; Win64; x64) AppleWebKit/537.36 (KHTML, like Gecko) Chrome/92.0.4515.107 Safari/537.36"
::1 - - [01/Aug/2021:06:35:51 +0000] "GET /assets/js/vue.min.js HTTP/1.1" 304 - "https://localhost/explorer" "Mozilla/5.0 (Windows NT 10.0; Win64; x64) AppleWebKit/537.36 (KHTML, like Gecko) Chrome/92.0.4515.107 Safari/537.36"
::1 - - [01/Aug/2021:06:35:51 +0000] "GET /assets/js/instascan.min.js HTTP/1.1" 304 - "https://localhost/explorer" "Mozilla/5.0 (Windows NT 10.0; Win64; x64) AppleWebKit/537.36 (KHTML, like Gecko) Chrome/92.0.4515.107 Safari/537.36"
::1 - - [01/Aug/2021:06:35:51 +0000] "GET /vendors/bootstrap/dist/js/pdf.min.js HTTP/1.1" 304 - "https://localhost/explorer" "Mozilla/5.0 (Windows NT 10.0; Win64; x64) AppleWebKit/537.36 (KHTML, like Gecko) Chrome/92.0.4515.107 Safari/537.36"
::1 - - [01/Aug/2021:06:35:51 +0000] "GET /vendors/bootstrap/dist/js/pdf.worker.min.js HTTP/1.1" 304 - "https://localhost/explorer" "Mozilla/5.0 (Windows NT 10.0; Win64; x64) AppleWebKit/537.36 (KHTML, like Gecko) Chrome/92.0.4515.107 Safari/537.36"
::1 - - [01/Aug/2021:06:35:51 +0000] "GET /vendors/font-awesome-4.7/fonts/fontawesome-webfont.woff2?v=4.7.0 HTTP/1.1" 304 - "https://localhost/vendors/font-awesome-4.7/css/font-awesome.min.css" "Mozilla/5.0 (Windows NT 10.0; Win64; x64) AppleWebKit/537.36 (KHTML, like Gecko) Chrome/92.0.4515.107 Safari/537.36"
::1 - - [01/Aug/2021:06:35:51 +0000] "GET /images/nelson.jpg HTTP/1.1" 404 156 "https://localhost/explorer" "Mozilla/5.0 (Windows NT 10.0; Win64; x64) AppleWebKit/537.36 (KHTML, like Gecko) Chrome/92.0.4515.107 Safari/537.36"
::1 - - [01/Aug/2021:06:35:51 +0000] "GET /vendors/bootstrap/dist/js/file-explore.js HTTP/1.1" 304 - "https://localhost/explorer" "Mozilla/5.0 (Windows NT 10.0; Win64; x64) AppleWebKit/537.36 (KHTML, like Gecko) Chrome/92.0.4515.107 Safari/537.36"
::1 - - [01/Aug/2021:06:35:51 +0000] "GET /vendors/bootstrap/dist/js/side.js HTTP/1.1" 304 - "https://localhost/explorer" "Mozilla/5.0 (Windows NT 10.0; Win64; x64) AppleWebKit/537.36 (KHTML, like Gecko) Chrome/92.0.4515.107 Safari/537.36"
::1 - - [01/Aug/2021:06:35:51 +0000] "GET /vendors/bootstrap/dist/js/bootstrap-toggle.min.js HTTP/1.1" 304 - "https://localhost/explorer" "Mozilla/5.0 (Windows NT 10.0; Win64; x64) AppleWebKit/537.36 (KHTML, like Gecko) Chrome/92.0.4515.107 Safari/537.36"
::1 - - [01/Aug/2021:06:35:51 +0000] "GET /assets/js/dashboard.js HTTP/1.1" 304 - "https://localhost/explorer" "Mozilla/5.0 (Windows NT 10.0; Win64; x64) AppleWebKit/537.36 (KHTML, like Gecko) Chrome/92.0.4515.107 Safari/537.36"
::1 - - [01/Aug/2021:06:35:51 +0000] "GET /assets/cookie.js HTTP/1.1" 304 - "https://localhost/explorer" "Mozilla/5.0 (Windows NT 10.0; Win64; x64) AppleWebKit/537.36 (KHTML, like Gecko) Chrome/92.0.4515.107 Safari/537.36"
::1 - - [01/Aug/2021:06:35:51 +0000] "GET /assets/modaldoc.js HTTP/1.1" 304 - "https://localhost/explorer" "Mozilla/5.0 (Windows NT 10.0; Win64; x64) AppleWebKit/537.36 (KHTML, like Gecko) Chrome/92.0.4515.107 Safari/537.36"
::1 - - [01/Aug/2021:06:35:51 +0000] "GET /assets/common.js HTTP/1.1" 304 - "https://localhost/explorer" "Mozilla/5.0 (Windows NT 10.0; Win64; x64) AppleWebKit/537.36 (KHTML, like Gecko) Chrome/92.0.4515.107 Safari/537.36"
::1 - - [01/Aug/2021:06:35:51 +0000] "GET /assets/routeclas.js HTTP/1.1" 304 - "https://localhost/explorer" "Mozilla/5.0 (Windows NT 10.0; Win64; x64) AppleWebKit/537.36 (KHTML, like Gecko) Chrome/92.0.4515.107 Safari/537.36"
::1 - - [01/Aug/2021:06:35:51 +0000] "GET /vendors/chosen/chosen.jquery.min.js HTTP/1.1" 304 - "https://localhost/explorer" "Mozilla/5.0 (Windows NT 10.0; Win64; x64) AppleWebKit/537.36 (KHTML, like Gecko) Chrome/92.0.4515.107 Safari/537.36"
::1 - - [01/Aug/2021:06:35:51 +0000] "GET /assets/app.js HTTP/1.1" 304 - "https://localhost/explorer" "Mozilla/5.0 (Windows NT 10.0; Win64; x64) AppleWebKit/537.36 (KHTML, like Gecko) Chrome/92.0.4515.107 Safari/537.36"
::1 - - [01/Aug/2021:06:35:51 +0000] "GET /images/logo2.png HTTP/1.1" 304 - "https://localhost/explorer" "Mozilla/5.0 (Windows NT 10.0; Win64; x64) AppleWebKit/537.36 (KHTML, like Gecko) Chrome/92.0.4515.107 Safari/537.36"
::1 - - [01/Aug/2021:06:35:52 +0000] "POST /browsedrive HTTP/1.1" 200 244 "https://localhost/explorer" "Mozilla/5.0 (Windows NT 10.0; Win64; x64) AppleWebKit/537.36 (KHTML, like Gecko) Chrome/92.0.4515.107 Safari/537.36"
::1 - - [01/Aug/2021:06:35:52 +0000] "GET /images/manager-it.jpg HTTP/1.1" 304 - "https://localhost/explorer" "Mozilla/5.0 (Windows NT 10.0; Win64; x64) AppleWebKit/537.36 (KHTML, like Gecko) Chrome/92.0.4515.107 Safari/537.36"
::1 - - [01/Aug/2021:06:35:52 +0000] "POST /sendincoming HTTP/1.1" 200 358 "https://localhost/explorer" "Mozilla/5.0 (Windows NT 10.0; Win64; x64) AppleWebKit/537.36 (KHTML, like Gecko) Chrome/92.0.4515.107 Safari/537.36"
::1 - - [01/Aug/2021:06:35:52 +0000] "GET /images/noti.wav HTTP/1.1" 206 273140 "https://localhost/explorer" "Mozilla/5.0 (Windows NT 10.0; Win64; x64) AppleWebKit/537.36 (KHTML, like Gecko) Chrome/92.0.4515.107 Safari/537.36"
::1 - - [01/Aug/2021:06:35:52 +0000] "GET /drive/No%20Pending%20Files.pdf HTTP/1.1" 200 175209 "https://localhost/explorer" "Mozilla/5.0 (Windows NT 10.0; Win64; x64) AppleWebKit/537.36 (KHTML, like Gecko) Chrome/92.0.4515.107 Safari/537.36"
::1 - - [01/Aug/2021:06:35:52 +0000] "GET /images/noti.wav HTTP/1.1" 206 10996 "https://localhost/explorer" "Mozilla/5.0 (Windows NT 10.0; Win64; x64) AppleWebKit/537.36 (KHTML, like Gecko) Chrome/92.0.4515.107 Safari/537.36"
::1 - - [01/Aug/2021:06:35:52 +0000] "GET /images/noti.wav HTTP/1.1" 206 207604 "https://localhost/explorer" "Mozilla/5.0 (Windows NT 10.0; Win64; x64) AppleWebKit/537.36 (KHTML, like Gecko) Chrome/92.0.4515.107 Safari/537.36"
::1 - - [01/Aug/2021:06:35:52 +0000] "GET /favicon.ico HTTP/1.1" 200 238718 "https://localhost/explorer" "Mozilla/5.0 (Windows NT 10.0; Win64; x64) AppleWebKit/537.36 (KHTML, like Gecko) Chrome/92.0.4515.107 Safari/537.36"
::1 - - [01/Aug/2021:06:35:57 +0000] "POST /explorershow HTTP/1.1" 200 682 "https://localhost/explorer" "Mozilla/5.0 (Windows NT 10.0; Win64; x64) AppleWebKit/537.36 (KHTML, like Gecko) Chrome/92.0.4515.107 Safari/537.36"
::1 - - [01/Aug/2021:06:35:57 +0000] "GET /drive/PDF-temp/ISSP-2022-2024-Chapter%201-20Jan21.docx.pdf HTTP/1.1" 200 482756 "https://localhost/explorer" "Mozilla/5.0 (Windows NT 10.0; Win64; x64) AppleWebKit/537.36 (KHTML, like Gecko) Chrome/92.0.4515.107 Safari/537.36"
::1 - - [01/Aug/2021:06:36:12 +0000] "POST /sendincoming HTTP/1.1" 200 358 "https://localhost/explorer" "Mozilla/5.0 (Windows NT 10.0; Win64; x64) AppleWebKit/537.36 (KHTML, like Gecko) Chrome/92.0.4515.107 Safari/537.36"
::1 - - [01/Aug/2021:06:36:32 +0000] "POST /sendincoming HTTP/1.1" 200 358 "https://localhost/explorer" "Mozilla/5.0 (Windows NT 10.0; Win64; x64) AppleWebKit/537.36 (KHTML, like Gecko) Chrome/92.0.4515.107 Safari/537.36"
::1 - - [01/Aug/2021:06:36:52 +0000] "POST /sendincoming HTTP/1.1" 200 358 "https://localhost/explorer" "Mozilla/5.0 (Windows NT 10.0; Win64; x64) AppleWebKit/537.36 (KHTML, like Gecko) Chrome/92.0.4515.107 Safari/537.36"
