::1 - - [01/Aug/2021:07:37:23 +0000] "GET /dashlogs HTTP/1.1" 200 58201 "-" "Mozilla/5.0 (Windows NT 10.0; Win64; x64) AppleWebKit/537.36 (KHTML, like Gecko) Chrome/92.0.4515.107 Safari/537.36"
::1 - - [01/Aug/2021:07:37:23 +0000] "GET /vendors/bootstrap/dist/css/bootstrap.css HTTP/1.1" 304 - "https://localhost/dashlogs" "Mozilla/5.0 (Windows NT 10.0; Win64; x64) AppleWebKit/537.36 (KHTML, like Gecko) Chrome/92.0.4515.107 Safari/537.36"
::1 - - [01/Aug/2021:07:37:23 +0000] "GET /vendors/font-awesome/css/font-awesome.min.css HTTP/1.1" 304 - "https://localhost/dashlogs" "Mozilla/5.0 (Windows NT 10.0; Win64; x64) AppleWebKit/537.36 (KHTML, like Gecko) Chrome/92.0.4515.107 Safari/537.36"
::1 - - [01/Aug/2021:07:37:23 +0000] "GET /vendors/chosen/chosen.min.css HTTP/1.1" 304 - "https://localhost/dashlogs" "Mozilla/5.0 (Windows NT 10.0; Win64; x64) AppleWebKit/537.36 (KHTML, like Gecko) Chrome/92.0.4515.107 Safari/537.36"
::1 - - [01/Aug/2021:07:37:23 +0000] "GET /vendors/jqvmap/dist/jqvmap.min.css HTTP/1.1" 304 - "https://localhost/dashlogs" "Mozilla/5.0 (Windows NT 10.0; Win64; x64) AppleWebKit/537.36 (KHTML, like Gecko) Chrome/92.0.4515.107 Safari/537.36"
::1 - - [01/Aug/2021:07:37:23 +0000] "GET /assets/css/style.css HTTP/1.1" 304 - "https://localhost/dashlogs" "Mozilla/5.0 (Windows NT 10.0; Win64; x64) AppleWebKit/537.36 (KHTML, like Gecko) Chrome/92.0.4515.107 Safari/537.36"
::1 - - [01/Aug/2021:07:37:23 +0000] "GET /vendors/bootstrap/dist/css/font.css HTTP/1.1" 304 - "https://localhost/dashlogs" "Mozilla/5.0 (Windows NT 10.0; Win64; x64) AppleWebKit/537.36 (KHTML, like Gecko) Chrome/92.0.4515.107 Safari/537.36"
::1 - - [01/Aug/2021:07:37:23 +0000] "GET /vendors/bootstrap/dist/css/side.css HTTP/1.1" 304 - "https://localhost/dashlogs" "Mozilla/5.0 (Windows NT 10.0; Win64; x64) AppleWebKit/537.36 (KHTML, like Gecko) Chrome/92.0.4515.107 Safari/537.36"
::1 - - [01/Aug/2021:07:37:23 +0000] "GET /vendors/bootstrap/dist/css/file-explore.css HTTP/1.1" 304 - "https://localhost/dashlogs" "Mozilla/5.0 (Windows NT 10.0; Win64; x64) AppleWebKit/537.36 (KHTML, like Gecko) Chrome/92.0.4515.107 Safari/537.36"
::1 - - [01/Aug/2021:07:37:23 +0000] "GET /vendors/bootstrap/dist/css/newPDF.css HTTP/1.1" 304 - "https://localhost/dashlogs" "Mozilla/5.0 (Windows NT 10.0; Win64; x64) AppleWebKit/537.36 (KHTML, like Gecko) Chrome/92.0.4515.107 Safari/537.36"
::1 - - [01/Aug/2021:07:37:23 +0000] "GET /vendors/bootstrap/dist/css/bootstrap-toggle.min.css HTTP/1.1" 304 - "https://localhost/dashlogs" "Mozilla/5.0 (Windows NT 10.0; Win64; x64) AppleWebKit/537.36 (KHTML, like Gecko) Chrome/92.0.4515.107 Safari/537.36"
::1 - - [01/Aug/2021:07:37:23 +0000] "GET /vendors/bootstrap/dist/css/jquerysctipttop.css HTTP/1.1" 304 - "https://localhost/dashlogs" "Mozilla/5.0 (Windows NT 10.0; Win64; x64) AppleWebKit/537.36 (KHTML, like Gecko) Chrome/92.0.4515.107 Safari/537.36"
::1 - - [01/Aug/2021:07:37:23 +0000] "GET /vendors/themify-icons/css/themify-icons.css HTTP/1.1" 304 - "https://localhost/dashlogs" "Mozilla/5.0 (Windows NT 10.0; Win64; x64) AppleWebKit/537.36 (KHTML, like Gecko) Chrome/92.0.4515.107 Safari/537.36"
::1 - - [01/Aug/2021:07:37:23 +0000] "GET /vendors/flag-icon-css/css/flag-icon.min.css HTTP/1.1" 304 - "https://localhost/dashlogs" "Mozilla/5.0 (Windows NT 10.0; Win64; x64) AppleWebKit/537.36 (KHTML, like Gecko) Chrome/92.0.4515.107 Safari/537.36"
::1 - - [01/Aug/2021:07:37:23 +0000] "GET /vendors/selectFX/css/cs-skin-elastic.css HTTP/1.1" 304 - "https://localhost/dashlogs" "Mozilla/5.0 (Windows NT 10.0; Win64; x64) AppleWebKit/537.36 (KHTML, like Gecko) Chrome/92.0.4515.107 Safari/537.36"
::1 - - [01/Aug/2021:07:37:23 +0000] "GET /vendors/bootstrap/dist/css/select2.css HTTP/1.1" 304 - "https://localhost/dashlogs" "Mozilla/5.0 (Windows NT 10.0; Win64; x64) AppleWebKit/537.36 (KHTML, like Gecko) Chrome/92.0.4515.107 Safari/537.36"
::1 - - [01/Aug/2021:07:37:23 +0000] "GET /assets/hashes.js HTTP/1.1" 304 - "https://localhost/dashlogs" "Mozilla/5.0 (Windows NT 10.0; Win64; x64) AppleWebKit/537.36 (KHTML, like Gecko) Chrome/92.0.4515.107 Safari/537.36"
::1 - - [01/Aug/2021:07:37:23 +0000] "GET /vendors/chart.js/dist/hammer.js HTTP/1.1" 200 20765 "https://localhost/dashlogs" "Mozilla/5.0 (Windows NT 10.0; Win64; x64) AppleWebKit/537.36 (KHTML, like Gecko) Chrome/92.0.4515.107 Safari/537.36"
::1 - - [01/Aug/2021:07:37:23 +0000] "GET /vendors/chart.js/dist/zoom.js HTTP/1.1" 200 9424 "https://localhost/dashlogs" "Mozilla/5.0 (Windows NT 10.0; Win64; x64) AppleWebKit/537.36 (KHTML, like Gecko) Chrome/92.0.4515.107 Safari/537.36"
::1 - - [01/Aug/2021:07:37:23 +0000] "GET /vendors/chart.js/dist/utils.js HTTP/1.1" 200 3318 "https://localhost/dashlogs" "Mozilla/5.0 (Windows NT 10.0; Win64; x64) AppleWebKit/537.36 (KHTML, like Gecko) Chrome/92.0.4515.107 Safari/537.36"
::1 - - [01/Aug/2021:07:37:23 +0000] "GET /assets/commologs.js HTTP/1.1" 200 4236 "https://localhost/dashlogs" "Mozilla/5.0 (Windows NT 10.0; Win64; x64) AppleWebKit/537.36 (KHTML, like Gecko) Chrome/92.0.4515.107 Safari/537.36"
::1 - - [01/Aug/2021:07:37:23 +0000] "GET /assets/js/jquery.213.min.js HTTP/1.1" 200 84320 "https://localhost/dashlogs" "Mozilla/5.0 (Windows NT 10.0; Win64; x64) AppleWebKit/537.36 (KHTML, like Gecko) Chrome/92.0.4515.107 Safari/537.36"
::1 - - [01/Aug/2021:07:37:23 +0000] "GET /images/nelson.jpg HTTP/1.1" 404 156 "https://localhost/dashlogs" "Mozilla/5.0 (Windows NT 10.0; Win64; x64) AppleWebKit/537.36 (KHTML, like Gecko) Chrome/92.0.4515.107 Safari/537.36"
::1 - - [01/Aug/2021:07:37:23 +0000] "GET /images/logo.png HTTP/1.1" 200 2440 "https://localhost/dashlogs" "Mozilla/5.0 (Windows NT 10.0; Win64; x64) AppleWebKit/537.36 (KHTML, like Gecko) Chrome/92.0.4515.107 Safari/537.36"
::1 - - [01/Aug/2021:07:37:23 +0000] "GET /vendors/popper.js/dist/umd/popper.min.js HTTP/1.1" 200 20536 "https://localhost/dashlogs" "Mozilla/5.0 (Windows NT 10.0; Win64; x64) AppleWebKit/537.36 (KHTML, like Gecko) Chrome/92.0.4515.107 Safari/537.36"
::1 - - [01/Aug/2021:07:37:23 +0000] "GET /vendors/jquery/dist/jquery.min.js HTTP/1.1" 200 85578 "https://localhost/dashlogs" "Mozilla/5.0 (Windows NT 10.0; Win64; x64) AppleWebKit/537.36 (KHTML, like Gecko) Chrome/92.0.4515.107 Safari/537.36"
::1 - - [01/Aug/2021:07:37:23 +0000] "GET /chartmonitornolayout HTTP/1.1" 200 5489 "https://localhost/dashlogs" "Mozilla/5.0 (Windows NT 10.0; Win64; x64) AppleWebKit/537.36 (KHTML, like Gecko) Chrome/92.0.4515.107 Safari/537.36"
::1 - - [01/Aug/2021:07:37:23 +0000] "GET /vendors/font-awesome/fonts/fontawesome-webfont.woff2?v=4.7.0 HTTP/1.1" 200 77160 "https://localhost/vendors/font-awesome/css/font-awesome.min.css" "Mozilla/5.0 (Windows NT 10.0; Win64; x64) AppleWebKit/537.36 (KHTML, like Gecko) Chrome/92.0.4515.107 Safari/537.36"
::1 - - [01/Aug/2021:07:37:23 +0000] "GET /vendors/chart.js/dist/Chart.bundle.js HTTP/1.1" 200 535332 "https://localhost/dashlogs" "Mozilla/5.0 (Windows NT 10.0; Win64; x64) AppleWebKit/537.36 (KHTML, like Gecko) Chrome/92.0.4515.107 Safari/537.36"
::1 - - [01/Aug/2021:07:37:23 +0000] "GET /vendors/bootstrap/dist/css/font/open-sans-v17-vietnamese_latin-ext_latin_greek-ext_greek_cyrillic-ext_cyrillic-700.woff2 HTTP/1.1" 200 44988 "https://localhost/vendors/bootstrap/dist/css/font.css" "Mozilla/5.0 (Windows NT 10.0; Win64; x64) AppleWebKit/537.36 (KHTML, like Gecko) Chrome/92.0.4515.107 Safari/537.36"
::1 - - [01/Aug/2021:07:37:23 +0000] "GET /vendors/bootstrap/dist/js/bootstrap.min.js HTTP/1.1" 200 60010 "https://localhost/dashlogs" "Mozilla/5.0 (Windows NT 10.0; Win64; x64) AppleWebKit/537.36 (KHTML, like Gecko) Chrome/92.0.4515.107 Safari/537.36"
::1 - - [01/Aug/2021:07:37:23 +0000] "GET /assets/js/main.js HTTP/1.1" 200 894 "https://localhost/dashlogs" "Mozilla/5.0 (Windows NT 10.0; Win64; x64) AppleWebKit/537.36 (KHTML, like Gecko) Chrome/92.0.4515.107 Safari/537.36"
::1 - - [01/Aug/2021:07:37:23 +0000] "GET /vendors/bootstrap/dist/css/font/open-sans-v17-vietnamese_latin-ext_latin_greek-ext_greek_cyrillic-ext_cyrillic-regular.woff2 HTTP/1.1" 200 43236 "https://localhost/vendors/bootstrap/dist/css/font.css" "Mozilla/5.0 (Windows NT 10.0; Win64; x64) AppleWebKit/537.36 (KHTML, like Gecko) Chrome/92.0.4515.107 Safari/537.36"
::1 - - [01/Aug/2021:07:37:23 +0000] "GET /assets/js/adapter.min.js HTTP/1.1" 200 50313 "https://localhost/dashlogs" "Mozilla/5.0 (Windows NT 10.0; Win64; x64) AppleWebKit/537.36 (KHTML, like Gecko) Chrome/92.0.4515.107 Safari/537.36"
::1 - - [01/Aug/2021:07:37:23 +0000] "GET /assets/js/vue.min.js HTTP/1.1" 200 72696 "https://localhost/dashlogs" "Mozilla/5.0 (Windows NT 10.0; Win64; x64) AppleWebKit/537.36 (KHTML, like Gecko) Chrome/92.0.4515.107 Safari/537.36"
::1 - - [01/Aug/2021:07:37:23 +0000] "GET /vendors/bootstrap/dist/js/select2.min.js HTTP/1.1" 200 276291 "https://localhost/dashlogs" "Mozilla/5.0 (Windows NT 10.0; Win64; x64) AppleWebKit/537.36 (KHTML, like Gecko) Chrome/92.0.4515.107 Safari/537.36"
::1 - - [01/Aug/2021:07:37:23 +0000] "GET /vendors/bootstrap/dist/js/file-explore.js HTTP/1.1" 200 1820 "https://localhost/dashlogs" "Mozilla/5.0 (Windows NT 10.0; Win64; x64) AppleWebKit/537.36 (KHTML, like Gecko) Chrome/92.0.4515.107 Safari/537.36"
::1 - - [01/Aug/2021:07:37:23 +0000] "GET /vendors/bootstrap/dist/js/side.js HTTP/1.1" 200 2005 "https://localhost/dashlogs" "Mozilla/5.0 (Windows NT 10.0; Win64; x64) AppleWebKit/537.36 (KHTML, like Gecko) Chrome/92.0.4515.107 Safari/537.36"
::1 - - [01/Aug/2021:07:37:23 +0000] "GET /vendors/bootstrap/dist/js/pdf.min.js HTTP/1.1" 200 334638 "https://localhost/dashlogs" "Mozilla/5.0 (Windows NT 10.0; Win64; x64) AppleWebKit/537.36 (KHTML, like Gecko) Chrome/92.0.4515.107 Safari/537.36"
::1 - - [01/Aug/2021:07:37:23 +0000] "GET /vendors/bootstrap/dist/js/bootstrap-toggle.min.js HTTP/1.1" 200 4129 "https://localhost/dashlogs" "Mozilla/5.0 (Windows NT 10.0; Win64; x64) AppleWebKit/537.36 (KHTML, like Gecko) Chrome/92.0.4515.107 Safari/537.36"
::1 - - [01/Aug/2021:07:37:23 +0000] "GET /assets/js/dashboard.js HTTP/1.1" 200 3360 "https://localhost/dashlogs" "Mozilla/5.0 (Windows NT 10.0; Win64; x64) AppleWebKit/537.36 (KHTML, like Gecko) Chrome/92.0.4515.107 Safari/537.36"
::1 - - [01/Aug/2021:07:37:23 +0000] "GET /assets/cookie.js HTTP/1.1" 200 662 "https://localhost/dashlogs" "Mozilla/5.0 (Windows NT 10.0; Win64; x64) AppleWebKit/537.36 (KHTML, like Gecko) Chrome/92.0.4515.107 Safari/537.36"
::1 - - [01/Aug/2021:07:37:23 +0000] "GET /vendors/bootstrap/dist/css/bootstrap.css HTTP/1.1" 304 - "https://localhost/chartmonitornolayout" "Mozilla/5.0 (Windows NT 10.0; Win64; x64) AppleWebKit/537.36 (KHTML, like Gecko) Chrome/92.0.4515.107 Safari/537.36"
::1 - - [01/Aug/2021:07:37:23 +0000] "GET /vendors/font-awesome/css/font-awesome.min.css HTTP/1.1" 304 - "https://localhost/chartmonitornolayout" "Mozilla/5.0 (Windows NT 10.0; Win64; x64) AppleWebKit/537.36 (KHTML, like Gecko) Chrome/92.0.4515.107 Safari/537.36"
::1 - - [01/Aug/2021:07:37:23 +0000] "GET /vendors/themify-icons/css/themify-icons.css HTTP/1.1" 304 - "https://localhost/chartmonitornolayout" "Mozilla/5.0 (Windows NT 10.0; Win64; x64) AppleWebKit/537.36 (KHTML, like Gecko) Chrome/92.0.4515.107 Safari/537.36"
::1 - - [01/Aug/2021:07:37:23 +0000] "GET /vendors/flag-icon-css/css/flag-icon.min.css HTTP/1.1" 304 - "https://localhost/chartmonitornolayout" "Mozilla/5.0 (Windows NT 10.0; Win64; x64) AppleWebKit/537.36 (KHTML, like Gecko) Chrome/92.0.4515.107 Safari/537.36"
::1 - - [01/Aug/2021:07:37:23 +0000] "GET /vendors/bootstrap/dist/js/pdf.worker.min.js HTTP/1.1" 200 773808 "https://localhost/dashlogs" "Mozilla/5.0 (Windows NT 10.0; Win64; x64) AppleWebKit/537.36 (KHTML, like Gecko) Chrome/92.0.4515.107 Safari/537.36"
::1 - - [01/Aug/2021:07:37:23 +0000] "GET /vendors/selectFX/css/cs-skin-elastic.css HTTP/1.1" 304 - "https://localhost/chartmonitornolayout" "Mozilla/5.0 (Windows NT 10.0; Win64; x64) AppleWebKit/537.36 (KHTML, like Gecko) Chrome/92.0.4515.107 Safari/537.36"
::1 - - [01/Aug/2021:07:37:23 +0000] "GET /vendors/jqvmap/dist/jqvmap.min.css HTTP/1.1" 304 - "https://localhost/chartmonitornolayout" "Mozilla/5.0 (Windows NT 10.0; Win64; x64) AppleWebKit/537.36 (KHTML, like Gecko) Chrome/92.0.4515.107 Safari/537.36"
::1 - - [01/Aug/2021:07:37:23 +0000] "GET /vendors/bootstrap/dist/css/select2.css HTTP/1.1" 304 - "https://localhost/chartmonitornolayout" "Mozilla/5.0 (Windows NT 10.0; Win64; x64) AppleWebKit/537.36 (KHTML, like Gecko) Chrome/92.0.4515.107 Safari/537.36"
::1 - - [01/Aug/2021:07:37:23 +0000] "GET /assets/css/style.css HTTP/1.1" 304 - "https://localhost/chartmonitornolayout" "Mozilla/5.0 (Windows NT 10.0; Win64; x64) AppleWebKit/537.36 (KHTML, like Gecko) Chrome/92.0.4515.107 Safari/537.36"
::1 - - [01/Aug/2021:07:37:23 +0000] "GET /vendors/bootstrap/dist/css/font.css HTTP/1.1" 304 - "https://localhost/chartmonitornolayout" "Mozilla/5.0 (Windows NT 10.0; Win64; x64) AppleWebKit/537.36 (KHTML, like Gecko) Chrome/92.0.4515.107 Safari/537.36"
::1 - - [01/Aug/2021:07:37:23 +0000] "GET /vendors/chosen/chosen.min.css HTTP/1.1" 304 - "https://localhost/chartmonitornolayout" "Mozilla/5.0 (Windows NT 10.0; Win64; x64) AppleWebKit/537.36 (KHTML, like Gecko) Chrome/92.0.4515.107 Safari/537.36"
::1 - - [01/Aug/2021:07:37:23 +0000] "GET /vendors/bootstrap/dist/css/side.css HTTP/1.1" 304 - "https://localhost/chartmonitornolayout" "Mozilla/5.0 (Windows NT 10.0; Win64; x64) AppleWebKit/537.36 (KHTML, like Gecko) Chrome/92.0.4515.107 Safari/537.36"
::1 - - [01/Aug/2021:07:37:23 +0000] "GET /vendors/bootstrap/dist/css/file-explore.css HTTP/1.1" 304 - "https://localhost/chartmonitornolayout" "Mozilla/5.0 (Windows NT 10.0; Win64; x64) AppleWebKit/537.36 (KHTML, like Gecko) Chrome/92.0.4515.107 Safari/537.36"
::1 - - [01/Aug/2021:07:37:23 +0000] "GET /vendors/bootstrap/dist/css/jquerysctipttop.css HTTP/1.1" 304 - "https://localhost/chartmonitornolayout" "Mozilla/5.0 (Windows NT 10.0; Win64; x64) AppleWebKit/537.36 (KHTML, like Gecko) Chrome/92.0.4515.107 Safari/537.36"
::1 - - [01/Aug/2021:07:37:23 +0000] "GET /vendors/bootstrap/dist/css/newPDF.css HTTP/1.1" 304 - "https://localhost/chartmonitornolayout" "Mozilla/5.0 (Windows NT 10.0; Win64; x64) AppleWebKit/537.36 (KHTML, like Gecko) Chrome/92.0.4515.107 Safari/537.36"
::1 - - [01/Aug/2021:07:37:23 +0000] "GET /vendors/bootstrap/dist/css/bootstrap-toggle.min.css HTTP/1.1" 304 - "https://localhost/chartmonitornolayout" "Mozilla/5.0 (Windows NT 10.0; Win64; x64) AppleWebKit/537.36 (KHTML, like Gecko) Chrome/92.0.4515.107 Safari/537.36"
::1 - - [01/Aug/2021:07:37:23 +0000] "GET /assets/hashes.js HTTP/1.1" 304 - "https://localhost/chartmonitornolayout" "Mozilla/5.0 (Windows NT 10.0; Win64; x64) AppleWebKit/537.36 (KHTML, like Gecko) Chrome/92.0.4515.107 Safari/537.36"
::1 - - [01/Aug/2021:07:37:23 +0000] "GET /assets/js/jquery.213.min.js HTTP/1.1" 304 - "https://localhost/chartmonitornolayout" "Mozilla/5.0 (Windows NT 10.0; Win64; x64) AppleWebKit/537.36 (KHTML, like Gecko) Chrome/92.0.4515.107 Safari/537.36"
::1 - - [01/Aug/2021:07:37:23 +0000] "GET /vendors/chart.js/dist/hammer.js HTTP/1.1" 304 - "https://localhost/chartmonitornolayout" "Mozilla/5.0 (Windows NT 10.0; Win64; x64) AppleWebKit/537.36 (KHTML, like Gecko) Chrome/92.0.4515.107 Safari/537.36"
::1 - - [01/Aug/2021:07:37:23 +0000] "GET /vendors/datatables.net-bs4/css/dataTables.bootstrap4.css HTTP/1.1" 200 5800 "https://localhost/chartmonitornolayout" "Mozilla/5.0 (Windows NT 10.0; Win64; x64) AppleWebKit/537.36 (KHTML, like Gecko) Chrome/92.0.4515.107 Safari/537.36"
::1 - - [01/Aug/2021:07:37:23 +0000] "GET /vendors/chart.js/dist/Chart.bundle.js HTTP/1.1" 304 - "https://localhost/chartmonitornolayout" "Mozilla/5.0 (Windows NT 10.0; Win64; x64) AppleWebKit/537.36 (KHTML, like Gecko) Chrome/92.0.4515.107 Safari/537.36"
::1 - - [01/Aug/2021:07:37:23 +0000] "GET /vendors/datatables.net-buttons-bs4/css/buttons.bootstrap4.min.css HTTP/1.1" 200 4163 "https://localhost/chartmonitornolayout" "Mozilla/5.0 (Windows NT 10.0; Win64; x64) AppleWebKit/537.36 (KHTML, like Gecko) Chrome/92.0.4515.107 Safari/537.36"
::1 - - [01/Aug/2021:07:37:23 +0000] "GET /vendors/chart.js/dist/zoom.js HTTP/1.1" 304 - "https://localhost/chartmonitornolayout" "Mozilla/5.0 (Windows NT 10.0; Win64; x64) AppleWebKit/537.36 (KHTML, like Gecko) Chrome/92.0.4515.107 Safari/537.36"
::1 - - [01/Aug/2021:07:37:23 +0000] "GET /vendors/chart.js/dist/utils.js HTTP/1.1" 304 - "https://localhost/chartmonitornolayout" "Mozilla/5.0 (Windows NT 10.0; Win64; x64) AppleWebKit/537.36 (KHTML, like Gecko) Chrome/92.0.4515.107 Safari/537.36"
::1 - - [01/Aug/2021:07:37:23 +0000] "GET /assets/js/pdfobject.min.js HTTP/1.1" 200 5541 "https://localhost/chartmonitornolayout" "Mozilla/5.0 (Windows NT 10.0; Win64; x64) AppleWebKit/537.36 (KHTML, like Gecko) Chrome/92.0.4515.107 Safari/537.36"
::1 - - [01/Aug/2021:07:37:23 +0000] "GET /vendors/datatables.net-bs4/js/dataTables.bootstrap4.min.js HTTP/1.1" 200 2085 "https://localhost/chartmonitornolayout" "Mozilla/5.0 (Windows NT 10.0; Win64; x64) AppleWebKit/537.36 (KHTML, like Gecko) Chrome/92.0.4515.107 Safari/537.36"
::1 - - [01/Aug/2021:07:37:23 +0000] "GET /vendors/datatables.net-buttons-bs4/js/buttons.bootstrap4.min.js HTTP/1.1" 200 966 "https://localhost/chartmonitornolayout" "Mozilla/5.0 (Windows NT 10.0; Win64; x64) AppleWebKit/537.36 (KHTML, like Gecko) Chrome/92.0.4515.107 Safari/537.36"
::1 - - [01/Aug/2021:07:37:23 +0000] "GET /assets/js/instascan.min.js HTTP/1.1" 200 1566037 "https://localhost/dashlogs" "Mozilla/5.0 (Windows NT 10.0; Win64; x64) AppleWebKit/537.36 (KHTML, like Gecko) Chrome/92.0.4515.107 Safari/537.36"
::1 - - [01/Aug/2021:07:37:23 +0000] "GET /vendors/datatables.net-buttons/js/dataTables.buttons.min.js HTTP/1.1" 200 18627 "https://localhost/chartmonitornolayout" "Mozilla/5.0 (Windows NT 10.0; Win64; x64) AppleWebKit/537.36 (KHTML, like Gecko) Chrome/92.0.4515.107 Safari/537.36"
::1 - - [01/Aug/2021:07:37:23 +0000] "GET /vendors/jszip/dist/jszip.min.js HTTP/1.1" 200 102328 "https://localhost/chartmonitornolayout" "Mozilla/5.0 (Windows NT 10.0; Win64; x64) AppleWebKit/537.36 (KHTML, like Gecko) Chrome/92.0.4515.107 Safari/537.36"
::1 - - [01/Aug/2021:07:37:23 +0000] "GET /vendors/datatables.net-buttons/js/buttons.print.min.js HTTP/1.1" 200 2212 "https://localhost/chartmonitornolayout" "Mozilla/5.0 (Windows NT 10.0; Win64; x64) AppleWebKit/537.36 (KHTML, like Gecko) Chrome/92.0.4515.107 Safari/537.36"
::1 - - [01/Aug/2021:07:37:23 +0000] "GET /vendors/datatables.net-buttons/js/buttons.html5.min.js HTTP/1.1" 200 24529 "https://localhost/chartmonitornolayout" "Mozilla/5.0 (Windows NT 10.0; Win64; x64) AppleWebKit/537.36 (KHTML, like Gecko) Chrome/92.0.4515.107 Safari/537.36"
::1 - - [01/Aug/2021:07:37:23 +0000] "GET /vendors/datatables.net/js/jquery.chartTables.js HTTP/1.1" 200 447573 "https://localhost/chartmonitornolayout" "Mozilla/5.0 (Windows NT 10.0; Win64; x64) AppleWebKit/537.36 (KHTML, like Gecko) Chrome/92.0.4515.107 Safari/537.36"
::1 - - [01/Aug/2021:07:37:23 +0000] "GET /vendors/datatables.net-buttons/js/buttons.colVis.min.js HTTP/1.1" 200 2957 "https://localhost/chartmonitornolayout" "Mozilla/5.0 (Windows NT 10.0; Win64; x64) AppleWebKit/537.36 (KHTML, like Gecko) Chrome/92.0.4515.107 Safari/537.36"
::1 - - [01/Aug/2021:07:37:23 +0000] "GET /assets/chartmonitor.js HTTP/1.1" 200 7540 "https://localhost/chartmonitornolayout" "Mozilla/5.0 (Windows NT 10.0; Win64; x64) AppleWebKit/537.36 (KHTML, like Gecko) Chrome/92.0.4515.107 Safari/537.36"
::1 - - [01/Aug/2021:07:37:23 +0000] "GET /vendors/jquery/dist/jquery.min.js HTTP/1.1" 200 85578 "https://localhost/chartmonitornolayout" "Mozilla/5.0 (Windows NT 10.0; Win64; x64) AppleWebKit/537.36 (KHTML, like Gecko) Chrome/92.0.4515.107 Safari/537.36"
::1 - - [01/Aug/2021:07:37:23 +0000] "GET /vendors/popper.js/dist/umd/popper.min.js HTTP/1.1" 200 20536 "https://localhost/chartmonitornolayout" "Mozilla/5.0 (Windows NT 10.0; Win64; x64) AppleWebKit/537.36 (KHTML, like Gecko) Chrome/92.0.4515.107 Safari/537.36"
::1 - - [01/Aug/2021:07:37:23 +0000] "GET /vendors/bootstrap/dist/js/bootstrap.min.js HTTP/1.1" 200 60010 "https://localhost/chartmonitornolayout" "Mozilla/5.0 (Windows NT 10.0; Win64; x64) AppleWebKit/537.36 (KHTML, like Gecko) Chrome/92.0.4515.107 Safari/537.36"
::1 - - [01/Aug/2021:07:37:23 +0000] "GET /assets/js/main.js HTTP/1.1" 200 894 "https://localhost/chartmonitornolayout" "Mozilla/5.0 (Windows NT 10.0; Win64; x64) AppleWebKit/537.36 (KHTML, like Gecko) Chrome/92.0.4515.107 Safari/537.36"
::1 - - [01/Aug/2021:07:37:23 +0000] "GET /assets/js/adapter.min.js HTTP/1.1" 200 50313 "https://localhost/chartmonitornolayout" "Mozilla/5.0 (Windows NT 10.0; Win64; x64) AppleWebKit/537.36 (KHTML, like Gecko) Chrome/92.0.4515.107 Safari/537.36"
::1 - - [01/Aug/2021:07:37:23 +0000] "GET /vendors/bootstrap/dist/js/select2.min.js HTTP/1.1" 200 276291 "https://localhost/chartmonitornolayout" "Mozilla/5.0 (Windows NT 10.0; Win64; x64) AppleWebKit/537.36 (KHTML, like Gecko) Chrome/92.0.4515.107 Safari/537.36"
::1 - - [01/Aug/2021:07:37:23 +0000] "GET /assets/js/vue.min.js HTTP/1.1" 200 72696 "https://localhost/chartmonitornolayout" "Mozilla/5.0 (Windows NT 10.0; Win64; x64) AppleWebKit/537.36 (KHTML, like Gecko) Chrome/92.0.4515.107 Safari/537.36"
::1 - - [01/Aug/2021:07:37:23 +0000] "GET /vendors/pdfmake/build/vfs_fonts.js HTTP/1.1" 200 870284 "https://localhost/chartmonitornolayout" "Mozilla/5.0 (Windows NT 10.0; Win64; x64) AppleWebKit/537.36 (KHTML, like Gecko) Chrome/92.0.4515.107 Safari/537.36"
::1 - - [01/Aug/2021:07:37:23 +0000] "GET /vendors/pdfmake/build/pdfmake.min.js HTTP/1.1" 200 976572 "https://localhost/chartmonitornolayout" "Mozilla/5.0 (Windows NT 10.0; Win64; x64) AppleWebKit/537.36 (KHTML, like Gecko) Chrome/92.0.4515.107 Safari/537.36"
::1 - - [01/Aug/2021:07:37:23 +0000] "GET /vendors/bootstrap/dist/js/file-explore.js HTTP/1.1" 200 1820 "https://localhost/chartmonitornolayout" "Mozilla/5.0 (Windows NT 10.0; Win64; x64) AppleWebKit/537.36 (KHTML, like Gecko) Chrome/92.0.4515.107 Safari/537.36"
::1 - - [01/Aug/2021:07:37:23 +0000] "GET /vendors/bootstrap/dist/js/side.js HTTP/1.1" 200 2005 "https://localhost/chartmonitornolayout" "Mozilla/5.0 (Windows NT 10.0; Win64; x64) AppleWebKit/537.36 (KHTML, like Gecko) Chrome/92.0.4515.107 Safari/537.36"
::1 - - [01/Aug/2021:07:37:23 +0000] "GET /vendors/bootstrap/dist/js/bootstrap-toggle.min.js HTTP/1.1" 200 4129 "https://localhost/chartmonitornolayout" "Mozilla/5.0 (Windows NT 10.0; Win64; x64) AppleWebKit/537.36 (KHTML, like Gecko) Chrome/92.0.4515.107 Safari/537.36"
::1 - - [01/Aug/2021:07:37:23 +0000] "GET /vendors/bootstrap/dist/js/pdf.min.js HTTP/1.1" 200 334638 "https://localhost/chartmonitornolayout" "Mozilla/5.0 (Windows NT 10.0; Win64; x64) AppleWebKit/537.36 (KHTML, like Gecko) Chrome/92.0.4515.107 Safari/537.36"
::1 - - [01/Aug/2021:07:37:23 +0000] "GET /assets/js/dashboard.js HTTP/1.1" 200 3360 "https://localhost/chartmonitornolayout" "Mozilla/5.0 (Windows NT 10.0; Win64; x64) AppleWebKit/537.36 (KHTML, like Gecko) Chrome/92.0.4515.107 Safari/537.36"
::1 - - [01/Aug/2021:07:37:23 +0000] "GET /assets/common.js HTTP/1.1" 200 20433 "https://localhost/chartmonitornolayout" "Mozilla/5.0 (Windows NT 10.0; Win64; x64) AppleWebKit/537.36 (KHTML, like Gecko) Chrome/92.0.4515.107 Safari/537.36"
::1 - - [01/Aug/2021:07:37:23 +0000] "GET /assets/routeclas.js HTTP/1.1" 200 9527 "https://localhost/chartmonitornolayout" "Mozilla/5.0 (Windows NT 10.0; Win64; x64) AppleWebKit/537.36 (KHTML, like Gecko) Chrome/92.0.4515.107 Safari/537.36"
::1 - - [01/Aug/2021:07:37:23 +0000] "GET /vendors/chosen/chosen.jquery.min.js HTTP/1.1" 200 29121 "https://localhost/chartmonitornolayout" "Mozilla/5.0 (Windows NT 10.0; Win64; x64) AppleWebKit/537.36 (KHTML, like Gecko) Chrome/92.0.4515.107 Safari/537.36"
::1 - - [01/Aug/2021:07:37:23 +0000] "GET /assets/app.js HTTP/1.1" 200 10089 "https://localhost/chartmonitornolayout" "Mozilla/5.0 (Windows NT 10.0; Win64; x64) AppleWebKit/537.36 (KHTML, like Gecko) Chrome/92.0.4515.107 Safari/537.36"
::1 - - [01/Aug/2021:07:37:23 +0000] "GET /assets/cookie.js HTTP/1.1" 200 662 "https://localhost/chartmonitornolayout" "Mozilla/5.0 (Windows NT 10.0; Win64; x64) AppleWebKit/537.36 (KHTML, like Gecko) Chrome/92.0.4515.107 Safari/537.36"
::1 - - [01/Aug/2021:07:37:23 +0000] "GET /vendors/bootstrap/dist/js/pdf.worker.min.js HTTP/1.1" 200 773808 "https://localhost/chartmonitornolayout" "Mozilla/5.0 (Windows NT 10.0; Win64; x64) AppleWebKit/537.36 (KHTML, like Gecko) Chrome/92.0.4515.107 Safari/537.36"
::1 - - [01/Aug/2021:07:37:23 +0000] "GET /assets/modaldoc.js HTTP/1.1" 200 13498 "https://localhost/dashlogs" "Mozilla/5.0 (Windows NT 10.0; Win64; x64) AppleWebKit/537.36 (KHTML, like Gecko) Chrome/92.0.4515.107 Safari/537.36"
::1 - - [01/Aug/2021:07:37:23 +0000] "GET /assets/routeclas.js HTTP/1.1" 200 9527 "https://localhost/dashlogs" "Mozilla/5.0 (Windows NT 10.0; Win64; x64) AppleWebKit/537.36 (KHTML, like Gecko) Chrome/92.0.4515.107 Safari/537.36"
::1 - - [01/Aug/2021:07:37:23 +0000] "GET /assets/common.js HTTP/1.1" 200 20433 "https://localhost/dashlogs" "Mozilla/5.0 (Windows NT 10.0; Win64; x64) AppleWebKit/537.36 (KHTML, like Gecko) Chrome/92.0.4515.107 Safari/537.36"
::1 - - [01/Aug/2021:07:37:23 +0000] "GET /vendors/chosen/chosen.jquery.min.js HTTP/1.1" 200 29121 "https://localhost/dashlogs" "Mozilla/5.0 (Windows NT 10.0; Win64; x64) AppleWebKit/537.36 (KHTML, like Gecko) Chrome/92.0.4515.107 Safari/537.36"
::1 - - [01/Aug/2021:07:37:23 +0000] "GET /assets/modaldoc.js HTTP/1.1" 200 13498 "https://localhost/chartmonitornolayout" "Mozilla/5.0 (Windows NT 10.0; Win64; x64) AppleWebKit/537.36 (KHTML, like Gecko) Chrome/92.0.4515.107 Safari/537.36"
::1 - - [01/Aug/2021:07:37:23 +0000] "GET /assets/app.js HTTP/1.1" 200 10089 "https://localhost/dashlogs" "Mozilla/5.0 (Windows NT 10.0; Win64; x64) AppleWebKit/537.36 (KHTML, like Gecko) Chrome/92.0.4515.107 Safari/537.36"
::1 - - [01/Aug/2021:07:37:23 +0000] "GET /images/logo2.png HTTP/1.1" 200 1133 "https://localhost/dashlogs" "Mozilla/5.0 (Windows NT 10.0; Win64; x64) AppleWebKit/537.36 (KHTML, like Gecko) Chrome/92.0.4515.107 Safari/537.36"
::1 - - [01/Aug/2021:07:37:23 +0000] "GET /images/noti.wav HTTP/1.1" 206 273140 "https://localhost/dashlogs" "Mozilla/5.0 (Windows NT 10.0; Win64; x64) AppleWebKit/537.36 (KHTML, like Gecko) Chrome/92.0.4515.107 Safari/537.36"
::1 - - [01/Aug/2021:07:37:23 +0000] "GET /assets/js/instascan.min.js HTTP/1.1" 200 1566037 "https://localhost/chartmonitornolayout" "Mozilla/5.0 (Windows NT 10.0; Win64; x64) AppleWebKit/537.36 (KHTML, like Gecko) Chrome/92.0.4515.107 Safari/537.36"
::1 - - [01/Aug/2021:07:37:23 +0000] "POST /sendincoming HTTP/1.1" 200 358 "https://localhost/dashlogs" "Mozilla/5.0 (Windows NT 10.0; Win64; x64) AppleWebKit/537.36 (KHTML, like Gecko) Chrome/92.0.4515.107 Safari/537.36"
::1 - - [01/Aug/2021:07:37:24 +0000] "GET /images/manager-it.jpg HTTP/1.1" 200 88760 "https://localhost/dashlogs" "Mozilla/5.0 (Windows NT 10.0; Win64; x64) AppleWebKit/537.36 (KHTML, like Gecko) Chrome/92.0.4515.107 Safari/537.36"
::1 - - [01/Aug/2021:07:37:24 +0000] "POST /chartmonitor HTTP/1.1" 200 10588 "https://localhost/chartmonitornolayout" "Mozilla/5.0 (Windows NT 10.0; Win64; x64) AppleWebKit/537.36 (KHTML, like Gecko) Chrome/92.0.4515.107 Safari/537.36"
::1 - - [01/Aug/2021:07:37:24 +0000] "POST /sendincoming HTTP/1.1" 200 358 "https://localhost/chartmonitornolayout" "Mozilla/5.0 (Windows NT 10.0; Win64; x64) AppleWebKit/537.36 (KHTML, like Gecko) Chrome/92.0.4515.107 Safari/537.36"
::1 - - [01/Aug/2021:07:37:24 +0000] "GET /images/noti.wav HTTP/1.1" 206 10996 "https://localhost/dashlogs" "Mozilla/5.0 (Windows NT 10.0; Win64; x64) AppleWebKit/537.36 (KHTML, like Gecko) Chrome/92.0.4515.107 Safari/537.36"
::1 - - [01/Aug/2021:07:37:24 +0000] "GET /drive/No%20Pending%20Files.pdf HTTP/1.1" 200 175209 "https://localhost/chartmonitornolayout" "Mozilla/5.0 (Windows NT 10.0; Win64; x64) AppleWebKit/537.36 (KHTML, like Gecko) Chrome/92.0.4515.107 Safari/537.36"
::1 - - [01/Aug/2021:07:37:24 +0000] "GET /favicon.ico HTTP/1.1" 200 238718 "https://localhost/dashlogs" "Mozilla/5.0 (Windows NT 10.0; Win64; x64) AppleWebKit/537.36 (KHTML, like Gecko) Chrome/92.0.4515.107 Safari/537.36"
::1 - - [01/Aug/2021:07:37:24 +0000] "GET /drive/No%20Pending%20Files.pdf HTTP/1.1" 200 175209 "https://localhost/chartmonitornolayout" "Mozilla/5.0 (Windows NT 10.0; Win64; x64) AppleWebKit/537.36 (KHTML, like Gecko) Chrome/92.0.4515.107 Safari/537.36"
::1 - - [01/Aug/2021:07:37:24 +0000] "GET /drive/No%20Pending%20Files.pdf HTTP/1.1" 206 65536 "https://localhost/chartmonitornolayout" "Mozilla/5.0 (Windows NT 10.0; Win64; x64) AppleWebKit/537.36 (KHTML, like Gecko) Chrome/92.0.4515.107 Safari/537.36"
::1 - - [01/Aug/2021:07:37:24 +0000] "GET /drive/No%20Pending%20Files.pdf HTTP/1.1" 206 65536 "https://localhost/chartmonitornolayout" "Mozilla/5.0 (Windows NT 10.0; Win64; x64) AppleWebKit/537.36 (KHTML, like Gecko) Chrome/92.0.4515.107 Safari/537.36"
::1 - - [01/Aug/2021:07:37:24 +0000] "GET /images/noti.wav HTTP/1.1" 206 207604 "https://localhost/dashlogs" "Mozilla/5.0 (Windows NT 10.0; Win64; x64) AppleWebKit/537.36 (KHTML, like Gecko) Chrome/92.0.4515.107 Safari/537.36"
::1 - - [01/Aug/2021:07:37:26 +0000] "POST /dashlogs HTTP/1.1" 200 665 "https://localhost/dashlogs" "Mozilla/5.0 (Windows NT 10.0; Win64; x64) AppleWebKit/537.36 (KHTML, like Gecko) Chrome/92.0.4515.107 Safari/537.36"
::1 - - [01/Aug/2021:07:37:44 +0000] "POST /sendincoming HTTP/1.1" 200 358 "https://localhost/dashlogs" "Mozilla/5.0 (Windows NT 10.0; Win64; x64) AppleWebKit/537.36 (KHTML, like Gecko) Chrome/92.0.4515.107 Safari/537.36"
::1 - - [01/Aug/2021:07:37:44 +0000] "POST /sendincoming HTTP/1.1" 200 358 "https://localhost/chartmonitornolayout" "Mozilla/5.0 (Windows NT 10.0; Win64; x64) AppleWebKit/537.36 (KHTML, like Gecko) Chrome/92.0.4515.107 Safari/537.36"
::1 - - [01/Aug/2021:07:38:04 +0000] "POST /sendincoming HTTP/1.1" 200 358 "https://localhost/dashlogs" "Mozilla/5.0 (Windows NT 10.0; Win64; x64) AppleWebKit/537.36 (KHTML, like Gecko) Chrome/92.0.4515.107 Safari/537.36"
::1 - - [01/Aug/2021:07:38:04 +0000] "POST /sendincoming HTTP/1.1" 200 358 "https://localhost/chartmonitornolayout" "Mozilla/5.0 (Windows NT 10.0; Win64; x64) AppleWebKit/537.36 (KHTML, like Gecko) Chrome/92.0.4515.107 Safari/537.36"
::1 - - [01/Aug/2021:07:38:24 +0000] "POST /sendincoming HTTP/1.1" 200 358 "https://localhost/dashlogs" "Mozilla/5.0 (Windows NT 10.0; Win64; x64) AppleWebKit/537.36 (KHTML, like Gecko) Chrome/92.0.4515.107 Safari/537.36"
::1 - - [01/Aug/2021:07:38:24 +0000] "POST /sendincoming HTTP/1.1" 200 358 "https://localhost/chartmonitornolayout" "Mozilla/5.0 (Windows NT 10.0; Win64; x64) AppleWebKit/537.36 (KHTML, like Gecko) Chrome/92.0.4515.107 Safari/537.36"
::1 - - [01/Aug/2021:07:38:44 +0000] "POST /sendincoming HTTP/1.1" 200 358 "https://localhost/dashlogs" "Mozilla/5.0 (Windows NT 10.0; Win64; x64) AppleWebKit/537.36 (KHTML, like Gecko) Chrome/92.0.4515.107 Safari/537.36"
::1 - - [01/Aug/2021:07:38:44 +0000] "POST /sendincoming HTTP/1.1" 200 358 "https://localhost/chartmonitornolayout" "Mozilla/5.0 (Windows NT 10.0; Win64; x64) AppleWebKit/537.36 (KHTML, like Gecko) Chrome/92.0.4515.107 Safari/537.36"
::1 - - [01/Aug/2021:07:39:04 +0000] "POST /sendincoming HTTP/1.1" 200 358 "https://localhost/dashlogs" "Mozilla/5.0 (Windows NT 10.0; Win64; x64) AppleWebKit/537.36 (KHTML, like Gecko) Chrome/92.0.4515.107 Safari/537.36"
::1 - - [01/Aug/2021:07:39:04 +0000] "POST /sendincoming HTTP/1.1" 200 358 "https://localhost/chartmonitornolayout" "Mozilla/5.0 (Windows NT 10.0; Win64; x64) AppleWebKit/537.36 (KHTML, like Gecko) Chrome/92.0.4515.107 Safari/537.36"
::1 - - [01/Aug/2021:07:39:24 +0000] "POST /sendincoming HTTP/1.1" 200 358 "https://localhost/dashlogs" "Mozilla/5.0 (Windows NT 10.0; Win64; x64) AppleWebKit/537.36 (KHTML, like Gecko) Chrome/92.0.4515.107 Safari/537.36"
::1 - - [01/Aug/2021:07:39:24 +0000] "POST /sendincoming HTTP/1.1" 200 358 "https://localhost/chartmonitornolayout" "Mozilla/5.0 (Windows NT 10.0; Win64; x64) AppleWebKit/537.36 (KHTML, like Gecko) Chrome/92.0.4515.107 Safari/537.36"
::1 - - [01/Aug/2021:07:39:44 +0000] "POST /sendincoming HTTP/1.1" 200 358 "https://localhost/dashlogs" "Mozilla/5.0 (Windows NT 10.0; Win64; x64) AppleWebKit/537.36 (KHTML, like Gecko) Chrome/92.0.4515.107 Safari/537.36"
::1 - - [01/Aug/2021:07:39:44 +0000] "POST /sendincoming HTTP/1.1" 200 358 "https://localhost/chartmonitornolayout" "Mozilla/5.0 (Windows NT 10.0; Win64; x64) AppleWebKit/537.36 (KHTML, like Gecko) Chrome/92.0.4515.107 Safari/537.36"
::1 - - [01/Aug/2021:07:40:04 +0000] "POST /sendincoming HTTP/1.1" 200 358 "https://localhost/dashlogs" "Mozilla/5.0 (Windows NT 10.0; Win64; x64) AppleWebKit/537.36 (KHTML, like Gecko) Chrome/92.0.4515.107 Safari/537.36"
::1 - - [01/Aug/2021:07:40:04 +0000] "POST /sendincoming HTTP/1.1" 200 358 "https://localhost/chartmonitornolayout" "Mozilla/5.0 (Windows NT 10.0; Win64; x64) AppleWebKit/537.36 (KHTML, like Gecko) Chrome/92.0.4515.107 Safari/537.36"
::1 - - [01/Aug/2021:07:40:24 +0000] "POST /sendincoming HTTP/1.1" 200 358 "https://localhost/dashlogs" "Mozilla/5.0 (Windows NT 10.0; Win64; x64) AppleWebKit/537.36 (KHTML, like Gecko) Chrome/92.0.4515.107 Safari/537.36"
::1 - - [01/Aug/2021:07:40:24 +0000] "POST /sendincoming HTTP/1.1" 200 358 "https://localhost/chartmonitornolayout" "Mozilla/5.0 (Windows NT 10.0; Win64; x64) AppleWebKit/537.36 (KHTML, like Gecko) Chrome/92.0.4515.107 Safari/537.36"
::1 - - [01/Aug/2021:07:40:44 +0000] "POST /sendincoming HTTP/1.1" 200 358 "https://localhost/dashlogs" "Mozilla/5.0 (Windows NT 10.0; Win64; x64) AppleWebKit/537.36 (KHTML, like Gecko) Chrome/92.0.4515.107 Safari/537.36"
::1 - - [01/Aug/2021:07:40:44 +0000] "POST /sendincoming HTTP/1.1" 200 358 "https://localhost/chartmonitornolayout" "Mozilla/5.0 (Windows NT 10.0; Win64; x64) AppleWebKit/537.36 (KHTML, like Gecko) Chrome/92.0.4515.107 Safari/537.36"
::1 - - [01/Aug/2021:07:41:04 +0000] "POST /sendincoming HTTP/1.1" 200 358 "https://localhost/dashlogs" "Mozilla/5.0 (Windows NT 10.0; Win64; x64) AppleWebKit/537.36 (KHTML, like Gecko) Chrome/92.0.4515.107 Safari/537.36"
::1 - - [01/Aug/2021:07:41:04 +0000] "POST /sendincoming HTTP/1.1" 200 358 "https://localhost/chartmonitornolayout" "Mozilla/5.0 (Windows NT 10.0; Win64; x64) AppleWebKit/537.36 (KHTML, like Gecko) Chrome/92.0.4515.107 Safari/537.36"
::1 - - [01/Aug/2021:07:41:24 +0000] "POST /sendincoming HTTP/1.1" 200 358 "https://localhost/dashlogs" "Mozilla/5.0 (Windows NT 10.0; Win64; x64) AppleWebKit/537.36 (KHTML, like Gecko) Chrome/92.0.4515.107 Safari/537.36"
::1 - - [01/Aug/2021:07:41:24 +0000] "POST /sendincoming HTTP/1.1" 200 358 "https://localhost/chartmonitornolayout" "Mozilla/5.0 (Windows NT 10.0; Win64; x64) AppleWebKit/537.36 (KHTML, like Gecko) Chrome/92.0.4515.107 Safari/537.36"
::1 - - [01/Aug/2021:07:41:44 +0000] "POST /sendincoming HTTP/1.1" 200 358 "https://localhost/dashlogs" "Mozilla/5.0 (Windows NT 10.0; Win64; x64) AppleWebKit/537.36 (KHTML, like Gecko) Chrome/92.0.4515.107 Safari/537.36"
::1 - - [01/Aug/2021:07:41:44 +0000] "POST /sendincoming HTTP/1.1" 200 358 "https://localhost/chartmonitornolayout" "Mozilla/5.0 (Windows NT 10.0; Win64; x64) AppleWebKit/537.36 (KHTML, like Gecko) Chrome/92.0.4515.107 Safari/537.36"
::1 - - [01/Aug/2021:07:42:04 +0000] "POST /sendincoming HTTP/1.1" 200 358 "https://localhost/dashlogs" "Mozilla/5.0 (Windows NT 10.0; Win64; x64) AppleWebKit/537.36 (KHTML, like Gecko) Chrome/92.0.4515.107 Safari/537.36"
::1 - - [01/Aug/2021:07:42:04 +0000] "POST /sendincoming HTTP/1.1" 200 358 "https://localhost/chartmonitornolayout" "Mozilla/5.0 (Windows NT 10.0; Win64; x64) AppleWebKit/537.36 (KHTML, like Gecko) Chrome/92.0.4515.107 Safari/537.36"
::1 - - [01/Aug/2021:07:42:24 +0000] "POST /sendincoming HTTP/1.1" 200 358 "https://localhost/dashlogs" "Mozilla/5.0 (Windows NT 10.0; Win64; x64) AppleWebKit/537.36 (KHTML, like Gecko) Chrome/92.0.4515.107 Safari/537.36"
::1 - - [01/Aug/2021:07:42:24 +0000] "POST /sendincoming HTTP/1.1" 200 358 "https://localhost/chartmonitornolayout" "Mozilla/5.0 (Windows NT 10.0; Win64; x64) AppleWebKit/537.36 (KHTML, like Gecko) Chrome/92.0.4515.107 Safari/537.36"
::1 - - [01/Aug/2021:07:43:25 +0000] "POST /sendincoming HTTP/1.1" 200 358 "https://localhost/dashlogs" "Mozilla/5.0 (Windows NT 10.0; Win64; x64) AppleWebKit/537.36 (KHTML, like Gecko) Chrome/92.0.4515.107 Safari/537.36"
::1 - - [01/Aug/2021:07:43:25 +0000] "POST /sendincoming HTTP/1.1" 200 358 "https://localhost/chartmonitornolayout" "Mozilla/5.0 (Windows NT 10.0; Win64; x64) AppleWebKit/537.36 (KHTML, like Gecko) Chrome/92.0.4515.107 Safari/537.36"
::1 - - [01/Aug/2021:07:43:54 +0000] "POST /sendincoming HTTP/1.1" 200 358 "https://localhost/dashlogs" "Mozilla/5.0 (Windows NT 10.0; Win64; x64) AppleWebKit/537.36 (KHTML, like Gecko) Chrome/92.0.4515.107 Safari/537.36"
::1 - - [01/Aug/2021:07:43:54 +0000] "POST /sendincoming HTTP/1.1" 200 358 "https://localhost/chartmonitornolayout" "Mozilla/5.0 (Windows NT 10.0; Win64; x64) AppleWebKit/537.36 (KHTML, like Gecko) Chrome/92.0.4515.107 Safari/537.36"
::1 - - [01/Aug/2021:07:43:55 +0000] "GET /dashlogs HTTP/1.1" 200 52252 "-" "Mozilla/5.0 (Windows NT 10.0; Win64; x64) AppleWebKit/537.36 (KHTML, like Gecko) Chrome/92.0.4515.107 Safari/537.36"
::1 - - [01/Aug/2021:07:43:55 +0000] "GET /vendors/bootstrap/dist/css/bootstrap.css HTTP/1.1" 304 - "https://localhost/dashlogs" "Mozilla/5.0 (Windows NT 10.0; Win64; x64) AppleWebKit/537.36 (KHTML, like Gecko) Chrome/92.0.4515.107 Safari/537.36"
::1 - - [01/Aug/2021:07:43:55 +0000] "GET /vendors/themify-icons/css/themify-icons.css HTTP/1.1" 304 - "https://localhost/dashlogs" "Mozilla/5.0 (Windows NT 10.0; Win64; x64) AppleWebKit/537.36 (KHTML, like Gecko) Chrome/92.0.4515.107 Safari/537.36"
::1 - - [01/Aug/2021:07:43:55 +0000] "GET /vendors/flag-icon-css/css/flag-icon.min.css HTTP/1.1" 304 - "https://localhost/dashlogs" "Mozilla/5.0 (Windows NT 10.0; Win64; x64) AppleWebKit/537.36 (KHTML, like Gecko) Chrome/92.0.4515.107 Safari/537.36"
::1 - - [01/Aug/2021:07:43:55 +0000] "GET /vendors/bootstrap/dist/css/file-explore.css HTTP/1.1" 304 - "https://localhost/dashlogs" "Mozilla/5.0 (Windows NT 10.0; Win64; x64) AppleWebKit/537.36 (KHTML, like Gecko) Chrome/92.0.4515.107 Safari/537.36"
::1 - - [01/Aug/2021:07:43:55 +0000] "GET /vendors/font-awesome/css/font-awesome.min.css HTTP/1.1" 200 31000 "https://localhost/dashlogs" "Mozilla/5.0 (Windows NT 10.0; Win64; x64) AppleWebKit/537.36 (KHTML, like Gecko) Chrome/92.0.4515.107 Safari/537.36"
::1 - - [01/Aug/2021:07:43:55 +0000] "GET /vendors/bootstrap/dist/css/select2.css HTTP/1.1" 304 - "https://localhost/dashlogs" "Mozilla/5.0 (Windows NT 10.0; Win64; x64) AppleWebKit/537.36 (KHTML, like Gecko) Chrome/92.0.4515.107 Safari/537.36"
::1 - - [01/Aug/2021:07:43:55 +0000] "GET /vendors/chosen/chosen.min.css HTTP/1.1" 304 - "https://localhost/dashlogs" "Mozilla/5.0 (Windows NT 10.0; Win64; x64) AppleWebKit/537.36 (KHTML, like Gecko) Chrome/92.0.4515.107 Safari/537.36"
::1 - - [01/Aug/2021:07:43:55 +0000] "GET /vendors/bootstrap/dist/css/side.css HTTP/1.1" 304 - "https://localhost/dashlogs" "Mozilla/5.0 (Windows NT 10.0; Win64; x64) AppleWebKit/537.36 (KHTML, like Gecko) Chrome/92.0.4515.107 Safari/537.36"
::1 - - [01/Aug/2021:07:43:55 +0000] "GET /vendors/bootstrap/dist/css/jquerysctipttop.css HTTP/1.1" 304 - "https://localhost/dashlogs" "Mozilla/5.0 (Windows NT 10.0; Win64; x64) AppleWebKit/537.36 (KHTML, like Gecko) Chrome/92.0.4515.107 Safari/537.36"
::1 - - [01/Aug/2021:07:43:55 +0000] "GET /vendors/bootstrap/dist/css/newPDF.css HTTP/1.1" 304 - "https://localhost/dashlogs" "Mozilla/5.0 (Windows NT 10.0; Win64; x64) AppleWebKit/537.36 (KHTML, like Gecko) Chrome/92.0.4515.107 Safari/537.36"
::1 - - [01/Aug/2021:07:43:55 +0000] "GET /vendors/bootstrap/dist/css/bootstrap-toggle.min.css HTTP/1.1" 304 - "https://localhost/dashlogs" "Mozilla/5.0 (Windows NT 10.0; Win64; x64) AppleWebKit/537.36 (KHTML, like Gecko) Chrome/92.0.4515.107 Safari/537.36"
::1 - - [01/Aug/2021:07:43:55 +0000] "GET /vendors/selectFX/css/cs-skin-elastic.css HTTP/1.1" 304 - "https://localhost/dashlogs" "Mozilla/5.0 (Windows NT 10.0; Win64; x64) AppleWebKit/537.36 (KHTML, like Gecko) Chrome/92.0.4515.107 Safari/537.36"
::1 - - [01/Aug/2021:07:43:55 +0000] "GET /vendors/jqvmap/dist/jqvmap.min.css HTTP/1.1" 304 - "https://localhost/dashlogs" "Mozilla/5.0 (Windows NT 10.0; Win64; x64) AppleWebKit/537.36 (KHTML, like Gecko) Chrome/92.0.4515.107 Safari/537.36"
::1 - - [01/Aug/2021:07:43:55 +0000] "GET /assets/css/style.css HTTP/1.1" 304 - "https://localhost/dashlogs" "Mozilla/5.0 (Windows NT 10.0; Win64; x64) AppleWebKit/537.36 (KHTML, like Gecko) Chrome/92.0.4515.107 Safari/537.36"
::1 - - [01/Aug/2021:07:43:55 +0000] "GET /assets/hashes.js HTTP/1.1" 304 - "https://localhost/dashlogs" "Mozilla/5.0 (Windows NT 10.0; Win64; x64) AppleWebKit/537.36 (KHTML, like Gecko) Chrome/92.0.4515.107 Safari/537.36"
::1 - - [01/Aug/2021:07:43:55 +0000] "GET /vendors/bootstrap/dist/css/font.css HTTP/1.1" 200 4547 "https://localhost/dashlogs" "Mozilla/5.0 (Windows NT 10.0; Win64; x64) AppleWebKit/537.36 (KHTML, like Gecko) Chrome/92.0.4515.107 Safari/537.36"
::1 - - [01/Aug/2021:07:43:55 +0000] "GET /assets/js/jquery.213.min.js HTTP/1.1" 304 - "https://localhost/dashlogs" "Mozilla/5.0 (Windows NT 10.0; Win64; x64) AppleWebKit/537.36 (KHTML, like Gecko) Chrome/92.0.4515.107 Safari/537.36"
::1 - - [01/Aug/2021:07:43:55 +0000] "GET /vendors/chart.js/dist/hammer.js HTTP/1.1" 304 - "https://localhost/dashlogs" "Mozilla/5.0 (Windows NT 10.0; Win64; x64) AppleWebKit/537.36 (KHTML, like Gecko) Chrome/92.0.4515.107 Safari/537.36"
::1 - - [01/Aug/2021:07:43:55 +0000] "GET /vendors/chart.js/dist/Chart.bundle.js HTTP/1.1" 304 - "https://localhost/dashlogs" "Mozilla/5.0 (Windows NT 10.0; Win64; x64) AppleWebKit/537.36 (KHTML, like Gecko) Chrome/92.0.4515.107 Safari/537.36"
::1 - - [01/Aug/2021:07:43:55 +0000] "GET /vendors/chart.js/dist/zoom.js HTTP/1.1" 304 - "https://localhost/dashlogs" "Mozilla/5.0 (Windows NT 10.0; Win64; x64) AppleWebKit/537.36 (KHTML, like Gecko) Chrome/92.0.4515.107 Safari/537.36"
::1 - - [01/Aug/2021:07:43:55 +0000] "GET /vendors/chart.js/dist/utils.js HTTP/1.1" 304 - "https://localhost/dashlogs" "Mozilla/5.0 (Windows NT 10.0; Win64; x64) AppleWebKit/537.36 (KHTML, like Gecko) Chrome/92.0.4515.107 Safari/537.36"
::1 - - [01/Aug/2021:07:43:55 +0000] "GET /assets/commologs.js HTTP/1.1" 304 - "https://localhost/dashlogs" "Mozilla/5.0 (Windows NT 10.0; Win64; x64) AppleWebKit/537.36 (KHTML, like Gecko) Chrome/92.0.4515.107 Safari/537.36"
::1 - - [01/Aug/2021:07:43:55 +0000] "GET /vendors/jquery/dist/jquery.min.js HTTP/1.1" 304 - "https://localhost/dashlogs" "Mozilla/5.0 (Windows NT 10.0; Win64; x64) AppleWebKit/537.36 (KHTML, like Gecko) Chrome/92.0.4515.107 Safari/537.36"
::1 - - [01/Aug/2021:07:43:55 +0000] "GET /vendors/popper.js/dist/umd/popper.min.js HTTP/1.1" 304 - "https://localhost/dashlogs" "Mozilla/5.0 (Windows NT 10.0; Win64; x64) AppleWebKit/537.36 (KHTML, like Gecko) Chrome/92.0.4515.107 Safari/537.36"
::1 - - [01/Aug/2021:07:43:55 +0000] "GET /vendors/bootstrap/dist/js/bootstrap.min.js HTTP/1.1" 304 - "https://localhost/dashlogs" "Mozilla/5.0 (Windows NT 10.0; Win64; x64) AppleWebKit/537.36 (KHTML, like Gecko) Chrome/92.0.4515.107 Safari/537.36"
::1 - - [01/Aug/2021:07:43:55 +0000] "GET /assets/js/main.js HTTP/1.1" 304 - "https://localhost/dashlogs" "Mozilla/5.0 (Windows NT 10.0; Win64; x64) AppleWebKit/537.36 (KHTML, like Gecko) Chrome/92.0.4515.107 Safari/537.36"
::1 - - [01/Aug/2021:07:43:55 +0000] "GET /vendors/bootstrap/dist/js/select2.min.js HTTP/1.1" 304 - "https://localhost/dashlogs" "Mozilla/5.0 (Windows NT 10.0; Win64; x64) AppleWebKit/537.36 (KHTML, like Gecko) Chrome/92.0.4515.107 Safari/537.36"
::1 - - [01/Aug/2021:07:43:55 +0000] "GET /vendors/font-awesome/fonts/fontawesome-webfont.woff2?v=4.7.0 HTTP/1.1" 304 - "https://localhost/vendors/font-awesome/css/font-awesome.min.css" "Mozilla/5.0 (Windows NT 10.0; Win64; x64) AppleWebKit/537.36 (KHTML, like Gecko) Chrome/92.0.4515.107 Safari/537.36"
::1 - - [01/Aug/2021:07:43:55 +0000] "GET /vendors/bootstrap/dist/css/font/open-sans-v17-vietnamese_latin-ext_latin_greek-ext_greek_cyrillic-ext_cyrillic-regular.woff2 HTTP/1.1" 304 - "https://localhost/vendors/bootstrap/dist/css/font.css" "Mozilla/5.0 (Windows NT 10.0; Win64; x64) AppleWebKit/537.36 (KHTML, like Gecko) Chrome/92.0.4515.107 Safari/537.36"
::1 - - [01/Aug/2021:07:43:55 +0000] "GET /vendors/bootstrap/dist/css/font/open-sans-v17-vietnamese_latin-ext_latin_greek-ext_greek_cyrillic-ext_cyrillic-700.woff2 HTTP/1.1" 304 - "https://localhost/vendors/bootstrap/dist/css/font.css" "Mozilla/5.0 (Windows NT 10.0; Win64; x64) AppleWebKit/537.36 (KHTML, like Gecko) Chrome/92.0.4515.107 Safari/537.36"
::1 - - [01/Aug/2021:07:43:55 +0000] "GET /images/logo.png HTTP/1.1" 304 - "https://localhost/dashlogs" "Mozilla/5.0 (Windows NT 10.0; Win64; x64) AppleWebKit/537.36 (KHTML, like Gecko) Chrome/92.0.4515.107 Safari/537.36"
::1 - - [01/Aug/2021:07:43:55 +0000] "GET /images/nelson.jpg HTTP/1.1" 404 156 "https://localhost/dashlogs" "Mozilla/5.0 (Windows NT 10.0; Win64; x64) AppleWebKit/537.36 (KHTML, like Gecko) Chrome/92.0.4515.107 Safari/537.36"
::1 - - [01/Aug/2021:07:43:55 +0000] "GET /assets/js/adapter.min.js HTTP/1.1" 304 - "https://localhost/dashlogs" "Mozilla/5.0 (Windows NT 10.0; Win64; x64) AppleWebKit/537.36 (KHTML, like Gecko) Chrome/92.0.4515.107 Safari/537.36"
::1 - - [01/Aug/2021:07:43:55 +0000] "GET /assets/js/vue.min.js HTTP/1.1" 304 - "https://localhost/dashlogs" "Mozilla/5.0 (Windows NT 10.0; Win64; x64) AppleWebKit/537.36 (KHTML, like Gecko) Chrome/92.0.4515.107 Safari/537.36"
::1 - - [01/Aug/2021:07:43:55 +0000] "GET /assets/js/instascan.min.js HTTP/1.1" 304 - "https://localhost/dashlogs" "Mozilla/5.0 (Windows NT 10.0; Win64; x64) AppleWebKit/537.36 (KHTML, like Gecko) Chrome/92.0.4515.107 Safari/537.36"
::1 - - [01/Aug/2021:07:43:55 +0000] "GET /vendors/bootstrap/dist/js/pdf.min.js HTTP/1.1" 304 - "https://localhost/dashlogs" "Mozilla/5.0 (Windows NT 10.0; Win64; x64) AppleWebKit/537.36 (KHTML, like Gecko) Chrome/92.0.4515.107 Safari/537.36"
::1 - - [01/Aug/2021:07:43:55 +0000] "GET /vendors/bootstrap/dist/js/pdf.worker.min.js HTTP/1.1" 304 - "https://localhost/dashlogs" "Mozilla/5.0 (Windows NT 10.0; Win64; x64) AppleWebKit/537.36 (KHTML, like Gecko) Chrome/92.0.4515.107 Safari/537.36"
::1 - - [01/Aug/2021:07:43:55 +0000] "GET /vendors/bootstrap/dist/js/file-explore.js HTTP/1.1" 304 - "https://localhost/dashlogs" "Mozilla/5.0 (Windows NT 10.0; Win64; x64) AppleWebKit/537.36 (KHTML, like Gecko) Chrome/92.0.4515.107 Safari/537.36"
::1 - - [01/Aug/2021:07:43:55 +0000] "GET /vendors/bootstrap/dist/js/side.js HTTP/1.1" 304 - "https://localhost/dashlogs" "Mozilla/5.0 (Windows NT 10.0; Win64; x64) AppleWebKit/537.36 (KHTML, like Gecko) Chrome/92.0.4515.107 Safari/537.36"
::1 - - [01/Aug/2021:07:43:55 +0000] "GET /vendors/bootstrap/dist/js/bootstrap-toggle.min.js HTTP/1.1" 304 - "https://localhost/dashlogs" "Mozilla/5.0 (Windows NT 10.0; Win64; x64) AppleWebKit/537.36 (KHTML, like Gecko) Chrome/92.0.4515.107 Safari/537.36"
::1 - - [01/Aug/2021:07:43:55 +0000] "GET /assets/js/dashboard.js HTTP/1.1" 304 - "https://localhost/dashlogs" "Mozilla/5.0 (Windows NT 10.0; Win64; x64) AppleWebKit/537.36 (KHTML, like Gecko) Chrome/92.0.4515.107 Safari/537.36"
::1 - - [01/Aug/2021:07:43:55 +0000] "GET /assets/cookie.js HTTP/1.1" 304 - "https://localhost/dashlogs" "Mozilla/5.0 (Windows NT 10.0; Win64; x64) AppleWebKit/537.36 (KHTML, like Gecko) Chrome/92.0.4515.107 Safari/537.36"
::1 - - [01/Aug/2021:07:43:55 +0000] "GET /chartmonitornolayout HTTP/1.1" 200 5489 "https://localhost/dashlogs" "Mozilla/5.0 (Windows NT 10.0; Win64; x64) AppleWebKit/537.36 (KHTML, like Gecko) Chrome/92.0.4515.107 Safari/537.36"
::1 - - [01/Aug/2021:07:43:55 +0000] "GET /assets/modaldoc.js HTTP/1.1" 304 - "https://localhost/dashlogs" "Mozilla/5.0 (Windows NT 10.0; Win64; x64) AppleWebKit/537.36 (KHTML, like Gecko) Chrome/92.0.4515.107 Safari/537.36"
::1 - - [01/Aug/2021:07:43:55 +0000] "GET /assets/common.js HTTP/1.1" 304 - "https://localhost/dashlogs" "Mozilla/5.0 (Windows NT 10.0; Win64; x64) AppleWebKit/537.36 (KHTML, like Gecko) Chrome/92.0.4515.107 Safari/537.36"
::1 - - [01/Aug/2021:07:43:55 +0000] "GET /assets/routeclas.js HTTP/1.1" 304 - "https://localhost/dashlogs" "Mozilla/5.0 (Windows NT 10.0; Win64; x64) AppleWebKit/537.36 (KHTML, like Gecko) Chrome/92.0.4515.107 Safari/537.36"
::1 - - [01/Aug/2021:07:43:55 +0000] "GET /vendors/chosen/chosen.jquery.min.js HTTP/1.1" 304 - "https://localhost/dashlogs" "Mozilla/5.0 (Windows NT 10.0; Win64; x64) AppleWebKit/537.36 (KHTML, like Gecko) Chrome/92.0.4515.107 Safari/537.36"
::1 - - [01/Aug/2021:07:43:55 +0000] "GET /assets/app.js HTTP/1.1" 304 - "https://localhost/dashlogs" "Mozilla/5.0 (Windows NT 10.0; Win64; x64) AppleWebKit/537.36 (KHTML, like Gecko) Chrome/92.0.4515.107 Safari/537.36"
::1 - - [01/Aug/2021:07:43:55 +0000] "GET /images/logo2.png HTTP/1.1" 304 - "https://localhost/dashlogs" "Mozilla/5.0 (Windows NT 10.0; Win64; x64) AppleWebKit/537.36 (KHTML, like Gecko) Chrome/92.0.4515.107 Safari/537.36"
::1 - - [01/Aug/2021:07:43:56 +0000] "GET /images/noti.wav HTTP/1.1" 206 273140 "https://localhost/dashlogs" "Mozilla/5.0 (Windows NT 10.0; Win64; x64) AppleWebKit/537.36 (KHTML, like Gecko) Chrome/92.0.4515.107 Safari/537.36"
::1 - - [01/Aug/2021:07:43:56 +0000] "GET /images/manager-it.jpg HTTP/1.1" 304 - "https://localhost/dashlogs" "Mozilla/5.0 (Windows NT 10.0; Win64; x64) AppleWebKit/537.36 (KHTML, like Gecko) Chrome/92.0.4515.107 Safari/537.36"
::1 - - [01/Aug/2021:07:43:56 +0000] "POST /sendincoming HTTP/1.1" 200 358 "https://localhost/dashlogs" "Mozilla/5.0 (Windows NT 10.0; Win64; x64) AppleWebKit/537.36 (KHTML, like Gecko) Chrome/92.0.4515.107 Safari/537.36"
::1 - - [01/Aug/2021:07:43:56 +0000] "GET /vendors/bootstrap/dist/css/bootstrap.css HTTP/1.1" 304 - "https://localhost/chartmonitornolayout" "Mozilla/5.0 (Windows NT 10.0; Win64; x64) AppleWebKit/537.36 (KHTML, like Gecko) Chrome/92.0.4515.107 Safari/537.36"
::1 - - [01/Aug/2021:07:43:56 +0000] "GET /vendors/font-awesome/css/font-awesome.min.css HTTP/1.1" 304 - "https://localhost/chartmonitornolayout" "Mozilla/5.0 (Windows NT 10.0; Win64; x64) AppleWebKit/537.36 (KHTML, like Gecko) Chrome/92.0.4515.107 Safari/537.36"
::1 - - [01/Aug/2021:07:43:56 +0000] "GET /vendors/themify-icons/css/themify-icons.css HTTP/1.1" 304 - "https://localhost/chartmonitornolayout" "Mozilla/5.0 (Windows NT 10.0; Win64; x64) AppleWebKit/537.36 (KHTML, like Gecko) Chrome/92.0.4515.107 Safari/537.36"
::1 - - [01/Aug/2021:07:43:56 +0000] "GET /vendors/flag-icon-css/css/flag-icon.min.css HTTP/1.1" 304 - "https://localhost/chartmonitornolayout" "Mozilla/5.0 (Windows NT 10.0; Win64; x64) AppleWebKit/537.36 (KHTML, like Gecko) Chrome/92.0.4515.107 Safari/537.36"
::1 - - [01/Aug/2021:07:43:56 +0000] "GET /vendors/selectFX/css/cs-skin-elastic.css HTTP/1.1" 304 - "https://localhost/chartmonitornolayout" "Mozilla/5.0 (Windows NT 10.0; Win64; x64) AppleWebKit/537.36 (KHTML, like Gecko) Chrome/92.0.4515.107 Safari/537.36"
::1 - - [01/Aug/2021:07:43:56 +0000] "GET /vendors/jqvmap/dist/jqvmap.min.css HTTP/1.1" 304 - "https://localhost/chartmonitornolayout" "Mozilla/5.0 (Windows NT 10.0; Win64; x64) AppleWebKit/537.36 (KHTML, like Gecko) Chrome/92.0.4515.107 Safari/537.36"
::1 - - [01/Aug/2021:07:43:56 +0000] "GET /vendors/bootstrap/dist/css/select2.css HTTP/1.1" 304 - "https://localhost/chartmonitornolayout" "Mozilla/5.0 (Windows NT 10.0; Win64; x64) AppleWebKit/537.36 (KHTML, like Gecko) Chrome/92.0.4515.107 Safari/537.36"
::1 - - [01/Aug/2021:07:43:56 +0000] "GET /assets/css/style.css HTTP/1.1" 304 - "https://localhost/chartmonitornolayout" "Mozilla/5.0 (Windows NT 10.0; Win64; x64) AppleWebKit/537.36 (KHTML, like Gecko) Chrome/92.0.4515.107 Safari/537.36"
::1 - - [01/Aug/2021:07:43:56 +0000] "GET /vendors/bootstrap/dist/css/font.css HTTP/1.1" 304 - "https://localhost/chartmonitornolayout" "Mozilla/5.0 (Windows NT 10.0; Win64; x64) AppleWebKit/537.36 (KHTML, like Gecko) Chrome/92.0.4515.107 Safari/537.36"
::1 - - [01/Aug/2021:07:43:56 +0000] "GET /vendors/chosen/chosen.min.css HTTP/1.1" 304 - "https://localhost/chartmonitornolayout" "Mozilla/5.0 (Windows NT 10.0; Win64; x64) AppleWebKit/537.36 (KHTML, like Gecko) Chrome/92.0.4515.107 Safari/537.36"
::1 - - [01/Aug/2021:07:43:56 +0000] "GET /vendors/bootstrap/dist/css/side.css HTTP/1.1" 304 - "https://localhost/chartmonitornolayout" "Mozilla/5.0 (Windows NT 10.0; Win64; x64) AppleWebKit/537.36 (KHTML, like Gecko) Chrome/92.0.4515.107 Safari/537.36"
::1 - - [01/Aug/2021:07:43:56 +0000] "GET /vendors/bootstrap/dist/css/file-explore.css HTTP/1.1" 304 - "https://localhost/chartmonitornolayout" "Mozilla/5.0 (Windows NT 10.0; Win64; x64) AppleWebKit/537.36 (KHTML, like Gecko) Chrome/92.0.4515.107 Safari/537.36"
::1 - - [01/Aug/2021:07:43:56 +0000] "GET /vendors/bootstrap/dist/css/jquerysctipttop.css HTTP/1.1" 304 - "https://localhost/chartmonitornolayout" "Mozilla/5.0 (Windows NT 10.0; Win64; x64) AppleWebKit/537.36 (KHTML, like Gecko) Chrome/92.0.4515.107 Safari/537.36"
::1 - - [01/Aug/2021:07:43:56 +0000] "GET /vendors/bootstrap/dist/css/newPDF.css HTTP/1.1" 304 - "https://localhost/chartmonitornolayout" "Mozilla/5.0 (Windows NT 10.0; Win64; x64) AppleWebKit/537.36 (KHTML, like Gecko) Chrome/92.0.4515.107 Safari/537.36"
::1 - - [01/Aug/2021:07:43:56 +0000] "GET /vendors/bootstrap/dist/css/bootstrap-toggle.min.css HTTP/1.1" 304 - "https://localhost/chartmonitornolayout" "Mozilla/5.0 (Windows NT 10.0; Win64; x64) AppleWebKit/537.36 (KHTML, like Gecko) Chrome/92.0.4515.107 Safari/537.36"
::1 - - [01/Aug/2021:07:43:56 +0000] "GET /assets/hashes.js HTTP/1.1" 304 - "https://localhost/chartmonitornolayout" "Mozilla/5.0 (Windows NT 10.0; Win64; x64) AppleWebKit/537.36 (KHTML, like Gecko) Chrome/92.0.4515.107 Safari/537.36"
::1 - - [01/Aug/2021:07:43:56 +0000] "GET /assets/js/jquery.213.min.js HTTP/1.1" 304 - "https://localhost/chartmonitornolayout" "Mozilla/5.0 (Windows NT 10.0; Win64; x64) AppleWebKit/537.36 (KHTML, like Gecko) Chrome/92.0.4515.107 Safari/537.36"
::1 - - [01/Aug/2021:07:43:56 +0000] "GET /assets/js/pdfobject.min.js HTTP/1.1" 304 - "https://localhost/chartmonitornolayout" "Mozilla/5.0 (Windows NT 10.0; Win64; x64) AppleWebKit/537.36 (KHTML, like Gecko) Chrome/92.0.4515.107 Safari/537.36"
::1 - - [01/Aug/2021:07:43:56 +0000] "GET /vendors/datatables.net-bs4/css/dataTables.bootstrap4.css HTTP/1.1" 200 5800 "https://localhost/chartmonitornolayout" "Mozilla/5.0 (Windows NT 10.0; Win64; x64) AppleWebKit/537.36 (KHTML, like Gecko) Chrome/92.0.4515.107 Safari/537.36"
::1 - - [01/Aug/2021:07:43:56 +0000] "GET /vendors/chart.js/dist/hammer.js HTTP/1.1" 304 - "https://localhost/chartmonitornolayout" "Mozilla/5.0 (Windows NT 10.0; Win64; x64) AppleWebKit/537.36 (KHTML, like Gecko) Chrome/92.0.4515.107 Safari/537.36"
::1 - - [01/Aug/2021:07:43:56 +0000] "GET /vendors/datatables.net-buttons-bs4/css/buttons.bootstrap4.min.css HTTP/1.1" 200 4163 "https://localhost/chartmonitornolayout" "Mozilla/5.0 (Windows NT 10.0; Win64; x64) AppleWebKit/537.36 (KHTML, like Gecko) Chrome/92.0.4515.107 Safari/537.36"
::1 - - [01/Aug/2021:07:43:56 +0000] "GET /vendors/chart.js/dist/Chart.bundle.js HTTP/1.1" 304 - "https://localhost/chartmonitornolayout" "Mozilla/5.0 (Windows NT 10.0; Win64; x64) AppleWebKit/537.36 (KHTML, like Gecko) Chrome/92.0.4515.107 Safari/537.36"
::1 - - [01/Aug/2021:07:43:56 +0000] "GET /vendors/chart.js/dist/zoom.js HTTP/1.1" 304 - "https://localhost/chartmonitornolayout" "Mozilla/5.0 (Windows NT 10.0; Win64; x64) AppleWebKit/537.36 (KHTML, like Gecko) Chrome/92.0.4515.107 Safari/537.36"
::1 - - [01/Aug/2021:07:43:56 +0000] "GET /vendors/chart.js/dist/utils.js HTTP/1.1" 304 - "https://localhost/chartmonitornolayout" "Mozilla/5.0 (Windows NT 10.0; Win64; x64) AppleWebKit/537.36 (KHTML, like Gecko) Chrome/92.0.4515.107 Safari/537.36"
::1 - - [01/Aug/2021:07:43:56 +0000] "GET /vendors/datatables.net/js/jquery.chartTables.js HTTP/1.1" 304 - "https://localhost/chartmonitornolayout" "Mozilla/5.0 (Windows NT 10.0; Win64; x64) AppleWebKit/537.36 (KHTML, like Gecko) Chrome/92.0.4515.107 Safari/537.36"
::1 - - [01/Aug/2021:07:43:56 +0000] "GET /vendors/datatables.net-bs4/js/dataTables.bootstrap4.min.js HTTP/1.1" 304 - "https://localhost/chartmonitornolayout" "Mozilla/5.0 (Windows NT 10.0; Win64; x64) AppleWebKit/537.36 (KHTML, like Gecko) Chrome/92.0.4515.107 Safari/537.36"
::1 - - [01/Aug/2021:07:43:56 +0000] "GET /vendors/datatables.net-buttons/js/dataTables.buttons.min.js HTTP/1.1" 304 - "https://localhost/chartmonitornolayout" "Mozilla/5.0 (Windows NT 10.0; Win64; x64) AppleWebKit/537.36 (KHTML, like Gecko) Chrome/92.0.4515.107 Safari/537.36"
::1 - - [01/Aug/2021:07:43:56 +0000] "GET /vendors/datatables.net-buttons-bs4/js/buttons.bootstrap4.min.js HTTP/1.1" 304 - "https://localhost/chartmonitornolayout" "Mozilla/5.0 (Windows NT 10.0; Win64; x64) AppleWebKit/537.36 (KHTML, like Gecko) Chrome/92.0.4515.107 Safari/537.36"
::1 - - [01/Aug/2021:07:43:56 +0000] "GET /vendors/jszip/dist/jszip.min.js HTTP/1.1" 304 - "https://localhost/chartmonitornolayout" "Mozilla/5.0 (Windows NT 10.0; Win64; x64) AppleWebKit/537.36 (KHTML, like Gecko) Chrome/92.0.4515.107 Safari/537.36"
::1 - - [01/Aug/2021:07:43:56 +0000] "GET /vendors/pdfmake/build/pdfmake.min.js HTTP/1.1" 304 - "https://localhost/chartmonitornolayout" "Mozilla/5.0 (Windows NT 10.0; Win64; x64) AppleWebKit/537.36 (KHTML, like Gecko) Chrome/92.0.4515.107 Safari/537.36"
::1 - - [01/Aug/2021:07:43:56 +0000] "GET /vendors/pdfmake/build/vfs_fonts.js HTTP/1.1" 304 - "https://localhost/chartmonitornolayout" "Mozilla/5.0 (Windows NT 10.0; Win64; x64) AppleWebKit/537.36 (KHTML, like Gecko) Chrome/92.0.4515.107 Safari/537.36"
::1 - - [01/Aug/2021:07:43:56 +0000] "GET /vendors/datatables.net-buttons/js/buttons.html5.min.js HTTP/1.1" 304 - "https://localhost/chartmonitornolayout" "Mozilla/5.0 (Windows NT 10.0; Win64; x64) AppleWebKit/537.36 (KHTML, like Gecko) Chrome/92.0.4515.107 Safari/537.36"
::1 - - [01/Aug/2021:07:43:56 +0000] "GET /vendors/datatables.net-buttons/js/buttons.print.min.js HTTP/1.1" 304 - "https://localhost/chartmonitornolayout" "Mozilla/5.0 (Windows NT 10.0; Win64; x64) AppleWebKit/537.36 (KHTML, like Gecko) Chrome/92.0.4515.107 Safari/537.36"
::1 - - [01/Aug/2021:07:43:56 +0000] "GET /vendors/datatables.net-buttons/js/buttons.colVis.min.js HTTP/1.1" 304 - "https://localhost/chartmonitornolayout" "Mozilla/5.0 (Windows NT 10.0; Win64; x64) AppleWebKit/537.36 (KHTML, like Gecko) Chrome/92.0.4515.107 Safari/537.36"
::1 - - [01/Aug/2021:07:43:56 +0000] "GET /assets/chartmonitor.js HTTP/1.1" 304 - "https://localhost/chartmonitornolayout" "Mozilla/5.0 (Windows NT 10.0; Win64; x64) AppleWebKit/537.36 (KHTML, like Gecko) Chrome/92.0.4515.107 Safari/537.36"
::1 - - [01/Aug/2021:07:43:56 +0000] "GET /vendors/jquery/dist/jquery.min.js HTTP/1.1" 304 - "https://localhost/chartmonitornolayout" "Mozilla/5.0 (Windows NT 10.0; Win64; x64) AppleWebKit/537.36 (KHTML, like Gecko) Chrome/92.0.4515.107 Safari/537.36"
::1 - - [01/Aug/2021:07:43:56 +0000] "GET /vendors/popper.js/dist/umd/popper.min.js HTTP/1.1" 304 - "https://localhost/chartmonitornolayout" "Mozilla/5.0 (Windows NT 10.0; Win64; x64) AppleWebKit/537.36 (KHTML, like Gecko) Chrome/92.0.4515.107 Safari/537.36"
::1 - - [01/Aug/2021:07:43:56 +0000] "GET /vendors/bootstrap/dist/js/bootstrap.min.js HTTP/1.1" 304 - "https://localhost/chartmonitornolayout" "Mozilla/5.0 (Windows NT 10.0; Win64; x64) AppleWebKit/537.36 (KHTML, like Gecko) Chrome/92.0.4515.107 Safari/537.36"
::1 - - [01/Aug/2021:07:43:56 +0000] "GET /assets/js/main.js HTTP/1.1" 304 - "https://localhost/chartmonitornolayout" "Mozilla/5.0 (Windows NT 10.0; Win64; x64) AppleWebKit/537.36 (KHTML, like Gecko) Chrome/92.0.4515.107 Safari/537.36"
::1 - - [01/Aug/2021:07:43:56 +0000] "GET /vendors/bootstrap/dist/js/select2.min.js HTTP/1.1" 304 - "https://localhost/chartmonitornolayout" "Mozilla/5.0 (Windows NT 10.0; Win64; x64) AppleWebKit/537.36 (KHTML, like Gecko) Chrome/92.0.4515.107 Safari/537.36"
::1 - - [01/Aug/2021:07:43:56 +0000] "GET /assets/js/adapter.min.js HTTP/1.1" 304 - "https://localhost/chartmonitornolayout" "Mozilla/5.0 (Windows NT 10.0; Win64; x64) AppleWebKit/537.36 (KHTML, like Gecko) Chrome/92.0.4515.107 Safari/537.36"
::1 - - [01/Aug/2021:07:43:56 +0000] "GET /assets/js/vue.min.js HTTP/1.1" 304 - "https://localhost/chartmonitornolayout" "Mozilla/5.0 (Windows NT 10.0; Win64; x64) AppleWebKit/537.36 (KHTML, like Gecko) Chrome/92.0.4515.107 Safari/537.36"
::1 - - [01/Aug/2021:07:43:56 +0000] "GET /assets/js/instascan.min.js HTTP/1.1" 304 - "https://localhost/chartmonitornolayout" "Mozilla/5.0 (Windows NT 10.0; Win64; x64) AppleWebKit/537.36 (KHTML, like Gecko) Chrome/92.0.4515.107 Safari/537.36"
::1 - - [01/Aug/2021:07:43:56 +0000] "GET /vendors/bootstrap/dist/js/pdf.min.js HTTP/1.1" 304 - "https://localhost/chartmonitornolayout" "Mozilla/5.0 (Windows NT 10.0; Win64; x64) AppleWebKit/537.36 (KHTML, like Gecko) Chrome/92.0.4515.107 Safari/537.36"
::1 - - [01/Aug/2021:07:43:56 +0000] "GET /vendors/bootstrap/dist/js/pdf.worker.min.js HTTP/1.1" 304 - "https://localhost/chartmonitornolayout" "Mozilla/5.0 (Windows NT 10.0; Win64; x64) AppleWebKit/537.36 (KHTML, like Gecko) Chrome/92.0.4515.107 Safari/537.36"
::1 - - [01/Aug/2021:07:43:56 +0000] "GET /vendors/bootstrap/dist/js/file-explore.js HTTP/1.1" 304 - "https://localhost/chartmonitornolayout" "Mozilla/5.0 (Windows NT 10.0; Win64; x64) AppleWebKit/537.36 (KHTML, like Gecko) Chrome/92.0.4515.107 Safari/537.36"
::1 - - [01/Aug/2021:07:43:56 +0000] "GET /vendors/bootstrap/dist/js/side.js HTTP/1.1" 304 - "https://localhost/chartmonitornolayout" "Mozilla/5.0 (Windows NT 10.0; Win64; x64) AppleWebKit/537.36 (KHTML, like Gecko) Chrome/92.0.4515.107 Safari/537.36"
::1 - - [01/Aug/2021:07:43:56 +0000] "GET /vendors/bootstrap/dist/js/bootstrap-toggle.min.js HTTP/1.1" 304 - "https://localhost/chartmonitornolayout" "Mozilla/5.0 (Windows NT 10.0; Win64; x64) AppleWebKit/537.36 (KHTML, like Gecko) Chrome/92.0.4515.107 Safari/537.36"
::1 - - [01/Aug/2021:07:43:56 +0000] "GET /assets/js/dashboard.js HTTP/1.1" 304 - "https://localhost/chartmonitornolayout" "Mozilla/5.0 (Windows NT 10.0; Win64; x64) AppleWebKit/537.36 (KHTML, like Gecko) Chrome/92.0.4515.107 Safari/537.36"
::1 - - [01/Aug/2021:07:43:56 +0000] "GET /assets/cookie.js HTTP/1.1" 304 - "https://localhost/chartmonitornolayout" "Mozilla/5.0 (Windows NT 10.0; Win64; x64) AppleWebKit/537.36 (KHTML, like Gecko) Chrome/92.0.4515.107 Safari/537.36"
::1 - - [01/Aug/2021:07:43:56 +0000] "GET /assets/modaldoc.js HTTP/1.1" 304 - "https://localhost/chartmonitornolayout" "Mozilla/5.0 (Windows NT 10.0; Win64; x64) AppleWebKit/537.36 (KHTML, like Gecko) Chrome/92.0.4515.107 Safari/537.36"
::1 - - [01/Aug/2021:07:43:56 +0000] "GET /assets/common.js HTTP/1.1" 304 - "https://localhost/chartmonitornolayout" "Mozilla/5.0 (Windows NT 10.0; Win64; x64) AppleWebKit/537.36 (KHTML, like Gecko) Chrome/92.0.4515.107 Safari/537.36"
::1 - - [01/Aug/2021:07:43:56 +0000] "GET /assets/routeclas.js HTTP/1.1" 304 - "https://localhost/chartmonitornolayout" "Mozilla/5.0 (Windows NT 10.0; Win64; x64) AppleWebKit/537.36 (KHTML, like Gecko) Chrome/92.0.4515.107 Safari/537.36"
::1 - - [01/Aug/2021:07:43:56 +0000] "GET /vendors/chosen/chosen.jquery.min.js HTTP/1.1" 304 - "https://localhost/chartmonitornolayout" "Mozilla/5.0 (Windows NT 10.0; Win64; x64) AppleWebKit/537.36 (KHTML, like Gecko) Chrome/92.0.4515.107 Safari/537.36"
::1 - - [01/Aug/2021:07:43:56 +0000] "GET /assets/app.js HTTP/1.1" 304 - "https://localhost/chartmonitornolayout" "Mozilla/5.0 (Windows NT 10.0; Win64; x64) AppleWebKit/537.36 (KHTML, like Gecko) Chrome/92.0.4515.107 Safari/537.36"
::1 - - [01/Aug/2021:07:43:56 +0000] "GET /images/noti.wav HTTP/1.1" 206 10996 "https://localhost/dashlogs" "Mozilla/5.0 (Windows NT 10.0; Win64; x64) AppleWebKit/537.36 (KHTML, like Gecko) Chrome/92.0.4515.107 Safari/537.36"
::1 - - [01/Aug/2021:07:43:56 +0000] "POST /chartmonitor HTTP/1.1" 200 10588 "https://localhost/chartmonitornolayout" "Mozilla/5.0 (Windows NT 10.0; Win64; x64) AppleWebKit/537.36 (KHTML, like Gecko) Chrome/92.0.4515.107 Safari/537.36"
::1 - - [01/Aug/2021:07:43:56 +0000] "POST /sendincoming HTTP/1.1" 200 358 "https://localhost/chartmonitornolayout" "Mozilla/5.0 (Windows NT 10.0; Win64; x64) AppleWebKit/537.36 (KHTML, like Gecko) Chrome/92.0.4515.107 Safari/537.36"
::1 - - [01/Aug/2021:07:43:56 +0000] "GET /images/noti.wav HTTP/1.1" 206 207604 "https://localhost/dashlogs" "Mozilla/5.0 (Windows NT 10.0; Win64; x64) AppleWebKit/537.36 (KHTML, like Gecko) Chrome/92.0.4515.107 Safari/537.36"
::1 - - [01/Aug/2021:07:43:56 +0000] "GET /drive/No%20Pending%20Files.pdf HTTP/1.1" 200 175209 "https://localhost/chartmonitornolayout" "Mozilla/5.0 (Windows NT 10.0; Win64; x64) AppleWebKit/537.36 (KHTML, like Gecko) Chrome/92.0.4515.107 Safari/537.36"
::1 - - [01/Aug/2021:07:43:56 +0000] "GET /favicon.ico HTTP/1.1" 200 238718 "https://localhost/dashlogs" "Mozilla/5.0 (Windows NT 10.0; Win64; x64) AppleWebKit/537.36 (KHTML, like Gecko) Chrome/92.0.4515.107 Safari/537.36"
::1 - - [01/Aug/2021:07:43:56 +0000] "GET /drive/No%20Pending%20Files.pdf HTTP/1.1" 200 175209 "https://localhost/chartmonitornolayout" "Mozilla/5.0 (Windows NT 10.0; Win64; x64) AppleWebKit/537.36 (KHTML, like Gecko) Chrome/92.0.4515.107 Safari/537.36"
::1 - - [01/Aug/2021:07:43:56 +0000] "GET /drive/No%20Pending%20Files.pdf HTTP/1.1" 206 65536 "https://localhost/chartmonitornolayout" "Mozilla/5.0 (Windows NT 10.0; Win64; x64) AppleWebKit/537.36 (KHTML, like Gecko) Chrome/92.0.4515.107 Safari/537.36"
::1 - - [01/Aug/2021:07:43:56 +0000] "GET /drive/No%20Pending%20Files.pdf HTTP/1.1" 206 44137 "https://localhost/chartmonitornolayout" "Mozilla/5.0 (Windows NT 10.0; Win64; x64) AppleWebKit/537.36 (KHTML, like Gecko) Chrome/92.0.4515.107 Safari/537.36"
::1 - - [01/Aug/2021:07:43:56 +0000] "GET /drive/No%20Pending%20Files.pdf HTTP/1.1" 206 65536 "https://localhost/chartmonitornolayout" "Mozilla/5.0 (Windows NT 10.0; Win64; x64) AppleWebKit/537.36 (KHTML, like Gecko) Chrome/92.0.4515.107 Safari/537.36"
::1 - - [01/Aug/2021:07:43:58 +0000] "POST /dashlogs HTTP/1.1" 200 665 "https://localhost/dashlogs" "Mozilla/5.0 (Windows NT 10.0; Win64; x64) AppleWebKit/537.36 (KHTML, like Gecko) Chrome/92.0.4515.107 Safari/537.36"
::1 - - [01/Aug/2021:07:44:16 +0000] "POST /sendincoming HTTP/1.1" 200 358 "https://localhost/dashlogs" "Mozilla/5.0 (Windows NT 10.0; Win64; x64) AppleWebKit/537.36 (KHTML, like Gecko) Chrome/92.0.4515.107 Safari/537.36"
::1 - - [01/Aug/2021:07:44:16 +0000] "POST /sendincoming HTTP/1.1" 200 358 "https://localhost/chartmonitornolayout" "Mozilla/5.0 (Windows NT 10.0; Win64; x64) AppleWebKit/537.36 (KHTML, like Gecko) Chrome/92.0.4515.107 Safari/537.36"
::1 - - [01/Aug/2021:07:44:36 +0000] "POST /sendincoming HTTP/1.1" 200 358 "https://localhost/dashlogs" "Mozilla/5.0 (Windows NT 10.0; Win64; x64) AppleWebKit/537.36 (KHTML, like Gecko) Chrome/92.0.4515.107 Safari/537.36"
::1 - - [01/Aug/2021:07:44:36 +0000] "POST /sendincoming HTTP/1.1" 200 358 "https://localhost/chartmonitornolayout" "Mozilla/5.0 (Windows NT 10.0; Win64; x64) AppleWebKit/537.36 (KHTML, like Gecko) Chrome/92.0.4515.107 Safari/537.36"
::1 - - [01/Aug/2021:07:44:56 +0000] "POST /sendincoming HTTP/1.1" 200 358 "https://localhost/dashlogs" "Mozilla/5.0 (Windows NT 10.0; Win64; x64) AppleWebKit/537.36 (KHTML, like Gecko) Chrome/92.0.4515.107 Safari/537.36"
::1 - - [01/Aug/2021:07:44:57 +0000] "POST /sendincoming HTTP/1.1" 200 358 "https://localhost/chartmonitornolayout" "Mozilla/5.0 (Windows NT 10.0; Win64; x64) AppleWebKit/537.36 (KHTML, like Gecko) Chrome/92.0.4515.107 Safari/537.36"
::1 - - [01/Aug/2021:07:45:16 +0000] "POST /sendincoming HTTP/1.1" 200 358 "https://localhost/dashlogs" "Mozilla/5.0 (Windows NT 10.0; Win64; x64) AppleWebKit/537.36 (KHTML, like Gecko) Chrome/92.0.4515.107 Safari/537.36"
::1 - - [01/Aug/2021:07:45:17 +0000] "POST /sendincoming HTTP/1.1" 200 358 "https://localhost/chartmonitornolayout" "Mozilla/5.0 (Windows NT 10.0; Win64; x64) AppleWebKit/537.36 (KHTML, like Gecko) Chrome/92.0.4515.107 Safari/537.36"
::1 - - [01/Aug/2021:07:45:36 +0000] "POST /sendincoming HTTP/1.1" 200 358 "https://localhost/dashlogs" "Mozilla/5.0 (Windows NT 10.0; Win64; x64) AppleWebKit/537.36 (KHTML, like Gecko) Chrome/92.0.4515.107 Safari/537.36"
::1 - - [01/Aug/2021:07:45:37 +0000] "POST /sendincoming HTTP/1.1" 200 358 "https://localhost/chartmonitornolayout" "Mozilla/5.0 (Windows NT 10.0; Win64; x64) AppleWebKit/537.36 (KHTML, like Gecko) Chrome/92.0.4515.107 Safari/537.36"
::1 - - [01/Aug/2021:07:45:56 +0000] "POST /sendincoming HTTP/1.1" 200 358 "https://localhost/dashlogs" "Mozilla/5.0 (Windows NT 10.0; Win64; x64) AppleWebKit/537.36 (KHTML, like Gecko) Chrome/92.0.4515.107 Safari/537.36"
::1 - - [01/Aug/2021:07:45:57 +0000] "POST /sendincoming HTTP/1.1" 200 358 "https://localhost/chartmonitornolayout" "Mozilla/5.0 (Windows NT 10.0; Win64; x64) AppleWebKit/537.36 (KHTML, like Gecko) Chrome/92.0.4515.107 Safari/537.36"
::1 - - [01/Aug/2021:07:46:16 +0000] "POST /sendincoming HTTP/1.1" 200 358 "https://localhost/dashlogs" "Mozilla/5.0 (Windows NT 10.0; Win64; x64) AppleWebKit/537.36 (KHTML, like Gecko) Chrome/92.0.4515.107 Safari/537.36"
::1 - - [01/Aug/2021:07:46:17 +0000] "POST /sendincoming HTTP/1.1" 200 358 "https://localhost/chartmonitornolayout" "Mozilla/5.0 (Windows NT 10.0; Win64; x64) AppleWebKit/537.36 (KHTML, like Gecko) Chrome/92.0.4515.107 Safari/537.36"
::1 - - [01/Aug/2021:07:46:36 +0000] "POST /sendincoming HTTP/1.1" 200 358 "https://localhost/dashlogs" "Mozilla/5.0 (Windows NT 10.0; Win64; x64) AppleWebKit/537.36 (KHTML, like Gecko) Chrome/92.0.4515.107 Safari/537.36"
::1 - - [01/Aug/2021:07:46:37 +0000] "POST /sendincoming HTTP/1.1" 200 358 "https://localhost/chartmonitornolayout" "Mozilla/5.0 (Windows NT 10.0; Win64; x64) AppleWebKit/537.36 (KHTML, like Gecko) Chrome/92.0.4515.107 Safari/537.36"
