::1 - - [01/Aug/2021:07:56:00 +0000] "GET /chartmonitor HTTP/1.1" 200 62112 "https://localhost/dashlogs" "Mozilla/5.0 (Windows NT 10.0; Win64; x64) AppleWebKit/537.36 (KHTML, like Gecko) Chrome/92.0.4515.107 Safari/537.36"
::1 - - [01/Aug/2021:07:56:00 +0000] "GET /vendors/bootstrap/dist/css/bootstrap.css HTTP/1.1" 200 197172 "https://localhost/chartmonitor" "Mozilla/5.0 (Windows NT 10.0; Win64; x64) AppleWebKit/537.36 (KHTML, like Gecko) Chrome/92.0.4515.107 Safari/537.36"
::1 - - [01/Aug/2021:07:56:00 +0000] "GET /vendors/jqvmap/dist/jqvmap.min.css HTTP/1.1" 200 613 "https://localhost/chartmonitor" "Mozilla/5.0 (Windows NT 10.0; Win64; x64) AppleWebKit/537.36 (KHTML, like Gecko) Chrome/92.0.4515.107 Safari/537.36"
::1 - - [01/Aug/2021:07:56:00 +0000] "GET /vendors/bootstrap/dist/css/font.css HTTP/1.1" 200 4547 "https://localhost/chartmonitor" "Mozilla/5.0 (Windows NT 10.0; Win64; x64) AppleWebKit/537.36 (KHTML, like Gecko) Chrome/92.0.4515.107 Safari/537.36"
::1 - - [01/Aug/2021:07:56:00 +0000] "GET /vendors/bootstrap/dist/css/select2.css HTTP/1.1" 200 17358 "https://localhost/chartmonitor" "Mozilla/5.0 (Windows NT 10.0; Win64; x64) AppleWebKit/537.36 (KHTML, like Gecko) Chrome/92.0.4515.107 Safari/537.36"
::1 - - [01/Aug/2021:07:56:00 +0000] "GET /vendors/chosen/chosen.min.css HTTP/1.1" 200 10220 "https://localhost/chartmonitor" "Mozilla/5.0 (Windows NT 10.0; Win64; x64) AppleWebKit/537.36 (KHTML, like Gecko) Chrome/92.0.4515.107 Safari/537.36"
::1 - - [01/Aug/2021:07:56:00 +0000] "GET /vendors/bootstrap/dist/css/side.css HTTP/1.1" 200 2514 "https://localhost/chartmonitor" "Mozilla/5.0 (Windows NT 10.0; Win64; x64) AppleWebKit/537.36 (KHTML, like Gecko) Chrome/92.0.4515.107 Safari/537.36"
::1 - - [01/Aug/2021:07:56:00 +0000] "GET /assets/css/style.css HTTP/1.1" 200 138026 "https://localhost/chartmonitor" "Mozilla/5.0 (Windows NT 10.0; Win64; x64) AppleWebKit/537.36 (KHTML, like Gecko) Chrome/92.0.4515.107 Safari/537.36"
::1 - - [01/Aug/2021:07:56:00 +0000] "GET /vendors/bootstrap/dist/css/file-explore.css HTTP/1.1" 200 1194 "https://localhost/chartmonitor" "Mozilla/5.0 (Windows NT 10.0; Win64; x64) AppleWebKit/537.36 (KHTML, like Gecko) Chrome/92.0.4515.107 Safari/537.36"
::1 - - [01/Aug/2021:07:56:00 +0000] "GET /vendors/bootstrap/dist/css/jquerysctipttop.css HTTP/1.1" 200 1427 "https://localhost/chartmonitor" "Mozilla/5.0 (Windows NT 10.0; Win64; x64) AppleWebKit/537.36 (KHTML, like Gecko) Chrome/92.0.4515.107 Safari/537.36"
::1 - - [01/Aug/2021:07:56:00 +0000] "GET /vendors/bootstrap/dist/css/newPDF.css HTTP/1.1" 200 810 "https://localhost/chartmonitor" "Mozilla/5.0 (Windows NT 10.0; Win64; x64) AppleWebKit/537.36 (KHTML, like Gecko) Chrome/92.0.4515.107 Safari/537.36"
::1 - - [01/Aug/2021:07:56:00 +0000] "GET /vendors/bootstrap/dist/css/bootstrap-toggle.min.css HTTP/1.1" 200 2722 "https://localhost/chartmonitor" "Mozilla/5.0 (Windows NT 10.0; Win64; x64) AppleWebKit/537.36 (KHTML, like Gecko) Chrome/92.0.4515.107 Safari/537.36"
::1 - - [01/Aug/2021:07:56:00 +0000] "GET /assets/hashes.js HTTP/1.1" 304 - "https://localhost/chartmonitor" "Mozilla/5.0 (Windows NT 10.0; Win64; x64) AppleWebKit/537.36 (KHTML, like Gecko) Chrome/92.0.4515.107 Safari/537.36"
::1 - - [01/Aug/2021:07:56:00 +0000] "GET /vendors/font-awesome/css/font-awesome.min.css HTTP/1.1" 200 31000 "https://localhost/chartmonitor" "Mozilla/5.0 (Windows NT 10.0; Win64; x64) AppleWebKit/537.36 (KHTML, like Gecko) Chrome/92.0.4515.107 Safari/537.36"
::1 - - [01/Aug/2021:07:56:00 +0000] "GET /vendors/themify-icons/css/themify-icons.css HTTP/1.1" 200 16403 "https://localhost/chartmonitor" "Mozilla/5.0 (Windows NT 10.0; Win64; x64) AppleWebKit/537.36 (KHTML, like Gecko) Chrome/92.0.4515.107 Safari/537.36"
::1 - - [01/Aug/2021:07:56:00 +0000] "GET /vendors/flag-icon-css/css/flag-icon.min.css HTTP/1.1" 200 33688 "https://localhost/chartmonitor" "Mozilla/5.0 (Windows NT 10.0; Win64; x64) AppleWebKit/537.36 (KHTML, like Gecko) Chrome/92.0.4515.107 Safari/537.36"
::1 - - [01/Aug/2021:07:56:00 +0000] "GET /vendors/selectFX/css/cs-skin-elastic.css HTTP/1.1" 200 4956 "https://localhost/chartmonitor" "Mozilla/5.0 (Windows NT 10.0; Win64; x64) AppleWebKit/537.36 (KHTML, like Gecko) Chrome/92.0.4515.107 Safari/537.36"
::1 - - [01/Aug/2021:07:56:00 +0000] "GET /assets/js/jquery.213.min.js HTTP/1.1" 304 - "https://localhost/chartmonitor" "Mozilla/5.0 (Windows NT 10.0; Win64; x64) AppleWebKit/537.36 (KHTML, like Gecko) Chrome/92.0.4515.107 Safari/537.36"
::1 - - [01/Aug/2021:07:56:00 +0000] "GET /assets/js/pdfobject.min.js HTTP/1.1" 304 - "https://localhost/chartmonitor" "Mozilla/5.0 (Windows NT 10.0; Win64; x64) AppleWebKit/537.36 (KHTML, like Gecko) Chrome/92.0.4515.107 Safari/537.36"
::1 - - [01/Aug/2021:07:56:00 +0000] "GET /vendors/datatables.net-bs4/css/dataTables.bootstrap4.css HTTP/1.1" 200 5800 "https://localhost/chartmonitor" "Mozilla/5.0 (Windows NT 10.0; Win64; x64) AppleWebKit/537.36 (KHTML, like Gecko) Chrome/92.0.4515.107 Safari/537.36"
::1 - - [01/Aug/2021:07:56:00 +0000] "GET /vendors/chart.js/dist/hammer.js HTTP/1.1" 304 - "https://localhost/chartmonitor" "Mozilla/5.0 (Windows NT 10.0; Win64; x64) AppleWebKit/537.36 (KHTML, like Gecko) Chrome/92.0.4515.107 Safari/537.36"
::1 - - [01/Aug/2021:07:56:00 +0000] "GET /vendors/chart.js/dist/Chart.bundle.js HTTP/1.1" 304 - "https://localhost/chartmonitor" "Mozilla/5.0 (Windows NT 10.0; Win64; x64) AppleWebKit/537.36 (KHTML, like Gecko) Chrome/92.0.4515.107 Safari/537.36"
::1 - - [01/Aug/2021:07:56:00 +0000] "GET /vendors/datatables.net-buttons-bs4/css/buttons.bootstrap4.min.css HTTP/1.1" 200 4163 "https://localhost/chartmonitor" "Mozilla/5.0 (Windows NT 10.0; Win64; x64) AppleWebKit/537.36 (KHTML, like Gecko) Chrome/92.0.4515.107 Safari/537.36"
::1 - - [01/Aug/2021:07:56:00 +0000] "GET /vendors/chart.js/dist/zoom.js HTTP/1.1" 304 - "https://localhost/chartmonitor" "Mozilla/5.0 (Windows NT 10.0; Win64; x64) AppleWebKit/537.36 (KHTML, like Gecko) Chrome/92.0.4515.107 Safari/537.36"
::1 - - [01/Aug/2021:07:56:00 +0000] "GET /vendors/chart.js/dist/utils.js HTTP/1.1" 304 - "https://localhost/chartmonitor" "Mozilla/5.0 (Windows NT 10.0; Win64; x64) AppleWebKit/537.36 (KHTML, like Gecko) Chrome/92.0.4515.107 Safari/537.36"
::1 - - [01/Aug/2021:07:56:00 +0000] "GET /vendors/datatables.net/js/jquery.chartTables.js HTTP/1.1" 304 - "https://localhost/chartmonitor" "Mozilla/5.0 (Windows NT 10.0; Win64; x64) AppleWebKit/537.36 (KHTML, like Gecko) Chrome/92.0.4515.107 Safari/537.36"
::1 - - [01/Aug/2021:07:56:00 +0000] "GET /vendors/datatables.net-bs4/js/dataTables.bootstrap4.min.js HTTP/1.1" 304 - "https://localhost/chartmonitor" "Mozilla/5.0 (Windows NT 10.0; Win64; x64) AppleWebKit/537.36 (KHTML, like Gecko) Chrome/92.0.4515.107 Safari/537.36"
::1 - - [01/Aug/2021:07:56:00 +0000] "GET /vendors/datatables.net-buttons/js/dataTables.buttons.min.js HTTP/1.1" 304 - "https://localhost/chartmonitor" "Mozilla/5.0 (Windows NT 10.0; Win64; x64) AppleWebKit/537.36 (KHTML, like Gecko) Chrome/92.0.4515.107 Safari/537.36"
::1 - - [01/Aug/2021:07:56:00 +0000] "GET /vendors/datatables.net-buttons-bs4/js/buttons.bootstrap4.min.js HTTP/1.1" 304 - "https://localhost/chartmonitor" "Mozilla/5.0 (Windows NT 10.0; Win64; x64) AppleWebKit/537.36 (KHTML, like Gecko) Chrome/92.0.4515.107 Safari/537.36"
::1 - - [01/Aug/2021:07:56:00 +0000] "GET /vendors/font-awesome/fonts/fontawesome-webfont.woff2?v=4.7.0 HTTP/1.1" 304 - "https://localhost/vendors/font-awesome/css/font-awesome.min.css" "Mozilla/5.0 (Windows NT 10.0; Win64; x64) AppleWebKit/537.36 (KHTML, like Gecko) Chrome/92.0.4515.107 Safari/537.36"
::1 - - [01/Aug/2021:07:56:00 +0000] "GET /vendors/bootstrap/dist/css/font/open-sans-v17-vietnamese_latin-ext_latin_greek-ext_greek_cyrillic-ext_cyrillic-regular.woff2 HTTP/1.1" 304 - "https://localhost/vendors/bootstrap/dist/css/font.css" "Mozilla/5.0 (Windows NT 10.0; Win64; x64) AppleWebKit/537.36 (KHTML, like Gecko) Chrome/92.0.4515.107 Safari/537.36"
::1 - - [01/Aug/2021:07:56:00 +0000] "GET /vendors/bootstrap/dist/css/font/open-sans-v17-vietnamese_latin-ext_latin_greek-ext_greek_cyrillic-ext_cyrillic-700.woff2 HTTP/1.1" 304 - "https://localhost/vendors/bootstrap/dist/css/font.css" "Mozilla/5.0 (Windows NT 10.0; Win64; x64) AppleWebKit/537.36 (KHTML, like Gecko) Chrome/92.0.4515.107 Safari/537.36"
::1 - - [01/Aug/2021:07:56:00 +0000] "GET /images/logo.png HTTP/1.1" 304 - "https://localhost/chartmonitor" "Mozilla/5.0 (Windows NT 10.0; Win64; x64) AppleWebKit/537.36 (KHTML, like Gecko) Chrome/92.0.4515.107 Safari/537.36"
::1 - - [01/Aug/2021:07:56:00 +0000] "GET /images/nelson.jpg HTTP/1.1" 404 156 "https://localhost/chartmonitor" "Mozilla/5.0 (Windows NT 10.0; Win64; x64) AppleWebKit/537.36 (KHTML, like Gecko) Chrome/92.0.4515.107 Safari/537.36"
::1 - - [01/Aug/2021:07:56:00 +0000] "GET /vendors/jszip/dist/jszip.min.js HTTP/1.1" 304 - "https://localhost/chartmonitor" "Mozilla/5.0 (Windows NT 10.0; Win64; x64) AppleWebKit/537.36 (KHTML, like Gecko) Chrome/92.0.4515.107 Safari/537.36"
::1 - - [01/Aug/2021:07:56:00 +0000] "GET /vendors/pdfmake/build/pdfmake.min.js HTTP/1.1" 304 - "https://localhost/chartmonitor" "Mozilla/5.0 (Windows NT 10.0; Win64; x64) AppleWebKit/537.36 (KHTML, like Gecko) Chrome/92.0.4515.107 Safari/537.36"
::1 - - [01/Aug/2021:07:56:00 +0000] "GET /vendors/pdfmake/build/vfs_fonts.js HTTP/1.1" 304 - "https://localhost/chartmonitor" "Mozilla/5.0 (Windows NT 10.0; Win64; x64) AppleWebKit/537.36 (KHTML, like Gecko) Chrome/92.0.4515.107 Safari/537.36"
::1 - - [01/Aug/2021:07:56:00 +0000] "GET /vendors/datatables.net-buttons/js/buttons.html5.min.js HTTP/1.1" 304 - "https://localhost/chartmonitor" "Mozilla/5.0 (Windows NT 10.0; Win64; x64) AppleWebKit/537.36 (KHTML, like Gecko) Chrome/92.0.4515.107 Safari/537.36"
::1 - - [01/Aug/2021:07:56:00 +0000] "GET /vendors/datatables.net-buttons/js/buttons.print.min.js HTTP/1.1" 304 - "https://localhost/chartmonitor" "Mozilla/5.0 (Windows NT 10.0; Win64; x64) AppleWebKit/537.36 (KHTML, like Gecko) Chrome/92.0.4515.107 Safari/537.36"
::1 - - [01/Aug/2021:07:56:00 +0000] "GET /vendors/datatables.net-buttons/js/buttons.colVis.min.js HTTP/1.1" 304 - "https://localhost/chartmonitor" "Mozilla/5.0 (Windows NT 10.0; Win64; x64) AppleWebKit/537.36 (KHTML, like Gecko) Chrome/92.0.4515.107 Safari/537.36"
::1 - - [01/Aug/2021:07:56:00 +0000] "GET /assets/chartmonitor.js HTTP/1.1" 304 - "https://localhost/chartmonitor" "Mozilla/5.0 (Windows NT 10.0; Win64; x64) AppleWebKit/537.36 (KHTML, like Gecko) Chrome/92.0.4515.107 Safari/537.36"
::1 - - [01/Aug/2021:07:56:00 +0000] "GET /vendors/jquery/dist/jquery.min.js HTTP/1.1" 304 - "https://localhost/chartmonitor" "Mozilla/5.0 (Windows NT 10.0; Win64; x64) AppleWebKit/537.36 (KHTML, like Gecko) Chrome/92.0.4515.107 Safari/537.36"
::1 - - [01/Aug/2021:07:56:00 +0000] "GET /vendors/popper.js/dist/umd/popper.min.js HTTP/1.1" 304 - "https://localhost/chartmonitor" "Mozilla/5.0 (Windows NT 10.0; Win64; x64) AppleWebKit/537.36 (KHTML, like Gecko) Chrome/92.0.4515.107 Safari/537.36"
::1 - - [01/Aug/2021:07:56:00 +0000] "GET /vendors/bootstrap/dist/js/bootstrap.min.js HTTP/1.1" 304 - "https://localhost/chartmonitor" "Mozilla/5.0 (Windows NT 10.0; Win64; x64) AppleWebKit/537.36 (KHTML, like Gecko) Chrome/92.0.4515.107 Safari/537.36"
::1 - - [01/Aug/2021:07:56:00 +0000] "GET /assets/js/main.js HTTP/1.1" 304 - "https://localhost/chartmonitor" "Mozilla/5.0 (Windows NT 10.0; Win64; x64) AppleWebKit/537.36 (KHTML, like Gecko) Chrome/92.0.4515.107 Safari/537.36"
::1 - - [01/Aug/2021:07:56:00 +0000] "GET /vendors/bootstrap/dist/js/select2.min.js HTTP/1.1" 304 - "https://localhost/chartmonitor" "Mozilla/5.0 (Windows NT 10.0; Win64; x64) AppleWebKit/537.36 (KHTML, like Gecko) Chrome/92.0.4515.107 Safari/537.36"
::1 - - [01/Aug/2021:07:56:00 +0000] "GET /assets/js/adapter.min.js HTTP/1.1" 304 - "https://localhost/chartmonitor" "Mozilla/5.0 (Windows NT 10.0; Win64; x64) AppleWebKit/537.36 (KHTML, like Gecko) Chrome/92.0.4515.107 Safari/537.36"
::1 - - [01/Aug/2021:07:56:00 +0000] "GET /assets/js/vue.min.js HTTP/1.1" 304 - "https://localhost/chartmonitor" "Mozilla/5.0 (Windows NT 10.0; Win64; x64) AppleWebKit/537.36 (KHTML, like Gecko) Chrome/92.0.4515.107 Safari/537.36"
::1 - - [01/Aug/2021:07:56:00 +0000] "GET /assets/js/instascan.min.js HTTP/1.1" 304 - "https://localhost/chartmonitor" "Mozilla/5.0 (Windows NT 10.0; Win64; x64) AppleWebKit/537.36 (KHTML, like Gecko) Chrome/92.0.4515.107 Safari/537.36"
::1 - - [01/Aug/2021:07:56:00 +0000] "GET /vendors/bootstrap/dist/js/pdf.min.js HTTP/1.1" 304 - "https://localhost/chartmonitor" "Mozilla/5.0 (Windows NT 10.0; Win64; x64) AppleWebKit/537.36 (KHTML, like Gecko) Chrome/92.0.4515.107 Safari/537.36"
::1 - - [01/Aug/2021:07:56:00 +0000] "GET /vendors/bootstrap/dist/js/pdf.worker.min.js HTTP/1.1" 304 - "https://localhost/chartmonitor" "Mozilla/5.0 (Windows NT 10.0; Win64; x64) AppleWebKit/537.36 (KHTML, like Gecko) Chrome/92.0.4515.107 Safari/537.36"
::1 - - [01/Aug/2021:07:56:00 +0000] "GET /vendors/bootstrap/dist/js/file-explore.js HTTP/1.1" 304 - "https://localhost/chartmonitor" "Mozilla/5.0 (Windows NT 10.0; Win64; x64) AppleWebKit/537.36 (KHTML, like Gecko) Chrome/92.0.4515.107 Safari/537.36"
::1 - - [01/Aug/2021:07:56:00 +0000] "GET /vendors/bootstrap/dist/js/side.js HTTP/1.1" 304 - "https://localhost/chartmonitor" "Mozilla/5.0 (Windows NT 10.0; Win64; x64) AppleWebKit/537.36 (KHTML, like Gecko) Chrome/92.0.4515.107 Safari/537.36"
::1 - - [01/Aug/2021:07:56:00 +0000] "GET /vendors/bootstrap/dist/js/bootstrap-toggle.min.js HTTP/1.1" 304 - "https://localhost/chartmonitor" "Mozilla/5.0 (Windows NT 10.0; Win64; x64) AppleWebKit/537.36 (KHTML, like Gecko) Chrome/92.0.4515.107 Safari/537.36"
::1 - - [01/Aug/2021:07:56:00 +0000] "GET /assets/js/dashboard.js HTTP/1.1" 304 - "https://localhost/chartmonitor" "Mozilla/5.0 (Windows NT 10.0; Win64; x64) AppleWebKit/537.36 (KHTML, like Gecko) Chrome/92.0.4515.107 Safari/537.36"
::1 - - [01/Aug/2021:07:56:00 +0000] "GET /assets/cookie.js HTTP/1.1" 304 - "https://localhost/chartmonitor" "Mozilla/5.0 (Windows NT 10.0; Win64; x64) AppleWebKit/537.36 (KHTML, like Gecko) Chrome/92.0.4515.107 Safari/537.36"
::1 - - [01/Aug/2021:07:56:00 +0000] "GET /assets/modaldoc.js HTTP/1.1" 304 - "https://localhost/chartmonitor" "Mozilla/5.0 (Windows NT 10.0; Win64; x64) AppleWebKit/537.36 (KHTML, like Gecko) Chrome/92.0.4515.107 Safari/537.36"
::1 - - [01/Aug/2021:07:56:00 +0000] "GET /assets/common.js HTTP/1.1" 304 - "https://localhost/chartmonitor" "Mozilla/5.0 (Windows NT 10.0; Win64; x64) AppleWebKit/537.36 (KHTML, like Gecko) Chrome/92.0.4515.107 Safari/537.36"
::1 - - [01/Aug/2021:07:56:00 +0000] "GET /assets/routeclas.js HTTP/1.1" 304 - "https://localhost/chartmonitor" "Mozilla/5.0 (Windows NT 10.0; Win64; x64) AppleWebKit/537.36 (KHTML, like Gecko) Chrome/92.0.4515.107 Safari/537.36"
::1 - - [01/Aug/2021:07:56:00 +0000] "GET /vendors/chosen/chosen.jquery.min.js HTTP/1.1" 304 - "https://localhost/chartmonitor" "Mozilla/5.0 (Windows NT 10.0; Win64; x64) AppleWebKit/537.36 (KHTML, like Gecko) Chrome/92.0.4515.107 Safari/537.36"
::1 - - [01/Aug/2021:07:56:00 +0000] "GET /assets/app.js HTTP/1.1" 304 - "https://localhost/chartmonitor" "Mozilla/5.0 (Windows NT 10.0; Win64; x64) AppleWebKit/537.36 (KHTML, like Gecko) Chrome/92.0.4515.107 Safari/537.36"
::1 - - [01/Aug/2021:07:56:00 +0000] "GET /images/logo2.png HTTP/1.1" 304 - "https://localhost/chartmonitor" "Mozilla/5.0 (Windows NT 10.0; Win64; x64) AppleWebKit/537.36 (KHTML, like Gecko) Chrome/92.0.4515.107 Safari/537.36"
::1 - - [01/Aug/2021:07:56:00 +0000] "POST /chartmonitor HTTP/1.1" 200 1550 "https://localhost/chartmonitor" "Mozilla/5.0 (Windows NT 10.0; Win64; x64) AppleWebKit/537.36 (KHTML, like Gecko) Chrome/92.0.4515.107 Safari/537.36"
::1 - - [01/Aug/2021:07:56:00 +0000] "GET /images/manager-it.jpg HTTP/1.1" 304 - "https://localhost/chartmonitor" "Mozilla/5.0 (Windows NT 10.0; Win64; x64) AppleWebKit/537.36 (KHTML, like Gecko) Chrome/92.0.4515.107 Safari/537.36"
::1 - - [01/Aug/2021:07:56:00 +0000] "POST /sendincoming HTTP/1.1" 200 358 "https://localhost/chartmonitor" "Mozilla/5.0 (Windows NT 10.0; Win64; x64) AppleWebKit/537.36 (KHTML, like Gecko) Chrome/92.0.4515.107 Safari/537.36"
::1 - - [01/Aug/2021:07:56:00 +0000] "GET /drive/No%20Pending%20Files.pdf HTTP/1.1" 200 175209 "https://localhost/chartmonitor" "Mozilla/5.0 (Windows NT 10.0; Win64; x64) AppleWebKit/537.36 (KHTML, like Gecko) Chrome/92.0.4515.107 Safari/537.36"
::1 - - [01/Aug/2021:07:56:00 +0000] "GET /images/noti.wav HTTP/1.1" 206 273140 "https://localhost/chartmonitor" "Mozilla/5.0 (Windows NT 10.0; Win64; x64) AppleWebKit/537.36 (KHTML, like Gecko) Chrome/92.0.4515.107 Safari/537.36"
::1 - - [01/Aug/2021:07:56:00 +0000] "GET /drive/No%20Pending%20Files.pdf HTTP/1.1" 200 175209 "https://localhost/chartmonitor" "Mozilla/5.0 (Windows NT 10.0; Win64; x64) AppleWebKit/537.36 (KHTML, like Gecko) Chrome/92.0.4515.107 Safari/537.36"
::1 - - [01/Aug/2021:07:56:00 +0000] "GET /drive/No%20Pending%20Files.pdf HTTP/1.1" 206 65536 "https://localhost/chartmonitor" "Mozilla/5.0 (Windows NT 10.0; Win64; x64) AppleWebKit/537.36 (KHTML, like Gecko) Chrome/92.0.4515.107 Safari/537.36"
::1 - - [01/Aug/2021:07:56:01 +0000] "GET /drive/No%20Pending%20Files.pdf HTTP/1.1" 206 65536 "https://localhost/chartmonitor" "Mozilla/5.0 (Windows NT 10.0; Win64; x64) AppleWebKit/537.36 (KHTML, like Gecko) Chrome/92.0.4515.107 Safari/537.36"
::1 - - [01/Aug/2021:07:56:01 +0000] "GET /images/noti.wav HTTP/1.1" 206 10996 "https://localhost/chartmonitor" "Mozilla/5.0 (Windows NT 10.0; Win64; x64) AppleWebKit/537.36 (KHTML, like Gecko) Chrome/92.0.4515.107 Safari/537.36"
::1 - - [01/Aug/2021:07:56:01 +0000] "GET /favicon.ico HTTP/1.1" 200 238718 "https://localhost/chartmonitor" "Mozilla/5.0 (Windows NT 10.0; Win64; x64) AppleWebKit/537.36 (KHTML, like Gecko) Chrome/92.0.4515.107 Safari/537.36"
::1 - - [01/Aug/2021:07:56:01 +0000] "GET /images/noti.wav HTTP/1.1" 206 207604 "https://localhost/chartmonitor" "Mozilla/5.0 (Windows NT 10.0; Win64; x64) AppleWebKit/537.36 (KHTML, like Gecko) Chrome/92.0.4515.107 Safari/537.36"
::1 - - [01/Aug/2021:07:56:04 +0000] "GET /tablemonitor HTTP/1.1" 200 72459 "https://localhost/chartmonitor" "Mozilla/5.0 (Windows NT 10.0; Win64; x64) AppleWebKit/537.36 (KHTML, like Gecko) Chrome/92.0.4515.107 Safari/537.36"
::1 - - [01/Aug/2021:07:56:04 +0000] "GET /vendors/font-awesome/css/font-awesome.min.css HTTP/1.1" 200 31000 "https://localhost/tablemonitor" "Mozilla/5.0 (Windows NT 10.0; Win64; x64) AppleWebKit/537.36 (KHTML, like Gecko) Chrome/92.0.4515.107 Safari/537.36"
::1 - - [01/Aug/2021:07:56:04 +0000] "GET /vendors/themify-icons/css/themify-icons.css HTTP/1.1" 200 16403 "https://localhost/tablemonitor" "Mozilla/5.0 (Windows NT 10.0; Win64; x64) AppleWebKit/537.36 (KHTML, like Gecko) Chrome/92.0.4515.107 Safari/537.36"
::1 - - [01/Aug/2021:07:56:04 +0000] "GET /vendors/selectFX/css/cs-skin-elastic.css HTTP/1.1" 200 4956 "https://localhost/tablemonitor" "Mozilla/5.0 (Windows NT 10.0; Win64; x64) AppleWebKit/537.36 (KHTML, like Gecko) Chrome/92.0.4515.107 Safari/537.36"
::1 - - [01/Aug/2021:07:56:04 +0000] "GET /vendors/flag-icon-css/css/flag-icon.min.css HTTP/1.1" 200 33688 "https://localhost/tablemonitor" "Mozilla/5.0 (Windows NT 10.0; Win64; x64) AppleWebKit/537.36 (KHTML, like Gecko) Chrome/92.0.4515.107 Safari/537.36"
::1 - - [01/Aug/2021:07:56:04 +0000] "GET /vendors/jqvmap/dist/jqvmap.min.css HTTP/1.1" 200 613 "https://localhost/tablemonitor" "Mozilla/5.0 (Windows NT 10.0; Win64; x64) AppleWebKit/537.36 (KHTML, like Gecko) Chrome/92.0.4515.107 Safari/537.36"
::1 - - [01/Aug/2021:07:56:04 +0000] "GET /vendors/bootstrap/dist/css/select2.css HTTP/1.1" 200 17358 "https://localhost/tablemonitor" "Mozilla/5.0 (Windows NT 10.0; Win64; x64) AppleWebKit/537.36 (KHTML, like Gecko) Chrome/92.0.4515.107 Safari/537.36"
::1 - - [01/Aug/2021:07:56:04 +0000] "GET /vendors/bootstrap/dist/css/bootstrap.css HTTP/1.1" 200 197172 "https://localhost/tablemonitor" "Mozilla/5.0 (Windows NT 10.0; Win64; x64) AppleWebKit/537.36 (KHTML, like Gecko) Chrome/92.0.4515.107 Safari/537.36"
::1 - - [01/Aug/2021:07:56:04 +0000] "GET /vendors/bootstrap/dist/css/font.css HTTP/1.1" 200 4547 "https://localhost/tablemonitor" "Mozilla/5.0 (Windows NT 10.0; Win64; x64) AppleWebKit/537.36 (KHTML, like Gecko) Chrome/92.0.4515.107 Safari/537.36"
::1 - - [01/Aug/2021:07:56:04 +0000] "GET /vendors/chosen/chosen.min.css HTTP/1.1" 200 10220 "https://localhost/tablemonitor" "Mozilla/5.0 (Windows NT 10.0; Win64; x64) AppleWebKit/537.36 (KHTML, like Gecko) Chrome/92.0.4515.107 Safari/537.36"
::1 - - [01/Aug/2021:07:56:04 +0000] "GET /vendors/bootstrap/dist/css/side.css HTTP/1.1" 200 2514 "https://localhost/tablemonitor" "Mozilla/5.0 (Windows NT 10.0; Win64; x64) AppleWebKit/537.36 (KHTML, like Gecko) Chrome/92.0.4515.107 Safari/537.36"
::1 - - [01/Aug/2021:07:56:04 +0000] "GET /assets/css/style.css HTTP/1.1" 200 138026 "https://localhost/tablemonitor" "Mozilla/5.0 (Windows NT 10.0; Win64; x64) AppleWebKit/537.36 (KHTML, like Gecko) Chrome/92.0.4515.107 Safari/537.36"
::1 - - [01/Aug/2021:07:56:04 +0000] "GET /assets/hashes.js HTTP/1.1" 304 - "https://localhost/tablemonitor" "Mozilla/5.0 (Windows NT 10.0; Win64; x64) AppleWebKit/537.36 (KHTML, like Gecko) Chrome/92.0.4515.107 Safari/537.36"
::1 - - [01/Aug/2021:07:56:04 +0000] "GET /vendors/bootstrap/dist/css/file-explore.css HTTP/1.1" 200 1194 "https://localhost/tablemonitor" "Mozilla/5.0 (Windows NT 10.0; Win64; x64) AppleWebKit/537.36 (KHTML, like Gecko) Chrome/92.0.4515.107 Safari/537.36"
::1 - - [01/Aug/2021:07:56:04 +0000] "GET /vendors/bootstrap/dist/css/jquerysctipttop.css HTTP/1.1" 200 1427 "https://localhost/tablemonitor" "Mozilla/5.0 (Windows NT 10.0; Win64; x64) AppleWebKit/537.36 (KHTML, like Gecko) Chrome/92.0.4515.107 Safari/537.36"
::1 - - [01/Aug/2021:07:56:04 +0000] "GET /vendors/bootstrap/dist/css/newPDF.css HTTP/1.1" 200 810 "https://localhost/tablemonitor" "Mozilla/5.0 (Windows NT 10.0; Win64; x64) AppleWebKit/537.36 (KHTML, like Gecko) Chrome/92.0.4515.107 Safari/537.36"
::1 - - [01/Aug/2021:07:56:04 +0000] "GET /vendors/bootstrap/dist/css/bootstrap-toggle.min.css HTTP/1.1" 200 2722 "https://localhost/tablemonitor" "Mozilla/5.0 (Windows NT 10.0; Win64; x64) AppleWebKit/537.36 (KHTML, like Gecko) Chrome/92.0.4515.107 Safari/537.36"
::1 - - [01/Aug/2021:07:56:05 +0000] "GET /assets/js/jquery.213.min.js HTTP/1.1" 304 - "https://localhost/tablemonitor" "Mozilla/5.0 (Windows NT 10.0; Win64; x64) AppleWebKit/537.36 (KHTML, like Gecko) Chrome/92.0.4515.107 Safari/537.36"
::1 - - [01/Aug/2021:07:56:05 +0000] "GET /assets/js/pdfobject.min.js HTTP/1.1" 304 - "https://localhost/tablemonitor" "Mozilla/5.0 (Windows NT 10.0; Win64; x64) AppleWebKit/537.36 (KHTML, like Gecko) Chrome/92.0.4515.107 Safari/537.36"
::1 - - [01/Aug/2021:07:56:05 +0000] "GET /vendors/datatables.net-bs4/js/dataTables.bootstrap4.min.js HTTP/1.1" 304 - "https://localhost/tablemonitor" "Mozilla/5.0 (Windows NT 10.0; Win64; x64) AppleWebKit/537.36 (KHTML, like Gecko) Chrome/92.0.4515.107 Safari/537.36"
::1 - - [01/Aug/2021:07:56:05 +0000] "GET /vendors/datatables.net-buttons/js/dataTables.buttons.min.js HTTP/1.1" 304 - "https://localhost/tablemonitor" "Mozilla/5.0 (Windows NT 10.0; Win64; x64) AppleWebKit/537.36 (KHTML, like Gecko) Chrome/92.0.4515.107 Safari/537.36"
::1 - - [01/Aug/2021:07:56:05 +0000] "GET /vendors/datatables.net-bs4/css/dataTables.bootstrap4.css HTTP/1.1" 200 5800 "https://localhost/tablemonitor" "Mozilla/5.0 (Windows NT 10.0; Win64; x64) AppleWebKit/537.36 (KHTML, like Gecko) Chrome/92.0.4515.107 Safari/537.36"
::1 - - [01/Aug/2021:07:56:05 +0000] "GET /vendors/datatables.net-buttons-bs4/css/buttons.bootstrap4.min.css HTTP/1.1" 200 4163 "https://localhost/tablemonitor" "Mozilla/5.0 (Windows NT 10.0; Win64; x64) AppleWebKit/537.36 (KHTML, like Gecko) Chrome/92.0.4515.107 Safari/537.36"
::1 - - [01/Aug/2021:07:56:05 +0000] "GET /vendors/datatables.net-buttons-bs4/js/buttons.bootstrap4.min.js HTTP/1.1" 304 - "https://localhost/tablemonitor" "Mozilla/5.0 (Windows NT 10.0; Win64; x64) AppleWebKit/537.36 (KHTML, like Gecko) Chrome/92.0.4515.107 Safari/537.36"
::1 - - [01/Aug/2021:07:56:05 +0000] "GET /vendors/jszip/dist/jszip.min.js HTTP/1.1" 304 - "https://localhost/tablemonitor" "Mozilla/5.0 (Windows NT 10.0; Win64; x64) AppleWebKit/537.36 (KHTML, like Gecko) Chrome/92.0.4515.107 Safari/537.36"
::1 - - [01/Aug/2021:07:56:05 +0000] "GET /vendors/pdfmake/build/pdfmake.min.js HTTP/1.1" 304 - "https://localhost/tablemonitor" "Mozilla/5.0 (Windows NT 10.0; Win64; x64) AppleWebKit/537.36 (KHTML, like Gecko) Chrome/92.0.4515.107 Safari/537.36"
::1 - - [01/Aug/2021:07:56:05 +0000] "GET /vendors/pdfmake/build/vfs_fonts.js HTTP/1.1" 304 - "https://localhost/tablemonitor" "Mozilla/5.0 (Windows NT 10.0; Win64; x64) AppleWebKit/537.36 (KHTML, like Gecko) Chrome/92.0.4515.107 Safari/537.36"
::1 - - [01/Aug/2021:07:56:05 +0000] "GET /vendors/datatables.net-buttons/js/buttons.html5.min.js HTTP/1.1" 304 - "https://localhost/tablemonitor" "Mozilla/5.0 (Windows NT 10.0; Win64; x64) AppleWebKit/537.36 (KHTML, like Gecko) Chrome/92.0.4515.107 Safari/537.36"
::1 - - [01/Aug/2021:07:56:05 +0000] "GET /vendors/font-awesome/fonts/fontawesome-webfont.woff2?v=4.7.0 HTTP/1.1" 304 - "https://localhost/vendors/font-awesome/css/font-awesome.min.css" "Mozilla/5.0 (Windows NT 10.0; Win64; x64) AppleWebKit/537.36 (KHTML, like Gecko) Chrome/92.0.4515.107 Safari/537.36"
::1 - - [01/Aug/2021:07:56:05 +0000] "GET /vendors/bootstrap/dist/css/font/open-sans-v17-vietnamese_latin-ext_latin_greek-ext_greek_cyrillic-ext_cyrillic-regular.woff2 HTTP/1.1" 304 - "https://localhost/vendors/bootstrap/dist/css/font.css" "Mozilla/5.0 (Windows NT 10.0; Win64; x64) AppleWebKit/537.36 (KHTML, like Gecko) Chrome/92.0.4515.107 Safari/537.36"
::1 - - [01/Aug/2021:07:56:05 +0000] "GET /vendors/bootstrap/dist/css/font/open-sans-v17-vietnamese_latin-ext_latin_greek-ext_greek_cyrillic-ext_cyrillic-700.woff2 HTTP/1.1" 304 - "https://localhost/vendors/bootstrap/dist/css/font.css" "Mozilla/5.0 (Windows NT 10.0; Win64; x64) AppleWebKit/537.36 (KHTML, like Gecko) Chrome/92.0.4515.107 Safari/537.36"
::1 - - [01/Aug/2021:07:56:05 +0000] "GET /images/logo.png HTTP/1.1" 304 - "https://localhost/tablemonitor" "Mozilla/5.0 (Windows NT 10.0; Win64; x64) AppleWebKit/537.36 (KHTML, like Gecko) Chrome/92.0.4515.107 Safari/537.36"
::1 - - [01/Aug/2021:07:56:05 +0000] "GET /vendors/datatables.net-buttons/js/buttons.print.min.js HTTP/1.1" 304 - "https://localhost/tablemonitor" "Mozilla/5.0 (Windows NT 10.0; Win64; x64) AppleWebKit/537.36 (KHTML, like Gecko) Chrome/92.0.4515.107 Safari/537.36"
::1 - - [01/Aug/2021:07:56:05 +0000] "GET /vendors/datatables.net-buttons/js/buttons.colVis.min.js HTTP/1.1" 304 - "https://localhost/tablemonitor" "Mozilla/5.0 (Windows NT 10.0; Win64; x64) AppleWebKit/537.36 (KHTML, like Gecko) Chrome/92.0.4515.107 Safari/537.36"
::1 - - [01/Aug/2021:07:56:05 +0000] "GET /images/nelson.jpg HTTP/1.1" 404 156 "https://localhost/tablemonitor" "Mozilla/5.0 (Windows NT 10.0; Win64; x64) AppleWebKit/537.36 (KHTML, like Gecko) Chrome/92.0.4515.107 Safari/537.36"
::1 - - [01/Aug/2021:07:56:05 +0000] "GET /vendors/jquery/dist/jquery.min.js HTTP/1.1" 304 - "https://localhost/tablemonitor" "Mozilla/5.0 (Windows NT 10.0; Win64; x64) AppleWebKit/537.36 (KHTML, like Gecko) Chrome/92.0.4515.107 Safari/537.36"
::1 - - [01/Aug/2021:07:56:05 +0000] "GET /vendors/popper.js/dist/umd/popper.min.js HTTP/1.1" 304 - "https://localhost/tablemonitor" "Mozilla/5.0 (Windows NT 10.0; Win64; x64) AppleWebKit/537.36 (KHTML, like Gecko) Chrome/92.0.4515.107 Safari/537.36"
::1 - - [01/Aug/2021:07:56:05 +0000] "GET /assets/js/init-scripts/data-table/datatables-init.js HTTP/1.1" 200 1030 "https://localhost/tablemonitor" "Mozilla/5.0 (Windows NT 10.0; Win64; x64) AppleWebKit/537.36 (KHTML, like Gecko) Chrome/92.0.4515.107 Safari/537.36"
::1 - - [01/Aug/2021:07:56:05 +0000] "GET /vendors/bootstrap/dist/js/bootstrap.min.js HTTP/1.1" 304 - "https://localhost/tablemonitor" "Mozilla/5.0 (Windows NT 10.0; Win64; x64) AppleWebKit/537.36 (KHTML, like Gecko) Chrome/92.0.4515.107 Safari/537.36"
::1 - - [01/Aug/2021:07:56:05 +0000] "GET /assets/js/main.js HTTP/1.1" 304 - "https://localhost/tablemonitor" "Mozilla/5.0 (Windows NT 10.0; Win64; x64) AppleWebKit/537.36 (KHTML, like Gecko) Chrome/92.0.4515.107 Safari/537.36"
::1 - - [01/Aug/2021:07:56:05 +0000] "GET /vendors/bootstrap/dist/js/select2.min.js HTTP/1.1" 304 - "https://localhost/tablemonitor" "Mozilla/5.0 (Windows NT 10.0; Win64; x64) AppleWebKit/537.36 (KHTML, like Gecko) Chrome/92.0.4515.107 Safari/537.36"
::1 - - [01/Aug/2021:07:56:05 +0000] "GET /assets/js/adapter.min.js HTTP/1.1" 304 - "https://localhost/tablemonitor" "Mozilla/5.0 (Windows NT 10.0; Win64; x64) AppleWebKit/537.36 (KHTML, like Gecko) Chrome/92.0.4515.107 Safari/537.36"
::1 - - [01/Aug/2021:07:56:05 +0000] "GET /assets/js/vue.min.js HTTP/1.1" 304 - "https://localhost/tablemonitor" "Mozilla/5.0 (Windows NT 10.0; Win64; x64) AppleWebKit/537.36 (KHTML, like Gecko) Chrome/92.0.4515.107 Safari/537.36"
::1 - - [01/Aug/2021:07:56:05 +0000] "GET /assets/tablemonitor.js HTTP/1.1" 200 7595 "https://localhost/tablemonitor" "Mozilla/5.0 (Windows NT 10.0; Win64; x64) AppleWebKit/537.36 (KHTML, like Gecko) Chrome/92.0.4515.107 Safari/537.36"
::1 - - [01/Aug/2021:07:56:05 +0000] "GET /vendors/datatables.net/js/jquery.dataTables.min.js HTTP/1.1" 200 82411 "https://localhost/tablemonitor" "Mozilla/5.0 (Windows NT 10.0; Win64; x64) AppleWebKit/537.36 (KHTML, like Gecko) Chrome/92.0.4515.107 Safari/537.36"
::1 - - [01/Aug/2021:07:56:05 +0000] "GET /assets/js/instascan.min.js HTTP/1.1" 304 - "https://localhost/tablemonitor" "Mozilla/5.0 (Windows NT 10.0; Win64; x64) AppleWebKit/537.36 (KHTML, like Gecko) Chrome/92.0.4515.107 Safari/537.36"
::1 - - [01/Aug/2021:07:56:05 +0000] "GET /vendors/bootstrap/dist/js/pdf.min.js HTTP/1.1" 304 - "https://localhost/tablemonitor" "Mozilla/5.0 (Windows NT 10.0; Win64; x64) AppleWebKit/537.36 (KHTML, like Gecko) Chrome/92.0.4515.107 Safari/537.36"
::1 - - [01/Aug/2021:07:56:05 +0000] "GET /vendors/bootstrap/dist/js/pdf.worker.min.js HTTP/1.1" 304 - "https://localhost/tablemonitor" "Mozilla/5.0 (Windows NT 10.0; Win64; x64) AppleWebKit/537.36 (KHTML, like Gecko) Chrome/92.0.4515.107 Safari/537.36"
::1 - - [01/Aug/2021:07:56:05 +0000] "GET /vendors/bootstrap/dist/js/file-explore.js HTTP/1.1" 304 - "https://localhost/tablemonitor" "Mozilla/5.0 (Windows NT 10.0; Win64; x64) AppleWebKit/537.36 (KHTML, like Gecko) Chrome/92.0.4515.107 Safari/537.36"
::1 - - [01/Aug/2021:07:56:05 +0000] "GET /vendors/bootstrap/dist/js/side.js HTTP/1.1" 304 - "https://localhost/tablemonitor" "Mozilla/5.0 (Windows NT 10.0; Win64; x64) AppleWebKit/537.36 (KHTML, like Gecko) Chrome/92.0.4515.107 Safari/537.36"
::1 - - [01/Aug/2021:07:56:05 +0000] "GET /vendors/bootstrap/dist/js/bootstrap-toggle.min.js HTTP/1.1" 304 - "https://localhost/tablemonitor" "Mozilla/5.0 (Windows NT 10.0; Win64; x64) AppleWebKit/537.36 (KHTML, like Gecko) Chrome/92.0.4515.107 Safari/537.36"
::1 - - [01/Aug/2021:07:56:05 +0000] "GET /assets/js/dashboard.js HTTP/1.1" 304 - "https://localhost/tablemonitor" "Mozilla/5.0 (Windows NT 10.0; Win64; x64) AppleWebKit/537.36 (KHTML, like Gecko) Chrome/92.0.4515.107 Safari/537.36"
::1 - - [01/Aug/2021:07:56:05 +0000] "GET /assets/cookie.js HTTP/1.1" 304 - "https://localhost/tablemonitor" "Mozilla/5.0 (Windows NT 10.0; Win64; x64) AppleWebKit/537.36 (KHTML, like Gecko) Chrome/92.0.4515.107 Safari/537.36"
::1 - - [01/Aug/2021:07:56:05 +0000] "GET /assets/modaldoc.js HTTP/1.1" 304 - "https://localhost/tablemonitor" "Mozilla/5.0 (Windows NT 10.0; Win64; x64) AppleWebKit/537.36 (KHTML, like Gecko) Chrome/92.0.4515.107 Safari/537.36"
::1 - - [01/Aug/2021:07:56:05 +0000] "GET /assets/common.js HTTP/1.1" 304 - "https://localhost/tablemonitor" "Mozilla/5.0 (Windows NT 10.0; Win64; x64) AppleWebKit/537.36 (KHTML, like Gecko) Chrome/92.0.4515.107 Safari/537.36"
::1 - - [01/Aug/2021:07:56:05 +0000] "GET /assets/routeclas.js HTTP/1.1" 304 - "https://localhost/tablemonitor" "Mozilla/5.0 (Windows NT 10.0; Win64; x64) AppleWebKit/537.36 (KHTML, like Gecko) Chrome/92.0.4515.107 Safari/537.36"
::1 - - [01/Aug/2021:07:56:05 +0000] "GET /vendors/chosen/chosen.jquery.min.js HTTP/1.1" 304 - "https://localhost/tablemonitor" "Mozilla/5.0 (Windows NT 10.0; Win64; x64) AppleWebKit/537.36 (KHTML, like Gecko) Chrome/92.0.4515.107 Safari/537.36"
::1 - - [01/Aug/2021:07:56:05 +0000] "GET /assets/app.js HTTP/1.1" 304 - "https://localhost/tablemonitor" "Mozilla/5.0 (Windows NT 10.0; Win64; x64) AppleWebKit/537.36 (KHTML, like Gecko) Chrome/92.0.4515.107 Safari/537.36"
::1 - - [01/Aug/2021:07:56:05 +0000] "GET /images/logo2.png HTTP/1.1" 304 - "https://localhost/tablemonitor" "Mozilla/5.0 (Windows NT 10.0; Win64; x64) AppleWebKit/537.36 (KHTML, like Gecko) Chrome/92.0.4515.107 Safari/537.36"
::1 - - [01/Aug/2021:07:56:05 +0000] "GET /images/manager-it.jpg HTTP/1.1" 304 - "https://localhost/tablemonitor" "Mozilla/5.0 (Windows NT 10.0; Win64; x64) AppleWebKit/537.36 (KHTML, like Gecko) Chrome/92.0.4515.107 Safari/537.36"
::1 - - [01/Aug/2021:07:56:05 +0000] "POST /sendincoming HTTP/1.1" 200 358 "https://localhost/tablemonitor" "Mozilla/5.0 (Windows NT 10.0; Win64; x64) AppleWebKit/537.36 (KHTML, like Gecko) Chrome/92.0.4515.107 Safari/537.36"
::1 - - [01/Aug/2021:07:56:05 +0000] "GET /drive/No%20Pending%20Files.pdf HTTP/1.1" 200 175209 "https://localhost/tablemonitor" "Mozilla/5.0 (Windows NT 10.0; Win64; x64) AppleWebKit/537.36 (KHTML, like Gecko) Chrome/92.0.4515.107 Safari/537.36"
::1 - - [01/Aug/2021:07:56:05 +0000] "GET /drive/No%20Pending%20Files.pdf HTTP/1.1" 200 175209 "https://localhost/tablemonitor" "Mozilla/5.0 (Windows NT 10.0; Win64; x64) AppleWebKit/537.36 (KHTML, like Gecko) Chrome/92.0.4515.107 Safari/537.36"
::1 - - [01/Aug/2021:07:56:05 +0000] "GET /drive/No%20Pending%20Files.pdf HTTP/1.1" 206 65536 "https://localhost/tablemonitor" "Mozilla/5.0 (Windows NT 10.0; Win64; x64) AppleWebKit/537.36 (KHTML, like Gecko) Chrome/92.0.4515.107 Safari/537.36"
::1 - - [01/Aug/2021:07:56:05 +0000] "GET /drive/No%20Pending%20Files.pdf HTTP/1.1" 206 65536 "https://localhost/tablemonitor" "Mozilla/5.0 (Windows NT 10.0; Win64; x64) AppleWebKit/537.36 (KHTML, like Gecko) Chrome/92.0.4515.107 Safari/537.36"
::1 - - [01/Aug/2021:07:56:18 +0000] "GET /chartmonitor HTTP/1.1" 200 62112 "https://localhost/tablemonitor" "Mozilla/5.0 (Windows NT 10.0; Win64; x64) AppleWebKit/537.36 (KHTML, like Gecko) Chrome/92.0.4515.107 Safari/537.36"
::1 - - [01/Aug/2021:07:56:18 +0000] "GET /vendors/bootstrap/dist/css/bootstrap.css HTTP/1.1" 200 197172 "https://localhost/chartmonitor" "Mozilla/5.0 (Windows NT 10.0; Win64; x64) AppleWebKit/537.36 (KHTML, like Gecko) Chrome/92.0.4515.107 Safari/537.36"
::1 - - [01/Aug/2021:07:56:18 +0000] "GET /vendors/bootstrap/dist/css/select2.css HTTP/1.1" 200 17358 "https://localhost/chartmonitor" "Mozilla/5.0 (Windows NT 10.0; Win64; x64) AppleWebKit/537.36 (KHTML, like Gecko) Chrome/92.0.4515.107 Safari/537.36"
::1 - - [01/Aug/2021:07:56:18 +0000] "GET /vendors/jqvmap/dist/jqvmap.min.css HTTP/1.1" 200 613 "https://localhost/chartmonitor" "Mozilla/5.0 (Windows NT 10.0; Win64; x64) AppleWebKit/537.36 (KHTML, like Gecko) Chrome/92.0.4515.107 Safari/537.36"
::1 - - [01/Aug/2021:07:56:18 +0000] "GET /vendors/bootstrap/dist/css/font.css HTTP/1.1" 200 4547 "https://localhost/chartmonitor" "Mozilla/5.0 (Windows NT 10.0; Win64; x64) AppleWebKit/537.36 (KHTML, like Gecko) Chrome/92.0.4515.107 Safari/537.36"
::1 - - [01/Aug/2021:07:56:18 +0000] "GET /vendors/chosen/chosen.min.css HTTP/1.1" 200 10220 "https://localhost/chartmonitor" "Mozilla/5.0 (Windows NT 10.0; Win64; x64) AppleWebKit/537.36 (KHTML, like Gecko) Chrome/92.0.4515.107 Safari/537.36"
::1 - - [01/Aug/2021:07:56:18 +0000] "GET /vendors/bootstrap/dist/css/side.css HTTP/1.1" 200 2514 "https://localhost/chartmonitor" "Mozilla/5.0 (Windows NT 10.0; Win64; x64) AppleWebKit/537.36 (KHTML, like Gecko) Chrome/92.0.4515.107 Safari/537.36"
::1 - - [01/Aug/2021:07:56:18 +0000] "GET /vendors/bootstrap/dist/css/file-explore.css HTTP/1.1" 200 1194 "https://localhost/chartmonitor" "Mozilla/5.0 (Windows NT 10.0; Win64; x64) AppleWebKit/537.36 (KHTML, like Gecko) Chrome/92.0.4515.107 Safari/537.36"
::1 - - [01/Aug/2021:07:56:18 +0000] "GET /assets/css/style.css HTTP/1.1" 200 138026 "https://localhost/chartmonitor" "Mozilla/5.0 (Windows NT 10.0; Win64; x64) AppleWebKit/537.36 (KHTML, like Gecko) Chrome/92.0.4515.107 Safari/537.36"
::1 - - [01/Aug/2021:07:56:18 +0000] "GET /vendors/bootstrap/dist/css/jquerysctipttop.css HTTP/1.1" 200 1427 "https://localhost/chartmonitor" "Mozilla/5.0 (Windows NT 10.0; Win64; x64) AppleWebKit/537.36 (KHTML, like Gecko) Chrome/92.0.4515.107 Safari/537.36"
::1 - - [01/Aug/2021:07:56:18 +0000] "GET /vendors/bootstrap/dist/css/newPDF.css HTTP/1.1" 200 810 "https://localhost/chartmonitor" "Mozilla/5.0 (Windows NT 10.0; Win64; x64) AppleWebKit/537.36 (KHTML, like Gecko) Chrome/92.0.4515.107 Safari/537.36"
::1 - - [01/Aug/2021:07:56:18 +0000] "GET /vendors/bootstrap/dist/css/bootstrap-toggle.min.css HTTP/1.1" 200 2722 "https://localhost/chartmonitor" "Mozilla/5.0 (Windows NT 10.0; Win64; x64) AppleWebKit/537.36 (KHTML, like Gecko) Chrome/92.0.4515.107 Safari/537.36"
::1 - - [01/Aug/2021:07:56:18 +0000] "GET /vendors/font-awesome/css/font-awesome.min.css HTTP/1.1" 200 31000 "https://localhost/chartmonitor" "Mozilla/5.0 (Windows NT 10.0; Win64; x64) AppleWebKit/537.36 (KHTML, like Gecko) Chrome/92.0.4515.107 Safari/537.36"
::1 - - [01/Aug/2021:07:56:18 +0000] "GET /vendors/themify-icons/css/themify-icons.css HTTP/1.1" 200 16403 "https://localhost/chartmonitor" "Mozilla/5.0 (Windows NT 10.0; Win64; x64) AppleWebKit/537.36 (KHTML, like Gecko) Chrome/92.0.4515.107 Safari/537.36"
::1 - - [01/Aug/2021:07:56:18 +0000] "GET /assets/hashes.js HTTP/1.1" 304 - "https://localhost/chartmonitor" "Mozilla/5.0 (Windows NT 10.0; Win64; x64) AppleWebKit/537.36 (KHTML, like Gecko) Chrome/92.0.4515.107 Safari/537.36"
::1 - - [01/Aug/2021:07:56:18 +0000] "GET /vendors/flag-icon-css/css/flag-icon.min.css HTTP/1.1" 200 33688 "https://localhost/chartmonitor" "Mozilla/5.0 (Windows NT 10.0; Win64; x64) AppleWebKit/537.36 (KHTML, like Gecko) Chrome/92.0.4515.107 Safari/537.36"
::1 - - [01/Aug/2021:07:56:18 +0000] "GET /vendors/selectFX/css/cs-skin-elastic.css HTTP/1.1" 200 4956 "https://localhost/chartmonitor" "Mozilla/5.0 (Windows NT 10.0; Win64; x64) AppleWebKit/537.36 (KHTML, like Gecko) Chrome/92.0.4515.107 Safari/537.36"
::1 - - [01/Aug/2021:07:56:18 +0000] "GET /assets/js/jquery.213.min.js HTTP/1.1" 304 - "https://localhost/chartmonitor" "Mozilla/5.0 (Windows NT 10.0; Win64; x64) AppleWebKit/537.36 (KHTML, like Gecko) Chrome/92.0.4515.107 Safari/537.36"
::1 - - [01/Aug/2021:07:56:18 +0000] "GET /assets/js/pdfobject.min.js HTTP/1.1" 304 - "https://localhost/chartmonitor" "Mozilla/5.0 (Windows NT 10.0; Win64; x64) AppleWebKit/537.36 (KHTML, like Gecko) Chrome/92.0.4515.107 Safari/537.36"
::1 - - [01/Aug/2021:07:56:18 +0000] "GET /vendors/datatables.net-bs4/css/dataTables.bootstrap4.css HTTP/1.1" 200 5800 "https://localhost/chartmonitor" "Mozilla/5.0 (Windows NT 10.0; Win64; x64) AppleWebKit/537.36 (KHTML, like Gecko) Chrome/92.0.4515.107 Safari/537.36"
::1 - - [01/Aug/2021:07:56:18 +0000] "GET /vendors/datatables.net-buttons-bs4/css/buttons.bootstrap4.min.css HTTP/1.1" 200 4163 "https://localhost/chartmonitor" "Mozilla/5.0 (Windows NT 10.0; Win64; x64) AppleWebKit/537.36 (KHTML, like Gecko) Chrome/92.0.4515.107 Safari/537.36"
::1 - - [01/Aug/2021:07:56:18 +0000] "GET /vendors/font-awesome/fonts/fontawesome-webfont.woff2?v=4.7.0 HTTP/1.1" 304 - "https://localhost/vendors/font-awesome/css/font-awesome.min.css" "Mozilla/5.0 (Windows NT 10.0; Win64; x64) AppleWebKit/537.36 (KHTML, like Gecko) Chrome/92.0.4515.107 Safari/537.36"
::1 - - [01/Aug/2021:07:56:18 +0000] "GET /vendors/chart.js/dist/hammer.js HTTP/1.1" 200 20765 "https://localhost/chartmonitor" "Mozilla/5.0 (Windows NT 10.0; Win64; x64) AppleWebKit/537.36 (KHTML, like Gecko) Chrome/92.0.4515.107 Safari/537.36"
::1 - - [01/Aug/2021:07:56:18 +0000] "GET /vendors/chart.js/dist/zoom.js HTTP/1.1" 200 9424 "https://localhost/chartmonitor" "Mozilla/5.0 (Windows NT 10.0; Win64; x64) AppleWebKit/537.36 (KHTML, like Gecko) Chrome/92.0.4515.107 Safari/537.36"
::1 - - [01/Aug/2021:07:56:18 +0000] "GET /vendors/chart.js/dist/utils.js HTTP/1.1" 200 3318 "https://localhost/chartmonitor" "Mozilla/5.0 (Windows NT 10.0; Win64; x64) AppleWebKit/537.36 (KHTML, like Gecko) Chrome/92.0.4515.107 Safari/537.36"
::1 - - [01/Aug/2021:07:56:18 +0000] "GET /vendors/bootstrap/dist/css/font/open-sans-v17-vietnamese_latin-ext_latin_greek-ext_greek_cyrillic-ext_cyrillic-regular.woff2 HTTP/1.1" 304 - "https://localhost/vendors/bootstrap/dist/css/font.css" "Mozilla/5.0 (Windows NT 10.0; Win64; x64) AppleWebKit/537.36 (KHTML, like Gecko) Chrome/92.0.4515.107 Safari/537.36"
::1 - - [01/Aug/2021:07:56:18 +0000] "GET /vendors/bootstrap/dist/css/font/open-sans-v17-vietnamese_latin-ext_latin_greek-ext_greek_cyrillic-ext_cyrillic-700.woff2 HTTP/1.1" 304 - "https://localhost/vendors/bootstrap/dist/css/font.css" "Mozilla/5.0 (Windows NT 10.0; Win64; x64) AppleWebKit/537.36 (KHTML, like Gecko) Chrome/92.0.4515.107 Safari/537.36"
::1 - - [01/Aug/2021:07:56:18 +0000] "GET /images/logo.png HTTP/1.1" 304 - "https://localhost/chartmonitor" "Mozilla/5.0 (Windows NT 10.0; Win64; x64) AppleWebKit/537.36 (KHTML, like Gecko) Chrome/92.0.4515.107 Safari/537.36"
::1 - - [01/Aug/2021:07:56:18 +0000] "GET /images/nelson.jpg HTTP/1.1" 404 156 "https://localhost/chartmonitor" "Mozilla/5.0 (Windows NT 10.0; Win64; x64) AppleWebKit/537.36 (KHTML, like Gecko) Chrome/92.0.4515.107 Safari/537.36"
::1 - - [01/Aug/2021:07:56:18 +0000] "GET /vendors/datatables.net-bs4/js/dataTables.bootstrap4.min.js HTTP/1.1" 304 - "https://localhost/chartmonitor" "Mozilla/5.0 (Windows NT 10.0; Win64; x64) AppleWebKit/537.36 (KHTML, like Gecko) Chrome/92.0.4515.107 Safari/537.36"
::1 - - [01/Aug/2021:07:56:18 +0000] "GET /vendors/datatables.net-buttons/js/dataTables.buttons.min.js HTTP/1.1" 304 - "https://localhost/chartmonitor" "Mozilla/5.0 (Windows NT 10.0; Win64; x64) AppleWebKit/537.36 (KHTML, like Gecko) Chrome/92.0.4515.107 Safari/537.36"
::1 - - [01/Aug/2021:07:56:18 +0000] "GET /vendors/datatables.net-buttons-bs4/js/buttons.bootstrap4.min.js HTTP/1.1" 304 - "https://localhost/chartmonitor" "Mozilla/5.0 (Windows NT 10.0; Win64; x64) AppleWebKit/537.36 (KHTML, like Gecko) Chrome/92.0.4515.107 Safari/537.36"
::1 - - [01/Aug/2021:07:56:18 +0000] "GET /vendors/jszip/dist/jszip.min.js HTTP/1.1" 304 - "https://localhost/chartmonitor" "Mozilla/5.0 (Windows NT 10.0; Win64; x64) AppleWebKit/537.36 (KHTML, like Gecko) Chrome/92.0.4515.107 Safari/537.36"
::1 - - [01/Aug/2021:07:56:18 +0000] "GET /vendors/pdfmake/build/pdfmake.min.js HTTP/1.1" 304 - "https://localhost/chartmonitor" "Mozilla/5.0 (Windows NT 10.0; Win64; x64) AppleWebKit/537.36 (KHTML, like Gecko) Chrome/92.0.4515.107 Safari/537.36"
::1 - - [01/Aug/2021:07:56:18 +0000] "GET /vendors/pdfmake/build/vfs_fonts.js HTTP/1.1" 304 - "https://localhost/chartmonitor" "Mozilla/5.0 (Windows NT 10.0; Win64; x64) AppleWebKit/537.36 (KHTML, like Gecko) Chrome/92.0.4515.107 Safari/537.36"
::1 - - [01/Aug/2021:07:56:18 +0000] "GET /vendors/chart.js/dist/Chart.bundle.js HTTP/1.1" 200 535332 "https://localhost/chartmonitor" "Mozilla/5.0 (Windows NT 10.0; Win64; x64) AppleWebKit/537.36 (KHTML, like Gecko) Chrome/92.0.4515.107 Safari/537.36"
::1 - - [01/Aug/2021:07:56:18 +0000] "GET /vendors/datatables.net-buttons/js/buttons.html5.min.js HTTP/1.1" 304 - "https://localhost/chartmonitor" "Mozilla/5.0 (Windows NT 10.0; Win64; x64) AppleWebKit/537.36 (KHTML, like Gecko) Chrome/92.0.4515.107 Safari/537.36"
::1 - - [01/Aug/2021:07:56:18 +0000] "GET /vendors/datatables.net-buttons/js/buttons.print.min.js HTTP/1.1" 304 - "https://localhost/chartmonitor" "Mozilla/5.0 (Windows NT 10.0; Win64; x64) AppleWebKit/537.36 (KHTML, like Gecko) Chrome/92.0.4515.107 Safari/537.36"
::1 - - [01/Aug/2021:07:56:18 +0000] "GET /vendors/datatables.net-buttons/js/buttons.colVis.min.js HTTP/1.1" 304 - "https://localhost/chartmonitor" "Mozilla/5.0 (Windows NT 10.0; Win64; x64) AppleWebKit/537.36 (KHTML, like Gecko) Chrome/92.0.4515.107 Safari/537.36"
::1 - - [01/Aug/2021:07:56:18 +0000] "GET /vendors/jquery/dist/jquery.min.js HTTP/1.1" 304 - "https://localhost/chartmonitor" "Mozilla/5.0 (Windows NT 10.0; Win64; x64) AppleWebKit/537.36 (KHTML, like Gecko) Chrome/92.0.4515.107 Safari/537.36"
::1 - - [01/Aug/2021:07:56:18 +0000] "GET /vendors/datatables.net/js/jquery.chartTables.js HTTP/1.1" 200 447573 "https://localhost/chartmonitor" "Mozilla/5.0 (Windows NT 10.0; Win64; x64) AppleWebKit/537.36 (KHTML, like Gecko) Chrome/92.0.4515.107 Safari/537.36"
::1 - - [01/Aug/2021:07:56:18 +0000] "GET /vendors/popper.js/dist/umd/popper.min.js HTTP/1.1" 304 - "https://localhost/chartmonitor" "Mozilla/5.0 (Windows NT 10.0; Win64; x64) AppleWebKit/537.36 (KHTML, like Gecko) Chrome/92.0.4515.107 Safari/537.36"
::1 - - [01/Aug/2021:07:56:18 +0000] "GET /vendors/bootstrap/dist/js/bootstrap.min.js HTTP/1.1" 304 - "https://localhost/chartmonitor" "Mozilla/5.0 (Windows NT 10.0; Win64; x64) AppleWebKit/537.36 (KHTML, like Gecko) Chrome/92.0.4515.107 Safari/537.36"
::1 - - [01/Aug/2021:07:56:18 +0000] "GET /assets/js/main.js HTTP/1.1" 304 - "https://localhost/chartmonitor" "Mozilla/5.0 (Windows NT 10.0; Win64; x64) AppleWebKit/537.36 (KHTML, like Gecko) Chrome/92.0.4515.107 Safari/537.36"
::1 - - [01/Aug/2021:07:56:18 +0000] "GET /vendors/bootstrap/dist/js/select2.min.js HTTP/1.1" 304 - "https://localhost/chartmonitor" "Mozilla/5.0 (Windows NT 10.0; Win64; x64) AppleWebKit/537.36 (KHTML, like Gecko) Chrome/92.0.4515.107 Safari/537.36"
::1 - - [01/Aug/2021:07:56:18 +0000] "GET /assets/chartmonitor.js HTTP/1.1" 200 7540 "https://localhost/chartmonitor" "Mozilla/5.0 (Windows NT 10.0; Win64; x64) AppleWebKit/537.36 (KHTML, like Gecko) Chrome/92.0.4515.107 Safari/537.36"
::1 - - [01/Aug/2021:07:56:18 +0000] "GET /assets/js/adapter.min.js HTTP/1.1" 304 - "https://localhost/chartmonitor" "Mozilla/5.0 (Windows NT 10.0; Win64; x64) AppleWebKit/537.36 (KHTML, like Gecko) Chrome/92.0.4515.107 Safari/537.36"
::1 - - [01/Aug/2021:07:56:18 +0000] "GET /assets/js/vue.min.js HTTP/1.1" 304 - "https://localhost/chartmonitor" "Mozilla/5.0 (Windows NT 10.0; Win64; x64) AppleWebKit/537.36 (KHTML, like Gecko) Chrome/92.0.4515.107 Safari/537.36"
::1 - - [01/Aug/2021:07:56:18 +0000] "GET /assets/js/instascan.min.js HTTP/1.1" 304 - "https://localhost/chartmonitor" "Mozilla/5.0 (Windows NT 10.0; Win64; x64) AppleWebKit/537.36 (KHTML, like Gecko) Chrome/92.0.4515.107 Safari/537.36"
::1 - - [01/Aug/2021:07:56:18 +0000] "GET /vendors/bootstrap/dist/js/pdf.min.js HTTP/1.1" 304 - "https://localhost/chartmonitor" "Mozilla/5.0 (Windows NT 10.0; Win64; x64) AppleWebKit/537.36 (KHTML, like Gecko) Chrome/92.0.4515.107 Safari/537.36"
::1 - - [01/Aug/2021:07:56:18 +0000] "GET /vendors/bootstrap/dist/js/pdf.worker.min.js HTTP/1.1" 304 - "https://localhost/chartmonitor" "Mozilla/5.0 (Windows NT 10.0; Win64; x64) AppleWebKit/537.36 (KHTML, like Gecko) Chrome/92.0.4515.107 Safari/537.36"
::1 - - [01/Aug/2021:07:56:18 +0000] "GET /vendors/bootstrap/dist/js/file-explore.js HTTP/1.1" 304 - "https://localhost/chartmonitor" "Mozilla/5.0 (Windows NT 10.0; Win64; x64) AppleWebKit/537.36 (KHTML, like Gecko) Chrome/92.0.4515.107 Safari/537.36"
::1 - - [01/Aug/2021:07:56:18 +0000] "GET /vendors/bootstrap/dist/js/side.js HTTP/1.1" 304 - "https://localhost/chartmonitor" "Mozilla/5.0 (Windows NT 10.0; Win64; x64) AppleWebKit/537.36 (KHTML, like Gecko) Chrome/92.0.4515.107 Safari/537.36"
::1 - - [01/Aug/2021:07:56:18 +0000] "GET /vendors/bootstrap/dist/js/bootstrap-toggle.min.js HTTP/1.1" 304 - "https://localhost/chartmonitor" "Mozilla/5.0 (Windows NT 10.0; Win64; x64) AppleWebKit/537.36 (KHTML, like Gecko) Chrome/92.0.4515.107 Safari/537.36"
::1 - - [01/Aug/2021:07:56:18 +0000] "GET /assets/js/dashboard.js HTTP/1.1" 304 - "https://localhost/chartmonitor" "Mozilla/5.0 (Windows NT 10.0; Win64; x64) AppleWebKit/537.36 (KHTML, like Gecko) Chrome/92.0.4515.107 Safari/537.36"
::1 - - [01/Aug/2021:07:56:18 +0000] "GET /assets/cookie.js HTTP/1.1" 304 - "https://localhost/chartmonitor" "Mozilla/5.0 (Windows NT 10.0; Win64; x64) AppleWebKit/537.36 (KHTML, like Gecko) Chrome/92.0.4515.107 Safari/537.36"
::1 - - [01/Aug/2021:07:56:18 +0000] "GET /assets/modaldoc.js HTTP/1.1" 304 - "https://localhost/chartmonitor" "Mozilla/5.0 (Windows NT 10.0; Win64; x64) AppleWebKit/537.36 (KHTML, like Gecko) Chrome/92.0.4515.107 Safari/537.36"
::1 - - [01/Aug/2021:07:56:18 +0000] "GET /assets/common.js HTTP/1.1" 304 - "https://localhost/chartmonitor" "Mozilla/5.0 (Windows NT 10.0; Win64; x64) AppleWebKit/537.36 (KHTML, like Gecko) Chrome/92.0.4515.107 Safari/537.36"
::1 - - [01/Aug/2021:07:56:18 +0000] "GET /assets/routeclas.js HTTP/1.1" 304 - "https://localhost/chartmonitor" "Mozilla/5.0 (Windows NT 10.0; Win64; x64) AppleWebKit/537.36 (KHTML, like Gecko) Chrome/92.0.4515.107 Safari/537.36"
::1 - - [01/Aug/2021:07:56:18 +0000] "GET /vendors/chosen/chosen.jquery.min.js HTTP/1.1" 304 - "https://localhost/chartmonitor" "Mozilla/5.0 (Windows NT 10.0; Win64; x64) AppleWebKit/537.36 (KHTML, like Gecko) Chrome/92.0.4515.107 Safari/537.36"
::1 - - [01/Aug/2021:07:56:18 +0000] "GET /assets/app.js HTTP/1.1" 304 - "https://localhost/chartmonitor" "Mozilla/5.0 (Windows NT 10.0; Win64; x64) AppleWebKit/537.36 (KHTML, like Gecko) Chrome/92.0.4515.107 Safari/537.36"
::1 - - [01/Aug/2021:07:56:18 +0000] "GET /images/logo2.png HTTP/1.1" 304 - "https://localhost/chartmonitor" "Mozilla/5.0 (Windows NT 10.0; Win64; x64) AppleWebKit/537.36 (KHTML, like Gecko) Chrome/92.0.4515.107 Safari/537.36"
::1 - - [01/Aug/2021:07:56:19 +0000] "POST /chartmonitor HTTP/1.1" 200 1550 "https://localhost/chartmonitor" "Mozilla/5.0 (Windows NT 10.0; Win64; x64) AppleWebKit/537.36 (KHTML, like Gecko) Chrome/92.0.4515.107 Safari/537.36"
::1 - - [01/Aug/2021:07:56:19 +0000] "GET /images/manager-it.jpg HTTP/1.1" 304 - "https://localhost/chartmonitor" "Mozilla/5.0 (Windows NT 10.0; Win64; x64) AppleWebKit/537.36 (KHTML, like Gecko) Chrome/92.0.4515.107 Safari/537.36"
::1 - - [01/Aug/2021:07:56:19 +0000] "POST /sendincoming HTTP/1.1" 200 358 "https://localhost/chartmonitor" "Mozilla/5.0 (Windows NT 10.0; Win64; x64) AppleWebKit/537.36 (KHTML, like Gecko) Chrome/92.0.4515.107 Safari/537.36"
::1 - - [01/Aug/2021:07:56:19 +0000] "GET /drive/No%20Pending%20Files.pdf HTTP/1.1" 200 175209 "https://localhost/chartmonitor" "Mozilla/5.0 (Windows NT 10.0; Win64; x64) AppleWebKit/537.36 (KHTML, like Gecko) Chrome/92.0.4515.107 Safari/537.36"
::1 - - [01/Aug/2021:07:56:19 +0000] "GET /drive/No%20Pending%20Files.pdf HTTP/1.1" 200 175209 "https://localhost/chartmonitor" "Mozilla/5.0 (Windows NT 10.0; Win64; x64) AppleWebKit/537.36 (KHTML, like Gecko) Chrome/92.0.4515.107 Safari/537.36"
::1 - - [01/Aug/2021:07:56:19 +0000] "GET /drive/No%20Pending%20Files.pdf HTTP/1.1" 206 65536 "https://localhost/chartmonitor" "Mozilla/5.0 (Windows NT 10.0; Win64; x64) AppleWebKit/537.36 (KHTML, like Gecko) Chrome/92.0.4515.107 Safari/537.36"
::1 - - [01/Aug/2021:07:56:19 +0000] "GET /drive/No%20Pending%20Files.pdf HTTP/1.1" 206 65536 "https://localhost/chartmonitor" "Mozilla/5.0 (Windows NT 10.0; Win64; x64) AppleWebKit/537.36 (KHTML, like Gecko) Chrome/92.0.4515.107 Safari/537.36"
::1 - - [01/Aug/2021:07:56:39 +0000] "POST /sendincoming HTTP/1.1" 200 358 "https://localhost/chartmonitor" "Mozilla/5.0 (Windows NT 10.0; Win64; x64) AppleWebKit/537.36 (KHTML, like Gecko) Chrome/92.0.4515.107 Safari/537.36"
::1 - - [01/Aug/2021:07:56:40 +0000] "GET /tablemonitor HTTP/1.1" 200 72459 "https://localhost/chartmonitor" "Mozilla/5.0 (Windows NT 10.0; Win64; x64) AppleWebKit/537.36 (KHTML, like Gecko) Chrome/92.0.4515.107 Safari/537.36"
::1 - - [01/Aug/2021:07:56:40 +0000] "GET /vendors/bootstrap/dist/css/bootstrap.css HTTP/1.1" 200 197172 "https://localhost/tablemonitor" "Mozilla/5.0 (Windows NT 10.0; Win64; x64) AppleWebKit/537.36 (KHTML, like Gecko) Chrome/92.0.4515.107 Safari/537.36"
::1 - - [01/Aug/2021:07:56:40 +0000] "GET /vendors/bootstrap/dist/css/select2.css HTTP/1.1" 200 17358 "https://localhost/tablemonitor" "Mozilla/5.0 (Windows NT 10.0; Win64; x64) AppleWebKit/537.36 (KHTML, like Gecko) Chrome/92.0.4515.107 Safari/537.36"
::1 - - [01/Aug/2021:07:56:40 +0000] "GET /vendors/themify-icons/css/themify-icons.css HTTP/1.1" 200 16403 "https://localhost/tablemonitor" "Mozilla/5.0 (Windows NT 10.0; Win64; x64) AppleWebKit/537.36 (KHTML, like Gecko) Chrome/92.0.4515.107 Safari/537.36"
::1 - - [01/Aug/2021:07:56:40 +0000] "GET /vendors/bootstrap/dist/css/font.css HTTP/1.1" 200 4547 "https://localhost/tablemonitor" "Mozilla/5.0 (Windows NT 10.0; Win64; x64) AppleWebKit/537.36 (KHTML, like Gecko) Chrome/92.0.4515.107 Safari/537.36"
::1 - - [01/Aug/2021:07:56:40 +0000] "GET /vendors/chosen/chosen.min.css HTTP/1.1" 200 10220 "https://localhost/tablemonitor" "Mozilla/5.0 (Windows NT 10.0; Win64; x64) AppleWebKit/537.36 (KHTML, like Gecko) Chrome/92.0.4515.107 Safari/537.36"
::1 - - [01/Aug/2021:07:56:40 +0000] "GET /vendors/bootstrap/dist/css/side.css HTTP/1.1" 200 2514 "https://localhost/tablemonitor" "Mozilla/5.0 (Windows NT 10.0; Win64; x64) AppleWebKit/537.36 (KHTML, like Gecko) Chrome/92.0.4515.107 Safari/537.36"
::1 - - [01/Aug/2021:07:56:40 +0000] "GET /assets/css/style.css HTTP/1.1" 200 138026 "https://localhost/tablemonitor" "Mozilla/5.0 (Windows NT 10.0; Win64; x64) AppleWebKit/537.36 (KHTML, like Gecko) Chrome/92.0.4515.107 Safari/537.36"
::1 - - [01/Aug/2021:07:56:40 +0000] "GET /vendors/bootstrap/dist/css/file-explore.css HTTP/1.1" 200 1194 "https://localhost/tablemonitor" "Mozilla/5.0 (Windows NT 10.0; Win64; x64) AppleWebKit/537.36 (KHTML, like Gecko) Chrome/92.0.4515.107 Safari/537.36"
::1 - - [01/Aug/2021:07:56:40 +0000] "GET /vendors/bootstrap/dist/css/jquerysctipttop.css HTTP/1.1" 200 1427 "https://localhost/tablemonitor" "Mozilla/5.0 (Windows NT 10.0; Win64; x64) AppleWebKit/537.36 (KHTML, like Gecko) Chrome/92.0.4515.107 Safari/537.36"
::1 - - [01/Aug/2021:07:56:40 +0000] "GET /vendors/bootstrap/dist/css/newPDF.css HTTP/1.1" 200 810 "https://localhost/tablemonitor" "Mozilla/5.0 (Windows NT 10.0; Win64; x64) AppleWebKit/537.36 (KHTML, like Gecko) Chrome/92.0.4515.107 Safari/537.36"
::1 - - [01/Aug/2021:07:56:40 +0000] "GET /vendors/bootstrap/dist/css/bootstrap-toggle.min.css HTTP/1.1" 200 2722 "https://localhost/tablemonitor" "Mozilla/5.0 (Windows NT 10.0; Win64; x64) AppleWebKit/537.36 (KHTML, like Gecko) Chrome/92.0.4515.107 Safari/537.36"
::1 - - [01/Aug/2021:07:56:40 +0000] "GET /vendors/flag-icon-css/css/flag-icon.min.css HTTP/1.1" 200 33688 "https://localhost/tablemonitor" "Mozilla/5.0 (Windows NT 10.0; Win64; x64) AppleWebKit/537.36 (KHTML, like Gecko) Chrome/92.0.4515.107 Safari/537.36"
::1 - - [01/Aug/2021:07:56:40 +0000] "GET /assets/hashes.js HTTP/1.1" 304 - "https://localhost/tablemonitor" "Mozilla/5.0 (Windows NT 10.0; Win64; x64) AppleWebKit/537.36 (KHTML, like Gecko) Chrome/92.0.4515.107 Safari/537.36"
::1 - - [01/Aug/2021:07:56:40 +0000] "GET /vendors/font-awesome/css/font-awesome.min.css HTTP/1.1" 200 31000 "https://localhost/tablemonitor" "Mozilla/5.0 (Windows NT 10.0; Win64; x64) AppleWebKit/537.36 (KHTML, like Gecko) Chrome/92.0.4515.107 Safari/537.36"
::1 - - [01/Aug/2021:07:56:40 +0000] "GET /vendors/selectFX/css/cs-skin-elastic.css HTTP/1.1" 200 4956 "https://localhost/tablemonitor" "Mozilla/5.0 (Windows NT 10.0; Win64; x64) AppleWebKit/537.36 (KHTML, like Gecko) Chrome/92.0.4515.107 Safari/537.36"
::1 - - [01/Aug/2021:07:56:40 +0000] "GET /vendors/jqvmap/dist/jqvmap.min.css HTTP/1.1" 200 613 "https://localhost/tablemonitor" "Mozilla/5.0 (Windows NT 10.0; Win64; x64) AppleWebKit/537.36 (KHTML, like Gecko) Chrome/92.0.4515.107 Safari/537.36"
::1 - - [01/Aug/2021:07:56:40 +0000] "GET /assets/js/jquery.213.min.js HTTP/1.1" 304 - "https://localhost/tablemonitor" "Mozilla/5.0 (Windows NT 10.0; Win64; x64) AppleWebKit/537.36 (KHTML, like Gecko) Chrome/92.0.4515.107 Safari/537.36"
::1 - - [01/Aug/2021:07:56:40 +0000] "GET /assets/js/pdfobject.min.js HTTP/1.1" 304 - "https://localhost/tablemonitor" "Mozilla/5.0 (Windows NT 10.0; Win64; x64) AppleWebKit/537.36 (KHTML, like Gecko) Chrome/92.0.4515.107 Safari/537.36"
::1 - - [01/Aug/2021:07:56:40 +0000] "GET /vendors/datatables.net-bs4/js/dataTables.bootstrap4.min.js HTTP/1.1" 304 - "https://localhost/tablemonitor" "Mozilla/5.0 (Windows NT 10.0; Win64; x64) AppleWebKit/537.36 (KHTML, like Gecko) Chrome/92.0.4515.107 Safari/537.36"
::1 - - [01/Aug/2021:07:56:40 +0000] "GET /vendors/datatables.net-buttons/js/dataTables.buttons.min.js HTTP/1.1" 304 - "https://localhost/tablemonitor" "Mozilla/5.0 (Windows NT 10.0; Win64; x64) AppleWebKit/537.36 (KHTML, like Gecko) Chrome/92.0.4515.107 Safari/537.36"
::1 - - [01/Aug/2021:07:56:40 +0000] "GET /vendors/datatables.net-bs4/css/dataTables.bootstrap4.css HTTP/1.1" 200 5800 "https://localhost/tablemonitor" "Mozilla/5.0 (Windows NT 10.0; Win64; x64) AppleWebKit/537.36 (KHTML, like Gecko) Chrome/92.0.4515.107 Safari/537.36"
::1 - - [01/Aug/2021:07:56:40 +0000] "GET /vendors/datatables.net-buttons-bs4/js/buttons.bootstrap4.min.js HTTP/1.1" 304 - "https://localhost/tablemonitor" "Mozilla/5.0 (Windows NT 10.0; Win64; x64) AppleWebKit/537.36 (KHTML, like Gecko) Chrome/92.0.4515.107 Safari/537.36"
::1 - - [01/Aug/2021:07:56:40 +0000] "GET /vendors/jszip/dist/jszip.min.js HTTP/1.1" 304 - "https://localhost/tablemonitor" "Mozilla/5.0 (Windows NT 10.0; Win64; x64) AppleWebKit/537.36 (KHTML, like Gecko) Chrome/92.0.4515.107 Safari/537.36"
::1 - - [01/Aug/2021:07:56:40 +0000] "GET /vendors/font-awesome/fonts/fontawesome-webfont.woff2?v=4.7.0 HTTP/1.1" 304 - "https://localhost/vendors/font-awesome/css/font-awesome.min.css" "Mozilla/5.0 (Windows NT 10.0; Win64; x64) AppleWebKit/537.36 (KHTML, like Gecko) Chrome/92.0.4515.107 Safari/537.36"
::1 - - [01/Aug/2021:07:56:40 +0000] "GET /vendors/bootstrap/dist/css/font/open-sans-v17-vietnamese_latin-ext_latin_greek-ext_greek_cyrillic-ext_cyrillic-regular.woff2 HTTP/1.1" 304 - "https://localhost/vendors/bootstrap/dist/css/font.css" "Mozilla/5.0 (Windows NT 10.0; Win64; x64) AppleWebKit/537.36 (KHTML, like Gecko) Chrome/92.0.4515.107 Safari/537.36"
::1 - - [01/Aug/2021:07:56:40 +0000] "GET /vendors/datatables.net-buttons-bs4/css/buttons.bootstrap4.min.css HTTP/1.1" 200 4163 "https://localhost/tablemonitor" "Mozilla/5.0 (Windows NT 10.0; Win64; x64) AppleWebKit/537.36 (KHTML, like Gecko) Chrome/92.0.4515.107 Safari/537.36"
::1 - - [01/Aug/2021:07:56:40 +0000] "GET /vendors/datatables.net/js/jquery.dataTables.min.js HTTP/1.1" 200 82411 "https://localhost/tablemonitor" "Mozilla/5.0 (Windows NT 10.0; Win64; x64) AppleWebKit/537.36 (KHTML, like Gecko) Chrome/92.0.4515.107 Safari/537.36"
::1 - - [01/Aug/2021:07:56:40 +0000] "GET /vendors/bootstrap/dist/css/font/open-sans-v17-vietnamese_latin-ext_latin_greek-ext_greek_cyrillic-ext_cyrillic-700.woff2 HTTP/1.1" 304 - "https://localhost/vendors/bootstrap/dist/css/font.css" "Mozilla/5.0 (Windows NT 10.0; Win64; x64) AppleWebKit/537.36 (KHTML, like Gecko) Chrome/92.0.4515.107 Safari/537.36"
::1 - - [01/Aug/2021:07:56:40 +0000] "GET /images/logo.png HTTP/1.1" 304 - "https://localhost/tablemonitor" "Mozilla/5.0 (Windows NT 10.0; Win64; x64) AppleWebKit/537.36 (KHTML, like Gecko) Chrome/92.0.4515.107 Safari/537.36"
::1 - - [01/Aug/2021:07:56:40 +0000] "GET /images/nelson.jpg HTTP/1.1" 404 156 "https://localhost/tablemonitor" "Mozilla/5.0 (Windows NT 10.0; Win64; x64) AppleWebKit/537.36 (KHTML, like Gecko) Chrome/92.0.4515.107 Safari/537.36"
::1 - - [01/Aug/2021:07:56:40 +0000] "GET /vendors/pdfmake/build/pdfmake.min.js HTTP/1.1" 304 - "https://localhost/tablemonitor" "Mozilla/5.0 (Windows NT 10.0; Win64; x64) AppleWebKit/537.36 (KHTML, like Gecko) Chrome/92.0.4515.107 Safari/537.36"
::1 - - [01/Aug/2021:07:56:40 +0000] "GET /vendors/pdfmake/build/vfs_fonts.js HTTP/1.1" 304 - "https://localhost/tablemonitor" "Mozilla/5.0 (Windows NT 10.0; Win64; x64) AppleWebKit/537.36 (KHTML, like Gecko) Chrome/92.0.4515.107 Safari/537.36"
::1 - - [01/Aug/2021:07:56:40 +0000] "GET /vendors/datatables.net-buttons/js/buttons.html5.min.js HTTP/1.1" 304 - "https://localhost/tablemonitor" "Mozilla/5.0 (Windows NT 10.0; Win64; x64) AppleWebKit/537.36 (KHTML, like Gecko) Chrome/92.0.4515.107 Safari/537.36"
::1 - - [01/Aug/2021:07:56:40 +0000] "GET /vendors/datatables.net-buttons/js/buttons.print.min.js HTTP/1.1" 304 - "https://localhost/tablemonitor" "Mozilla/5.0 (Windows NT 10.0; Win64; x64) AppleWebKit/537.36 (KHTML, like Gecko) Chrome/92.0.4515.107 Safari/537.36"
::1 - - [01/Aug/2021:07:56:40 +0000] "GET /vendors/datatables.net-buttons/js/buttons.colVis.min.js HTTP/1.1" 304 - "https://localhost/tablemonitor" "Mozilla/5.0 (Windows NT 10.0; Win64; x64) AppleWebKit/537.36 (KHTML, like Gecko) Chrome/92.0.4515.107 Safari/537.36"
::1 - - [01/Aug/2021:07:56:40 +0000] "GET /vendors/jquery/dist/jquery.min.js HTTP/1.1" 304 - "https://localhost/tablemonitor" "Mozilla/5.0 (Windows NT 10.0; Win64; x64) AppleWebKit/537.36 (KHTML, like Gecko) Chrome/92.0.4515.107 Safari/537.36"
::1 - - [01/Aug/2021:07:56:40 +0000] "GET /vendors/popper.js/dist/umd/popper.min.js HTTP/1.1" 304 - "https://localhost/tablemonitor" "Mozilla/5.0 (Windows NT 10.0; Win64; x64) AppleWebKit/537.36 (KHTML, like Gecko) Chrome/92.0.4515.107 Safari/537.36"
::1 - - [01/Aug/2021:07:56:40 +0000] "GET /vendors/bootstrap/dist/js/bootstrap.min.js HTTP/1.1" 304 - "https://localhost/tablemonitor" "Mozilla/5.0 (Windows NT 10.0; Win64; x64) AppleWebKit/537.36 (KHTML, like Gecko) Chrome/92.0.4515.107 Safari/537.36"
::1 - - [01/Aug/2021:07:56:40 +0000] "GET /assets/js/main.js HTTP/1.1" 304 - "https://localhost/tablemonitor" "Mozilla/5.0 (Windows NT 10.0; Win64; x64) AppleWebKit/537.36 (KHTML, like Gecko) Chrome/92.0.4515.107 Safari/537.36"
::1 - - [01/Aug/2021:07:56:40 +0000] "GET /assets/js/init-scripts/data-table/datatables-init.js HTTP/1.1" 200 1030 "https://localhost/tablemonitor" "Mozilla/5.0 (Windows NT 10.0; Win64; x64) AppleWebKit/537.36 (KHTML, like Gecko) Chrome/92.0.4515.107 Safari/537.36"
::1 - - [01/Aug/2021:07:56:40 +0000] "GET /assets/tablemonitor.js HTTP/1.1" 200 7595 "https://localhost/tablemonitor" "Mozilla/5.0 (Windows NT 10.0; Win64; x64) AppleWebKit/537.36 (KHTML, like Gecko) Chrome/92.0.4515.107 Safari/537.36"
::1 - - [01/Aug/2021:07:56:40 +0000] "GET /vendors/bootstrap/dist/js/select2.min.js HTTP/1.1" 304 - "https://localhost/tablemonitor" "Mozilla/5.0 (Windows NT 10.0; Win64; x64) AppleWebKit/537.36 (KHTML, like Gecko) Chrome/92.0.4515.107 Safari/537.36"
::1 - - [01/Aug/2021:07:56:40 +0000] "GET /assets/js/adapter.min.js HTTP/1.1" 304 - "https://localhost/tablemonitor" "Mozilla/5.0 (Windows NT 10.0; Win64; x64) AppleWebKit/537.36 (KHTML, like Gecko) Chrome/92.0.4515.107 Safari/537.36"
::1 - - [01/Aug/2021:07:56:40 +0000] "GET /assets/js/vue.min.js HTTP/1.1" 304 - "https://localhost/tablemonitor" "Mozilla/5.0 (Windows NT 10.0; Win64; x64) AppleWebKit/537.36 (KHTML, like Gecko) Chrome/92.0.4515.107 Safari/537.36"
::1 - - [01/Aug/2021:07:56:40 +0000] "GET /assets/js/instascan.min.js HTTP/1.1" 304 - "https://localhost/tablemonitor" "Mozilla/5.0 (Windows NT 10.0; Win64; x64) AppleWebKit/537.36 (KHTML, like Gecko) Chrome/92.0.4515.107 Safari/537.36"
::1 - - [01/Aug/2021:07:56:40 +0000] "GET /vendors/bootstrap/dist/js/pdf.min.js HTTP/1.1" 304 - "https://localhost/tablemonitor" "Mozilla/5.0 (Windows NT 10.0; Win64; x64) AppleWebKit/537.36 (KHTML, like Gecko) Chrome/92.0.4515.107 Safari/537.36"
::1 - - [01/Aug/2021:07:56:40 +0000] "GET /vendors/bootstrap/dist/js/pdf.worker.min.js HTTP/1.1" 304 - "https://localhost/tablemonitor" "Mozilla/5.0 (Windows NT 10.0; Win64; x64) AppleWebKit/537.36 (KHTML, like Gecko) Chrome/92.0.4515.107 Safari/537.36"
::1 - - [01/Aug/2021:07:56:40 +0000] "GET /vendors/bootstrap/dist/js/file-explore.js HTTP/1.1" 304 - "https://localhost/tablemonitor" "Mozilla/5.0 (Windows NT 10.0; Win64; x64) AppleWebKit/537.36 (KHTML, like Gecko) Chrome/92.0.4515.107 Safari/537.36"
::1 - - [01/Aug/2021:07:56:40 +0000] "GET /vendors/bootstrap/dist/js/side.js HTTP/1.1" 304 - "https://localhost/tablemonitor" "Mozilla/5.0 (Windows NT 10.0; Win64; x64) AppleWebKit/537.36 (KHTML, like Gecko) Chrome/92.0.4515.107 Safari/537.36"
::1 - - [01/Aug/2021:07:56:40 +0000] "GET /vendors/bootstrap/dist/js/bootstrap-toggle.min.js HTTP/1.1" 304 - "https://localhost/tablemonitor" "Mozilla/5.0 (Windows NT 10.0; Win64; x64) AppleWebKit/537.36 (KHTML, like Gecko) Chrome/92.0.4515.107 Safari/537.36"
::1 - - [01/Aug/2021:07:56:40 +0000] "GET /assets/js/dashboard.js HTTP/1.1" 304 - "https://localhost/tablemonitor" "Mozilla/5.0 (Windows NT 10.0; Win64; x64) AppleWebKit/537.36 (KHTML, like Gecko) Chrome/92.0.4515.107 Safari/537.36"
::1 - - [01/Aug/2021:07:56:40 +0000] "GET /assets/cookie.js HTTP/1.1" 304 - "https://localhost/tablemonitor" "Mozilla/5.0 (Windows NT 10.0; Win64; x64) AppleWebKit/537.36 (KHTML, like Gecko) Chrome/92.0.4515.107 Safari/537.36"
::1 - - [01/Aug/2021:07:56:40 +0000] "GET /assets/modaldoc.js HTTP/1.1" 304 - "https://localhost/tablemonitor" "Mozilla/5.0 (Windows NT 10.0; Win64; x64) AppleWebKit/537.36 (KHTML, like Gecko) Chrome/92.0.4515.107 Safari/537.36"
::1 - - [01/Aug/2021:07:56:40 +0000] "GET /assets/common.js HTTP/1.1" 304 - "https://localhost/tablemonitor" "Mozilla/5.0 (Windows NT 10.0; Win64; x64) AppleWebKit/537.36 (KHTML, like Gecko) Chrome/92.0.4515.107 Safari/537.36"
::1 - - [01/Aug/2021:07:56:40 +0000] "GET /assets/routeclas.js HTTP/1.1" 304 - "https://localhost/tablemonitor" "Mozilla/5.0 (Windows NT 10.0; Win64; x64) AppleWebKit/537.36 (KHTML, like Gecko) Chrome/92.0.4515.107 Safari/537.36"
::1 - - [01/Aug/2021:07:56:40 +0000] "GET /vendors/chosen/chosen.jquery.min.js HTTP/1.1" 304 - "https://localhost/tablemonitor" "Mozilla/5.0 (Windows NT 10.0; Win64; x64) AppleWebKit/537.36 (KHTML, like Gecko) Chrome/92.0.4515.107 Safari/537.36"
::1 - - [01/Aug/2021:07:56:40 +0000] "GET /assets/app.js HTTP/1.1" 304 - "https://localhost/tablemonitor" "Mozilla/5.0 (Windows NT 10.0; Win64; x64) AppleWebKit/537.36 (KHTML, like Gecko) Chrome/92.0.4515.107 Safari/537.36"
::1 - - [01/Aug/2021:07:56:40 +0000] "GET /images/logo2.png HTTP/1.1" 304 - "https://localhost/tablemonitor" "Mozilla/5.0 (Windows NT 10.0; Win64; x64) AppleWebKit/537.36 (KHTML, like Gecko) Chrome/92.0.4515.107 Safari/537.36"
::1 - - [01/Aug/2021:07:56:41 +0000] "GET /images/manager-it.jpg HTTP/1.1" 304 - "https://localhost/tablemonitor" "Mozilla/5.0 (Windows NT 10.0; Win64; x64) AppleWebKit/537.36 (KHTML, like Gecko) Chrome/92.0.4515.107 Safari/537.36"
::1 - - [01/Aug/2021:07:56:41 +0000] "POST /sendincoming HTTP/1.1" 200 358 "https://localhost/tablemonitor" "Mozilla/5.0 (Windows NT 10.0; Win64; x64) AppleWebKit/537.36 (KHTML, like Gecko) Chrome/92.0.4515.107 Safari/537.36"
::1 - - [01/Aug/2021:07:56:41 +0000] "GET /drive/No%20Pending%20Files.pdf HTTP/1.1" 200 175209 "https://localhost/tablemonitor" "Mozilla/5.0 (Windows NT 10.0; Win64; x64) AppleWebKit/537.36 (KHTML, like Gecko) Chrome/92.0.4515.107 Safari/537.36"
::1 - - [01/Aug/2021:07:56:41 +0000] "GET /drive/No%20Pending%20Files.pdf HTTP/1.1" 200 175209 "https://localhost/tablemonitor" "Mozilla/5.0 (Windows NT 10.0; Win64; x64) AppleWebKit/537.36 (KHTML, like Gecko) Chrome/92.0.4515.107 Safari/537.36"
::1 - - [01/Aug/2021:07:56:41 +0000] "GET /images/noti.wav HTTP/1.1" 206 273140 "https://localhost/tablemonitor" "Mozilla/5.0 (Windows NT 10.0; Win64; x64) AppleWebKit/537.36 (KHTML, like Gecko) Chrome/92.0.4515.107 Safari/537.36"
::1 - - [01/Aug/2021:07:56:41 +0000] "GET /drive/No%20Pending%20Files.pdf HTTP/1.1" 206 65536 "https://localhost/tablemonitor" "Mozilla/5.0 (Windows NT 10.0; Win64; x64) AppleWebKit/537.36 (KHTML, like Gecko) Chrome/92.0.4515.107 Safari/537.36"
::1 - - [01/Aug/2021:07:56:41 +0000] "GET /drive/No%20Pending%20Files.pdf HTTP/1.1" 206 65536 "https://localhost/tablemonitor" "Mozilla/5.0 (Windows NT 10.0; Win64; x64) AppleWebKit/537.36 (KHTML, like Gecko) Chrome/92.0.4515.107 Safari/537.36"
::1 - - [01/Aug/2021:07:56:41 +0000] "GET /images/noti.wav HTTP/1.1" 206 10996 "https://localhost/tablemonitor" "Mozilla/5.0 (Windows NT 10.0; Win64; x64) AppleWebKit/537.36 (KHTML, like Gecko) Chrome/92.0.4515.107 Safari/537.36"
::1 - - [01/Aug/2021:07:56:41 +0000] "GET /images/noti.wav HTTP/1.1" 206 207604 "https://localhost/tablemonitor" "Mozilla/5.0 (Windows NT 10.0; Win64; x64) AppleWebKit/537.36 (KHTML, like Gecko) Chrome/92.0.4515.107 Safari/537.36"
::1 - - [01/Aug/2021:07:57:02 +0000] "POST /sendincoming HTTP/1.1" 200 358 "https://localhost/tablemonitor" "Mozilla/5.0 (Windows NT 10.0; Win64; x64) AppleWebKit/537.36 (KHTML, like Gecko) Chrome/92.0.4515.107 Safari/537.36"
::1 - - [01/Aug/2021:07:57:21 +0000] "POST /sendincoming HTTP/1.1" 200 358 "https://localhost/tablemonitor" "Mozilla/5.0 (Windows NT 10.0; Win64; x64) AppleWebKit/537.36 (KHTML, like Gecko) Chrome/92.0.4515.107 Safari/537.36"
::1 - - [01/Aug/2021:07:57:32 +0000] "GET /chartmonitor HTTP/1.1" 200 62112 "https://localhost/tablemonitor" "Mozilla/5.0 (Windows NT 10.0; Win64; x64) AppleWebKit/537.36 (KHTML, like Gecko) Chrome/92.0.4515.107 Safari/537.36"
::1 - - [01/Aug/2021:07:57:32 +0000] "GET /vendors/bootstrap/dist/css/bootstrap.css HTTP/1.1" 200 197172 "https://localhost/chartmonitor" "Mozilla/5.0 (Windows NT 10.0; Win64; x64) AppleWebKit/537.36 (KHTML, like Gecko) Chrome/92.0.4515.107 Safari/537.36"
::1 - - [01/Aug/2021:07:57:32 +0000] "GET /vendors/themify-icons/css/themify-icons.css HTTP/1.1" 200 16403 "https://localhost/chartmonitor" "Mozilla/5.0 (Windows NT 10.0; Win64; x64) AppleWebKit/537.36 (KHTML, like Gecko) Chrome/92.0.4515.107 Safari/537.36"
::1 - - [01/Aug/2021:07:57:32 +0000] "GET /vendors/bootstrap/dist/css/select2.css HTTP/1.1" 200 17358 "https://localhost/chartmonitor" "Mozilla/5.0 (Windows NT 10.0; Win64; x64) AppleWebKit/537.36 (KHTML, like Gecko) Chrome/92.0.4515.107 Safari/537.36"
::1 - - [01/Aug/2021:07:57:32 +0000] "GET /vendors/bootstrap/dist/css/font.css HTTP/1.1" 200 4547 "https://localhost/chartmonitor" "Mozilla/5.0 (Windows NT 10.0; Win64; x64) AppleWebKit/537.36 (KHTML, like Gecko) Chrome/92.0.4515.107 Safari/537.36"
::1 - - [01/Aug/2021:07:57:32 +0000] "GET /vendors/chosen/chosen.min.css HTTP/1.1" 200 10220 "https://localhost/chartmonitor" "Mozilla/5.0 (Windows NT 10.0; Win64; x64) AppleWebKit/537.36 (KHTML, like Gecko) Chrome/92.0.4515.107 Safari/537.36"
::1 - - [01/Aug/2021:07:57:32 +0000] "GET /vendors/bootstrap/dist/css/side.css HTTP/1.1" 200 2514 "https://localhost/chartmonitor" "Mozilla/5.0 (Windows NT 10.0; Win64; x64) AppleWebKit/537.36 (KHTML, like Gecko) Chrome/92.0.4515.107 Safari/537.36"
::1 - - [01/Aug/2021:07:57:32 +0000] "GET /assets/css/style.css HTTP/1.1" 200 138026 "https://localhost/chartmonitor" "Mozilla/5.0 (Windows NT 10.0; Win64; x64) AppleWebKit/537.36 (KHTML, like Gecko) Chrome/92.0.4515.107 Safari/537.36"
::1 - - [01/Aug/2021:07:57:32 +0000] "GET /vendors/bootstrap/dist/css/file-explore.css HTTP/1.1" 200 1194 "https://localhost/chartmonitor" "Mozilla/5.0 (Windows NT 10.0; Win64; x64) AppleWebKit/537.36 (KHTML, like Gecko) Chrome/92.0.4515.107 Safari/537.36"
::1 - - [01/Aug/2021:07:57:32 +0000] "GET /vendors/bootstrap/dist/css/jquerysctipttop.css HTTP/1.1" 200 1427 "https://localhost/chartmonitor" "Mozilla/5.0 (Windows NT 10.0; Win64; x64) AppleWebKit/537.36 (KHTML, like Gecko) Chrome/92.0.4515.107 Safari/537.36"
::1 - - [01/Aug/2021:07:57:32 +0000] "GET /vendors/bootstrap/dist/css/newPDF.css HTTP/1.1" 200 810 "https://localhost/chartmonitor" "Mozilla/5.0 (Windows NT 10.0; Win64; x64) AppleWebKit/537.36 (KHTML, like Gecko) Chrome/92.0.4515.107 Safari/537.36"
::1 - - [01/Aug/2021:07:57:32 +0000] "GET /vendors/bootstrap/dist/css/bootstrap-toggle.min.css HTTP/1.1" 200 2722 "https://localhost/chartmonitor" "Mozilla/5.0 (Windows NT 10.0; Win64; x64) AppleWebKit/537.36 (KHTML, like Gecko) Chrome/92.0.4515.107 Safari/537.36"
::1 - - [01/Aug/2021:07:57:32 +0000] "GET /vendors/font-awesome/css/font-awesome.min.css HTTP/1.1" 200 31000 "https://localhost/chartmonitor" "Mozilla/5.0 (Windows NT 10.0; Win64; x64) AppleWebKit/537.36 (KHTML, like Gecko) Chrome/92.0.4515.107 Safari/537.36"
::1 - - [01/Aug/2021:07:57:32 +0000] "GET /assets/hashes.js HTTP/1.1" 304 - "https://localhost/chartmonitor" "Mozilla/5.0 (Windows NT 10.0; Win64; x64) AppleWebKit/537.36 (KHTML, like Gecko) Chrome/92.0.4515.107 Safari/537.36"
::1 - - [01/Aug/2021:07:57:32 +0000] "GET /vendors/flag-icon-css/css/flag-icon.min.css HTTP/1.1" 200 33688 "https://localhost/chartmonitor" "Mozilla/5.0 (Windows NT 10.0; Win64; x64) AppleWebKit/537.36 (KHTML, like Gecko) Chrome/92.0.4515.107 Safari/537.36"
::1 - - [01/Aug/2021:07:57:32 +0000] "GET /vendors/selectFX/css/cs-skin-elastic.css HTTP/1.1" 200 4956 "https://localhost/chartmonitor" "Mozilla/5.0 (Windows NT 10.0; Win64; x64) AppleWebKit/537.36 (KHTML, like Gecko) Chrome/92.0.4515.107 Safari/537.36"
::1 - - [01/Aug/2021:07:57:32 +0000] "GET /vendors/jqvmap/dist/jqvmap.min.css HTTP/1.1" 200 613 "https://localhost/chartmonitor" "Mozilla/5.0 (Windows NT 10.0; Win64; x64) AppleWebKit/537.36 (KHTML, like Gecko) Chrome/92.0.4515.107 Safari/537.36"
::1 - - [01/Aug/2021:07:57:32 +0000] "GET /assets/js/jquery.213.min.js HTTP/1.1" 304 - "https://localhost/chartmonitor" "Mozilla/5.0 (Windows NT 10.0; Win64; x64) AppleWebKit/537.36 (KHTML, like Gecko) Chrome/92.0.4515.107 Safari/537.36"
::1 - - [01/Aug/2021:07:57:32 +0000] "GET /assets/js/pdfobject.min.js HTTP/1.1" 304 - "https://localhost/chartmonitor" "Mozilla/5.0 (Windows NT 10.0; Win64; x64) AppleWebKit/537.36 (KHTML, like Gecko) Chrome/92.0.4515.107 Safari/537.36"
::1 - - [01/Aug/2021:07:57:32 +0000] "GET /vendors/datatables.net-bs4/css/dataTables.bootstrap4.css HTTP/1.1" 200 5800 "https://localhost/chartmonitor" "Mozilla/5.0 (Windows NT 10.0; Win64; x64) AppleWebKit/537.36 (KHTML, like Gecko) Chrome/92.0.4515.107 Safari/537.36"
::1 - - [01/Aug/2021:07:57:32 +0000] "GET /vendors/datatables.net-buttons-bs4/css/buttons.bootstrap4.min.css HTTP/1.1" 200 4163 "https://localhost/chartmonitor" "Mozilla/5.0 (Windows NT 10.0; Win64; x64) AppleWebKit/537.36 (KHTML, like Gecko) Chrome/92.0.4515.107 Safari/537.36"
::1 - - [01/Aug/2021:07:57:32 +0000] "GET /vendors/chart.js/dist/hammer.js HTTP/1.1" 200 20765 "https://localhost/chartmonitor" "Mozilla/5.0 (Windows NT 10.0; Win64; x64) AppleWebKit/537.36 (KHTML, like Gecko) Chrome/92.0.4515.107 Safari/537.36"
::1 - - [01/Aug/2021:07:57:32 +0000] "GET /vendors/font-awesome/fonts/fontawesome-webfont.woff2?v=4.7.0 HTTP/1.1" 304 - "https://localhost/vendors/font-awesome/css/font-awesome.min.css" "Mozilla/5.0 (Windows NT 10.0; Win64; x64) AppleWebKit/537.36 (KHTML, like Gecko) Chrome/92.0.4515.107 Safari/537.36"
::1 - - [01/Aug/2021:07:57:32 +0000] "GET /vendors/chart.js/dist/zoom.js HTTP/1.1" 200 9424 "https://localhost/chartmonitor" "Mozilla/5.0 (Windows NT 10.0; Win64; x64) AppleWebKit/537.36 (KHTML, like Gecko) Chrome/92.0.4515.107 Safari/537.36"
::1 - - [01/Aug/2021:07:57:32 +0000] "GET /vendors/bootstrap/dist/css/font/open-sans-v17-vietnamese_latin-ext_latin_greek-ext_greek_cyrillic-ext_cyrillic-regular.woff2 HTTP/1.1" 304 - "https://localhost/vendors/bootstrap/dist/css/font.css" "Mozilla/5.0 (Windows NT 10.0; Win64; x64) AppleWebKit/537.36 (KHTML, like Gecko) Chrome/92.0.4515.107 Safari/537.36"
::1 - - [01/Aug/2021:07:57:32 +0000] "GET /vendors/chart.js/dist/utils.js HTTP/1.1" 200 3318 "https://localhost/chartmonitor" "Mozilla/5.0 (Windows NT 10.0; Win64; x64) AppleWebKit/537.36 (KHTML, like Gecko) Chrome/92.0.4515.107 Safari/537.36"
::1 - - [01/Aug/2021:07:57:32 +0000] "GET /vendors/bootstrap/dist/css/font/open-sans-v17-vietnamese_latin-ext_latin_greek-ext_greek_cyrillic-ext_cyrillic-700.woff2 HTTP/1.1" 304 - "https://localhost/vendors/bootstrap/dist/css/font.css" "Mozilla/5.0 (Windows NT 10.0; Win64; x64) AppleWebKit/537.36 (KHTML, like Gecko) Chrome/92.0.4515.107 Safari/537.36"
::1 - - [01/Aug/2021:07:57:32 +0000] "GET /images/logo.png HTTP/1.1" 304 - "https://localhost/chartmonitor" "Mozilla/5.0 (Windows NT 10.0; Win64; x64) AppleWebKit/537.36 (KHTML, like Gecko) Chrome/92.0.4515.107 Safari/537.36"
::1 - - [01/Aug/2021:07:57:32 +0000] "GET /images/nelson.jpg HTTP/1.1" 404 156 "https://localhost/chartmonitor" "Mozilla/5.0 (Windows NT 10.0; Win64; x64) AppleWebKit/537.36 (KHTML, like Gecko) Chrome/92.0.4515.107 Safari/537.36"
::1 - - [01/Aug/2021:07:57:32 +0000] "GET /vendors/datatables.net-bs4/js/dataTables.bootstrap4.min.js HTTP/1.1" 304 - "https://localhost/chartmonitor" "Mozilla/5.0 (Windows NT 10.0; Win64; x64) AppleWebKit/537.36 (KHTML, like Gecko) Chrome/92.0.4515.107 Safari/537.36"
::1 - - [01/Aug/2021:07:57:32 +0000] "GET /vendors/datatables.net-buttons/js/dataTables.buttons.min.js HTTP/1.1" 304 - "https://localhost/chartmonitor" "Mozilla/5.0 (Windows NT 10.0; Win64; x64) AppleWebKit/537.36 (KHTML, like Gecko) Chrome/92.0.4515.107 Safari/537.36"
::1 - - [01/Aug/2021:07:57:32 +0000] "GET /vendors/datatables.net-buttons-bs4/js/buttons.bootstrap4.min.js HTTP/1.1" 304 - "https://localhost/chartmonitor" "Mozilla/5.0 (Windows NT 10.0; Win64; x64) AppleWebKit/537.36 (KHTML, like Gecko) Chrome/92.0.4515.107 Safari/537.36"
::1 - - [01/Aug/2021:07:57:32 +0000] "GET /vendors/jszip/dist/jszip.min.js HTTP/1.1" 304 - "https://localhost/chartmonitor" "Mozilla/5.0 (Windows NT 10.0; Win64; x64) AppleWebKit/537.36 (KHTML, like Gecko) Chrome/92.0.4515.107 Safari/537.36"
::1 - - [01/Aug/2021:07:57:32 +0000] "GET /vendors/pdfmake/build/pdfmake.min.js HTTP/1.1" 304 - "https://localhost/chartmonitor" "Mozilla/5.0 (Windows NT 10.0; Win64; x64) AppleWebKit/537.36 (KHTML, like Gecko) Chrome/92.0.4515.107 Safari/537.36"
::1 - - [01/Aug/2021:07:57:32 +0000] "GET /vendors/chart.js/dist/Chart.bundle.js HTTP/1.1" 200 535332 "https://localhost/chartmonitor" "Mozilla/5.0 (Windows NT 10.0; Win64; x64) AppleWebKit/537.36 (KHTML, like Gecko) Chrome/92.0.4515.107 Safari/537.36"
::1 - - [01/Aug/2021:07:57:32 +0000] "GET /vendors/pdfmake/build/vfs_fonts.js HTTP/1.1" 304 - "https://localhost/chartmonitor" "Mozilla/5.0 (Windows NT 10.0; Win64; x64) AppleWebKit/537.36 (KHTML, like Gecko) Chrome/92.0.4515.107 Safari/537.36"
::1 - - [01/Aug/2021:07:57:32 +0000] "GET /vendors/datatables.net-buttons/js/buttons.html5.min.js HTTP/1.1" 304 - "https://localhost/chartmonitor" "Mozilla/5.0 (Windows NT 10.0; Win64; x64) AppleWebKit/537.36 (KHTML, like Gecko) Chrome/92.0.4515.107 Safari/537.36"
::1 - - [01/Aug/2021:07:57:32 +0000] "GET /vendors/datatables.net-buttons/js/buttons.print.min.js HTTP/1.1" 304 - "https://localhost/chartmonitor" "Mozilla/5.0 (Windows NT 10.0; Win64; x64) AppleWebKit/537.36 (KHTML, like Gecko) Chrome/92.0.4515.107 Safari/537.36"
::1 - - [01/Aug/2021:07:57:32 +0000] "GET /vendors/datatables.net-buttons/js/buttons.colVis.min.js HTTP/1.1" 304 - "https://localhost/chartmonitor" "Mozilla/5.0 (Windows NT 10.0; Win64; x64) AppleWebKit/537.36 (KHTML, like Gecko) Chrome/92.0.4515.107 Safari/537.36"
::1 - - [01/Aug/2021:07:57:32 +0000] "GET /vendors/datatables.net/js/jquery.chartTables.js HTTP/1.1" 200 447573 "https://localhost/chartmonitor" "Mozilla/5.0 (Windows NT 10.0; Win64; x64) AppleWebKit/537.36 (KHTML, like Gecko) Chrome/92.0.4515.107 Safari/537.36"
::1 - - [01/Aug/2021:07:57:32 +0000] "GET /vendors/jquery/dist/jquery.min.js HTTP/1.1" 304 - "https://localhost/chartmonitor" "Mozilla/5.0 (Windows NT 10.0; Win64; x64) AppleWebKit/537.36 (KHTML, like Gecko) Chrome/92.0.4515.107 Safari/537.36"
::1 - - [01/Aug/2021:07:57:32 +0000] "GET /vendors/popper.js/dist/umd/popper.min.js HTTP/1.1" 304 - "https://localhost/chartmonitor" "Mozilla/5.0 (Windows NT 10.0; Win64; x64) AppleWebKit/537.36 (KHTML, like Gecko) Chrome/92.0.4515.107 Safari/537.36"
::1 - - [01/Aug/2021:07:57:32 +0000] "GET /vendors/bootstrap/dist/js/bootstrap.min.js HTTP/1.1" 304 - "https://localhost/chartmonitor" "Mozilla/5.0 (Windows NT 10.0; Win64; x64) AppleWebKit/537.36 (KHTML, like Gecko) Chrome/92.0.4515.107 Safari/537.36"
::1 - - [01/Aug/2021:07:57:32 +0000] "GET /assets/js/main.js HTTP/1.1" 304 - "https://localhost/chartmonitor" "Mozilla/5.0 (Windows NT 10.0; Win64; x64) AppleWebKit/537.36 (KHTML, like Gecko) Chrome/92.0.4515.107 Safari/537.36"
::1 - - [01/Aug/2021:07:57:32 +0000] "GET /assets/chartmonitor.js HTTP/1.1" 200 7540 "https://localhost/chartmonitor" "Mozilla/5.0 (Windows NT 10.0; Win64; x64) AppleWebKit/537.36 (KHTML, like Gecko) Chrome/92.0.4515.107 Safari/537.36"
::1 - - [01/Aug/2021:07:57:32 +0000] "GET /vendors/bootstrap/dist/js/select2.min.js HTTP/1.1" 304 - "https://localhost/chartmonitor" "Mozilla/5.0 (Windows NT 10.0; Win64; x64) AppleWebKit/537.36 (KHTML, like Gecko) Chrome/92.0.4515.107 Safari/537.36"
::1 - - [01/Aug/2021:07:57:32 +0000] "GET /assets/js/adapter.min.js HTTP/1.1" 304 - "https://localhost/chartmonitor" "Mozilla/5.0 (Windows NT 10.0; Win64; x64) AppleWebKit/537.36 (KHTML, like Gecko) Chrome/92.0.4515.107 Safari/537.36"
::1 - - [01/Aug/2021:07:57:32 +0000] "GET /assets/js/vue.min.js HTTP/1.1" 304 - "https://localhost/chartmonitor" "Mozilla/5.0 (Windows NT 10.0; Win64; x64) AppleWebKit/537.36 (KHTML, like Gecko) Chrome/92.0.4515.107 Safari/537.36"
::1 - - [01/Aug/2021:07:57:32 +0000] "GET /assets/js/instascan.min.js HTTP/1.1" 304 - "https://localhost/chartmonitor" "Mozilla/5.0 (Windows NT 10.0; Win64; x64) AppleWebKit/537.36 (KHTML, like Gecko) Chrome/92.0.4515.107 Safari/537.36"
::1 - - [01/Aug/2021:07:57:32 +0000] "GET /vendors/bootstrap/dist/js/pdf.min.js HTTP/1.1" 304 - "https://localhost/chartmonitor" "Mozilla/5.0 (Windows NT 10.0; Win64; x64) AppleWebKit/537.36 (KHTML, like Gecko) Chrome/92.0.4515.107 Safari/537.36"
::1 - - [01/Aug/2021:07:57:32 +0000] "GET /vendors/bootstrap/dist/js/pdf.worker.min.js HTTP/1.1" 304 - "https://localhost/chartmonitor" "Mozilla/5.0 (Windows NT 10.0; Win64; x64) AppleWebKit/537.36 (KHTML, like Gecko) Chrome/92.0.4515.107 Safari/537.36"
::1 - - [01/Aug/2021:07:57:32 +0000] "GET /vendors/bootstrap/dist/js/file-explore.js HTTP/1.1" 304 - "https://localhost/chartmonitor" "Mozilla/5.0 (Windows NT 10.0; Win64; x64) AppleWebKit/537.36 (KHTML, like Gecko) Chrome/92.0.4515.107 Safari/537.36"
::1 - - [01/Aug/2021:07:57:32 +0000] "GET /vendors/bootstrap/dist/js/side.js HTTP/1.1" 304 - "https://localhost/chartmonitor" "Mozilla/5.0 (Windows NT 10.0; Win64; x64) AppleWebKit/537.36 (KHTML, like Gecko) Chrome/92.0.4515.107 Safari/537.36"
::1 - - [01/Aug/2021:07:57:32 +0000] "GET /vendors/bootstrap/dist/js/bootstrap-toggle.min.js HTTP/1.1" 304 - "https://localhost/chartmonitor" "Mozilla/5.0 (Windows NT 10.0; Win64; x64) AppleWebKit/537.36 (KHTML, like Gecko) Chrome/92.0.4515.107 Safari/537.36"
::1 - - [01/Aug/2021:07:57:32 +0000] "GET /assets/js/dashboard.js HTTP/1.1" 304 - "https://localhost/chartmonitor" "Mozilla/5.0 (Windows NT 10.0; Win64; x64) AppleWebKit/537.36 (KHTML, like Gecko) Chrome/92.0.4515.107 Safari/537.36"
::1 - - [01/Aug/2021:07:57:32 +0000] "GET /assets/cookie.js HTTP/1.1" 304 - "https://localhost/chartmonitor" "Mozilla/5.0 (Windows NT 10.0; Win64; x64) AppleWebKit/537.36 (KHTML, like Gecko) Chrome/92.0.4515.107 Safari/537.36"
::1 - - [01/Aug/2021:07:57:32 +0000] "GET /assets/modaldoc.js HTTP/1.1" 304 - "https://localhost/chartmonitor" "Mozilla/5.0 (Windows NT 10.0; Win64; x64) AppleWebKit/537.36 (KHTML, like Gecko) Chrome/92.0.4515.107 Safari/537.36"
::1 - - [01/Aug/2021:07:57:32 +0000] "GET /assets/common.js HTTP/1.1" 304 - "https://localhost/chartmonitor" "Mozilla/5.0 (Windows NT 10.0; Win64; x64) AppleWebKit/537.36 (KHTML, like Gecko) Chrome/92.0.4515.107 Safari/537.36"
::1 - - [01/Aug/2021:07:57:32 +0000] "GET /assets/routeclas.js HTTP/1.1" 304 - "https://localhost/chartmonitor" "Mozilla/5.0 (Windows NT 10.0; Win64; x64) AppleWebKit/537.36 (KHTML, like Gecko) Chrome/92.0.4515.107 Safari/537.36"
::1 - - [01/Aug/2021:07:57:32 +0000] "GET /vendors/chosen/chosen.jquery.min.js HTTP/1.1" 304 - "https://localhost/chartmonitor" "Mozilla/5.0 (Windows NT 10.0; Win64; x64) AppleWebKit/537.36 (KHTML, like Gecko) Chrome/92.0.4515.107 Safari/537.36"
::1 - - [01/Aug/2021:07:57:32 +0000] "GET /assets/app.js HTTP/1.1" 304 - "https://localhost/chartmonitor" "Mozilla/5.0 (Windows NT 10.0; Win64; x64) AppleWebKit/537.36 (KHTML, like Gecko) Chrome/92.0.4515.107 Safari/537.36"
::1 - - [01/Aug/2021:07:57:32 +0000] "GET /images/logo2.png HTTP/1.1" 304 - "https://localhost/chartmonitor" "Mozilla/5.0 (Windows NT 10.0; Win64; x64) AppleWebKit/537.36 (KHTML, like Gecko) Chrome/92.0.4515.107 Safari/537.36"
::1 - - [01/Aug/2021:07:57:32 +0000] "POST /chartmonitor HTTP/1.1" 200 1550 "https://localhost/chartmonitor" "Mozilla/5.0 (Windows NT 10.0; Win64; x64) AppleWebKit/537.36 (KHTML, like Gecko) Chrome/92.0.4515.107 Safari/537.36"
::1 - - [01/Aug/2021:07:57:32 +0000] "GET /images/manager-it.jpg HTTP/1.1" 304 - "https://localhost/chartmonitor" "Mozilla/5.0 (Windows NT 10.0; Win64; x64) AppleWebKit/537.36 (KHTML, like Gecko) Chrome/92.0.4515.107 Safari/537.36"
::1 - - [01/Aug/2021:07:57:32 +0000] "POST /sendincoming HTTP/1.1" 200 358 "https://localhost/chartmonitor" "Mozilla/5.0 (Windows NT 10.0; Win64; x64) AppleWebKit/537.36 (KHTML, like Gecko) Chrome/92.0.4515.107 Safari/537.36"
::1 - - [01/Aug/2021:07:57:32 +0000] "GET /drive/No%20Pending%20Files.pdf HTTP/1.1" 200 175209 "https://localhost/chartmonitor" "Mozilla/5.0 (Windows NT 10.0; Win64; x64) AppleWebKit/537.36 (KHTML, like Gecko) Chrome/92.0.4515.107 Safari/537.36"
::1 - - [01/Aug/2021:07:57:32 +0000] "GET /drive/No%20Pending%20Files.pdf HTTP/1.1" 200 175209 "https://localhost/chartmonitor" "Mozilla/5.0 (Windows NT 10.0; Win64; x64) AppleWebKit/537.36 (KHTML, like Gecko) Chrome/92.0.4515.107 Safari/537.36"
::1 - - [01/Aug/2021:07:57:32 +0000] "GET /images/noti.wav HTTP/1.1" 206 273140 "https://localhost/chartmonitor" "Mozilla/5.0 (Windows NT 10.0; Win64; x64) AppleWebKit/537.36 (KHTML, like Gecko) Chrome/92.0.4515.107 Safari/537.36"
::1 - - [01/Aug/2021:07:57:32 +0000] "GET /drive/No%20Pending%20Files.pdf HTTP/1.1" 206 65536 "https://localhost/chartmonitor" "Mozilla/5.0 (Windows NT 10.0; Win64; x64) AppleWebKit/537.36 (KHTML, like Gecko) Chrome/92.0.4515.107 Safari/537.36"
::1 - - [01/Aug/2021:07:57:32 +0000] "GET /drive/No%20Pending%20Files.pdf HTTP/1.1" 206 65536 "https://localhost/chartmonitor" "Mozilla/5.0 (Windows NT 10.0; Win64; x64) AppleWebKit/537.36 (KHTML, like Gecko) Chrome/92.0.4515.107 Safari/537.36"
::1 - - [01/Aug/2021:07:57:32 +0000] "GET /images/noti.wav HTTP/1.1" 206 10996 "https://localhost/chartmonitor" "Mozilla/5.0 (Windows NT 10.0; Win64; x64) AppleWebKit/537.36 (KHTML, like Gecko) Chrome/92.0.4515.107 Safari/537.36"
::1 - - [01/Aug/2021:07:57:32 +0000] "GET /images/noti.wav HTTP/1.1" 206 207604 "https://localhost/chartmonitor" "Mozilla/5.0 (Windows NT 10.0; Win64; x64) AppleWebKit/537.36 (KHTML, like Gecko) Chrome/92.0.4515.107 Safari/537.36"
::1 - - [01/Aug/2021:07:57:53 +0000] "POST /sendincoming HTTP/1.1" 200 358 "https://localhost/chartmonitor" "Mozilla/5.0 (Windows NT 10.0; Win64; x64) AppleWebKit/537.36 (KHTML, like Gecko) Chrome/92.0.4515.107 Safari/537.36"
::1 - - [01/Aug/2021:07:58:13 +0000] "POST /sendincoming HTTP/1.1" 200 358 "https://localhost/chartmonitor" "Mozilla/5.0 (Windows NT 10.0; Win64; x64) AppleWebKit/537.36 (KHTML, like Gecko) Chrome/92.0.4515.107 Safari/537.36"
::1 - - [01/Aug/2021:07:58:33 +0000] "POST /sendincoming HTTP/1.1" 200 358 "https://localhost/chartmonitor" "Mozilla/5.0 (Windows NT 10.0; Win64; x64) AppleWebKit/537.36 (KHTML, like Gecko) Chrome/92.0.4515.107 Safari/537.36"
::1 - - [01/Aug/2021:07:58:53 +0000] "POST /sendincoming HTTP/1.1" 200 358 "https://localhost/chartmonitor" "Mozilla/5.0 (Windows NT 10.0; Win64; x64) AppleWebKit/537.36 (KHTML, like Gecko) Chrome/92.0.4515.107 Safari/537.36"
::1 - - [01/Aug/2021:07:59:13 +0000] "POST /sendincoming HTTP/1.1" 200 358 "https://localhost/chartmonitor" "Mozilla/5.0 (Windows NT 10.0; Win64; x64) AppleWebKit/537.36 (KHTML, like Gecko) Chrome/92.0.4515.107 Safari/537.36"
::1 - - [01/Aug/2021:07:59:33 +0000] "POST /sendincoming HTTP/1.1" 200 358 "https://localhost/chartmonitor" "Mozilla/5.0 (Windows NT 10.0; Win64; x64) AppleWebKit/537.36 (KHTML, like Gecko) Chrome/92.0.4515.107 Safari/537.36"
::1 - - [01/Aug/2021:07:59:53 +0000] "POST /sendincoming HTTP/1.1" 200 358 "https://localhost/chartmonitor" "Mozilla/5.0 (Windows NT 10.0; Win64; x64) AppleWebKit/537.36 (KHTML, like Gecko) Chrome/92.0.4515.107 Safari/537.36"
::1 - - [01/Aug/2021:08:00:13 +0000] "POST /sendincoming HTTP/1.1" 200 358 "https://localhost/chartmonitor" "Mozilla/5.0 (Windows NT 10.0; Win64; x64) AppleWebKit/537.36 (KHTML, like Gecko) Chrome/92.0.4515.107 Safari/537.36"
::1 - - [01/Aug/2021:08:00:33 +0000] "POST /sendincoming HTTP/1.1" 200 358 "https://localhost/chartmonitor" "Mozilla/5.0 (Windows NT 10.0; Win64; x64) AppleWebKit/537.36 (KHTML, like Gecko) Chrome/92.0.4515.107 Safari/537.36"
::1 - - [01/Aug/2021:08:00:53 +0000] "POST /sendincoming HTTP/1.1" 200 358 "https://localhost/chartmonitor" "Mozilla/5.0 (Windows NT 10.0; Win64; x64) AppleWebKit/537.36 (KHTML, like Gecko) Chrome/92.0.4515.107 Safari/537.36"
::1 - - [01/Aug/2021:08:01:13 +0000] "POST /sendincoming HTTP/1.1" 200 358 "https://localhost/chartmonitor" "Mozilla/5.0 (Windows NT 10.0; Win64; x64) AppleWebKit/537.36 (KHTML, like Gecko) Chrome/92.0.4515.107 Safari/537.36"
::1 - - [01/Aug/2021:08:01:33 +0000] "POST /sendincoming HTTP/1.1" 200 358 "https://localhost/chartmonitor" "Mozilla/5.0 (Windows NT 10.0; Win64; x64) AppleWebKit/537.36 (KHTML, like Gecko) Chrome/92.0.4515.107 Safari/537.36"
::1 - - [01/Aug/2021:08:01:53 +0000] "POST /sendincoming HTTP/1.1" 200 358 "https://localhost/chartmonitor" "Mozilla/5.0 (Windows NT 10.0; Win64; x64) AppleWebKit/537.36 (KHTML, like Gecko) Chrome/92.0.4515.107 Safari/537.36"
