Cannot read property 'fileroute' of undefined
TypeError: Cannot read property 'fileroute' of undefined
    at dbhandle.monitorFindFile (/edokyu/controllers/dasincoming.js:266:59)
    at /edokyu/controllers/dbhandle.js:220:5
    at /edokyu/node_modules/mongoose/lib/model.js:4827:16
    at /edokyu/node_modules/mongoose/lib/query.js:4390:12
    at process.nextTick (/edokyu/node_modules/mongoose/lib/query.js:2869:28)
    at process._tickCallback (internal/process/next_tick.js:61:11)
SON is not defined
ReferenceError: SON is not defined
    at /edokyu/controllers/dasincoming.js:164:35
    at /edokyu/controllers/monitoring.js:171:14
    at /edokyu/controllers/dbhandle.js:220:5
    at /edokyu/node_modules/mongoose/lib/model.js:4827:16
    at /edokyu/node_modules/mongoose/lib/query.js:4390:12
    at process.nextTick (/edokyu/node_modules/mongoose/lib/query.js:2869:28)
    at process._tickCallback (internal/process/next_tick.js:61:11)
sorArr is not defined
ReferenceError: sorArr is not defined
    at /edokyu/controllers/dasincoming.js:157:29
    at FSReqWrap.args [as oncomplete] (fs.js:140:20)
sortArr.asyncForEach is not a function
TypeError: sortArr.asyncForEach is not a function
    at /edokyu/controllers/dasincoming.js:159:25
    at FSReqWrap.args [as oncomplete] (fs.js:140:20)
Cannot set headers after they are sent to the client
Error [ERR_HTTP_HEADERS_SENT]: Cannot set headers after they are sent to the client
    at ServerResponse.setHeader (_http_outgoing.js:470:11)
    at ServerResponse.header (/edokyu/node_modules/express/lib/response.js:771:10)
    at ServerResponse.send (/edokyu/node_modules/express/lib/response.js:170:12)
    at ServerResponse.json (/edokyu/node_modules/express/lib/response.js:267:15)
    at sortArr.forEach (/edokyu/controllers/dasincoming.js:171:23)
    at Array.forEach (<anonymous>)
    at /edokyu/controllers/dasincoming.js:159:25
    at FSReqWrap.args [as oncomplete] (fs.js:140:20)
itemnew is not defined
ReferenceError: itemnew is not defined
    at /edokyu/controllers/dasincoming.js:164:56
    at /edokyu/controllers/monitoring.js:173:12
    at /edokyu/controllers/dbhandle.js:220:5
    at /edokyu/node_modules/mongoose/lib/model.js:4827:16
    at /edokyu/node_modules/mongoose/lib/query.js:4390:12
    at model.Query.Query._completeOne (/edokyu/node_modules/mongoose/lib/query.js:2074:12)
    at Immediate.Query.base.findOne.call (/edokyu/node_modules/mongoose/lib/query.js:2136:10)
    at Immediate.<anonymous> (/edokyu/node_modules/mquery/lib/utils.js:116:16)
    at runCallback (timers.js:705:18)
    at tryOnImmediate (timers.js:676:5)
    at processImmediate (timers.js:658:5)
    at process.topLevelDomainCallback (domain.js:126:23)
item1 is not defined
ReferenceError: item1 is not defined
    at /edokyu/controllers/dasincoming.js:161:63
    at /edokyu/controllers/monitoring.js:170:85
    at /edokyu/controllers/dbhandle.js:220:5
    at /edokyu/node_modules/mongoose/lib/model.js:4827:16
    at /edokyu/node_modules/mongoose/lib/query.js:4390:12
    at process.nextTick (/edokyu/node_modules/mongoose/lib/query.js:2869:28)
    at process._tickCallback (internal/process/next_tick.js:61:11)
Cannot read property 'level' of null
TypeError: Cannot read property 'level' of null
    at /edokyu/controllers/dassysadmin.js:322:19
    at /edokyu/controllers/dbhandle.js:524:7
    at /edokyu/node_modules/mongoose/lib/model.js:4827:16
    at /edokyu/node_modules/mongoose/lib/query.js:4390:12
    at model.Query.Query._completeOne (/edokyu/node_modules/mongoose/lib/query.js:2074:12)
    at Immediate.Query.base.findOne.call (/edokyu/node_modules/mongoose/lib/query.js:2136:10)
    at Immediate.<anonymous> (/edokyu/node_modules/mquery/lib/utils.js:116:16)
    at runCallback (timers.js:705:18)
    at tryOnImmediate (timers.js:676:5)
    at processImmediate (timers.js:658:5)
    at process.topLevelDomainCallback (domain.js:126:23)
disBranch.toUpperCase is not a function
TypeError: disBranch.toUpperCase is not a function
    at /edokyu/controllers/monitoring.js:35:105
    at /edokyu/controllers/dbhandle.js:230:5
    at /edokyu/node_modules/mongoose/lib/model.js:4827:16
    at /edokyu/node_modules/mongoose/lib/query.js:4390:12
    at model.Query.Query._completeOne (/edokyu/node_modules/mongoose/lib/query.js:2074:12)
    at Immediate.Query.base.findOne.call (/edokyu/node_modules/mongoose/lib/query.js:2136:10)
    at Immediate.<anonymous> (/edokyu/node_modules/mquery/lib/utils.js:116:16)
    at runCallback (timers.js:705:18)
    at tryOnImmediate (timers.js:676:5)
    at processImmediate (timers.js:658:5)
    at process.topLevelDomainCallback (domain.js:126:23)
EISDIR: illegal operation on a directory, read
Error: EISDIR: illegal operation on a directory, read
    at Object.readSync (fs.js:498:3)
    at tryReadSync (fs.js:332:20)
    at Object.readFileSync (fs.js:369:19)
    at Object.exports.convDoctoPDF (/edokyu/controllers/dochandle.js:11:25)
    at dbhandle.monitorFindFile (/edokyu/controllers/dasfileoperation.js:318:29)
    at /edokyu/controllers/dbhandle.js:230:5
    at /edokyu/node_modules/mongoose/lib/model.js:4827:16
    at /edokyu/node_modules/mongoose/lib/query.js:4390:12
    at model.Query.Query._completeOne (/edokyu/node_modules/mongoose/lib/query.js:2074:12)
    at Immediate.Query.base.findOne.call (/edokyu/node_modules/mongoose/lib/query.js:2136:10)
    at Immediate.<anonymous> (/edokyu/node_modules/mquery/lib/utils.js:116:16)
    at runCallback (timers.js:705:18)
    at tryOnImmediate (timers.js:676:5)
    at processImmediate (timers.js:658:5)
    at process.topLevelDomainCallback (domain.js:126:23)
